<?xml version="1.0" encoding="UTF-8"?>
<testsuite name="me.lsh.javacrawler.domain.skill.SkillParserTest" tests="5" skipped="0" failures="0" errors="0" timestamp="2023-06-03T17:26:55" hostname="DESKTOP-0OQVVMP" time="0.095">
  <properties/>
  <testcase name="url_파싱()" classname="me.lsh.javacrawler.domain.skill.SkillParserTest" time="0.004"/>
  <testcase name="이메일_파싱()" classname="me.lsh.javacrawler.domain.skill.SkillParserTest" time="0.002"/>
  <testcase name="스킬_파싱()" classname="me.lsh.javacrawler.domain.skill.SkillParserTest" time="0.002"/>
  <testcase name="[1] content=▪ 지원자격- 대학교 재학중인 학부생 또는 대학원생 (개인 또는 팀)▪ 접수방법- 대회 홈페이지 (https://bit.ly/3UQZJ3p)▪ 출품규격- 예선: MATLAB을 활용한 AI모델 개요 제출- 본선: 예선을 통과한 AI 모델에 대한 동영상 제출* 예선 통과 후 본선에서 동영상을 제출한 모든 팀에 커피 기프티콘을 제공합니다., expected=[AI, MATLAB]" classname="me.lsh.javacrawler.domain.skill.SkillParserTest" time="0.043"/>
  <testcase name="[2] content=○ 교육내용 : &#10;- DB(오라클), 파이썬, Django, 빅데이터 분석 알고리즘, &#10;AI 머신러닝 알고리즘, AWS, 도커, 쿠버네티스, MSA, &#10;기본역량프로젝트, 핵심역량프로젝트, 실무역량프로젝트 등&#10;(수료후 진로 : Full-Stack개발자, AI서비스 개발자, 빅데이터 분석 개발자, 클라우드 서비스 개발자, expected=[ORACLE, PYTHON, DJANGO, AI, CLOUD, DOCKER, KUBERNETES, MSA]" classname="me.lsh.javacrawler.domain.skill.SkillParserTest" time="0.002"/>
  <system-out><![CDATA[2023-06-04 02:26:55.108  INFO 55140 --- [    Test worker] .b.t.c.SpringBootTestContextBootstrapper : Neither @ContextConfiguration nor @ContextHierarchy found for test class [me.lsh.javacrawler.domain.skill.SkillParserTest], using SpringBootContextLoader
2023-06-04 02:26:55.109  INFO 55140 --- [    Test worker] o.s.t.c.support.AbstractContextLoader    : Could not detect default resource locations for test class [me.lsh.javacrawler.domain.skill.SkillParserTest]: no resource found for suffixes {-context.xml, Context.groovy}.
2023-06-04 02:26:55.114  INFO 55140 --- [    Test worker] .b.t.c.SpringBootTestContextBootstrapper : Loaded default TestExecutionListener class names from location [META-INF/spring.factories]: [org.springframework.boot.test.autoconfigure.restdocs.RestDocsTestExecutionListener, org.springframework.boot.test.autoconfigure.web.client.MockRestServiceServerResetTestExecutionListener, org.springframework.boot.test.autoconfigure.web.servlet.MockMvcPrintOnlyOnFailureTestExecutionListener, org.springframework.boot.test.autoconfigure.web.servlet.WebDriverTestExecutionListener, org.springframework.boot.test.autoconfigure.webservices.client.MockWebServiceServerTestExecutionListener, org.springframework.boot.test.mock.mockito.MockitoTestExecutionListener, org.springframework.boot.test.mock.mockito.ResetMocksTestExecutionListener, org.springframework.test.context.web.ServletTestExecutionListener, org.springframework.test.context.support.DirtiesContextBeforeModesTestExecutionListener, org.springframework.test.context.event.ApplicationEventsTestExecutionListener, org.springframework.test.context.support.DependencyInjectionTestExecutionListener, org.springframework.test.context.support.DirtiesContextTestExecutionListener, org.springframework.test.context.transaction.TransactionalTestExecutionListener, org.springframework.test.context.jdbc.SqlScriptsTestExecutionListener, org.springframework.test.context.event.EventPublishingTestExecutionListener]
2023-06-04 02:26:55.115  INFO 55140 --- [    Test worker] .b.t.c.SpringBootTestContextBootstrapper : Using TestExecutionListeners: [org.springframework.test.context.web.ServletTestExecutionListener@7e3e1b7b, org.springframework.test.context.support.DirtiesContextBeforeModesTestExecutionListener@3fd9c5db, org.springframework.test.context.event.ApplicationEventsTestExecutionListener@a256322, org.springframework.boot.test.mock.mockito.MockitoTestExecutionListener@6860341b, org.springframework.boot.test.autoconfigure.SpringBootDependencyInjectionTestExecutionListener@668b1faf, org.springframework.test.context.support.DirtiesContextTestExecutionListener@170df9b8, org.springframework.test.context.transaction.TransactionalTestExecutionListener@3610b408, org.springframework.test.context.jdbc.SqlScriptsTestExecutionListener@5fb99e3d, org.springframework.test.context.event.EventPublishingTestExecutionListener@61f18402, org.springframework.boot.test.autoconfigure.restdocs.RestDocsTestExecutionListener@194971bd, org.springframework.boot.test.autoconfigure.web.client.MockRestServiceServerResetTestExecutionListener@2a4a3668, org.springframework.boot.test.autoconfigure.web.servlet.MockMvcPrintOnlyOnFailureTestExecutionListener@39911d6a, org.springframework.boot.test.autoconfigure.web.servlet.WebDriverTestExecutionListener@54ad5fce, org.springframework.boot.test.autoconfigure.webservices.client.MockWebServiceServerTestExecutionListener@63b187f, org.springframework.boot.test.mock.mockito.ResetMocksTestExecutionListener@7d3987a6]

  .   ____          _            __ _ _
 /\\ / ___'_ __ _ _(_)_ __  __ _ \ \ \ \
( ( )\___ | '_ | '_| | '_ \/ _` | \ \ \ \
 \\/  ___)| |_)| | | | | || (_| |  ) ) ) )
  '  |____| .__|_| |_|_| |_\__, | / / / /
 =========|_|==============|___/=/_/_/_/
 :: Spring Boot ::               (v2.7.11)

2023-06-04 02:26:55.160  INFO 55140 --- [    Test worker] m.l.j.domain.skill.SkillParserTest       : Starting SkillParserTest using Java 11.0.18 on DESKTOP-0OQVVMP with PID 55140 (started by tls1998 in C:\Users\lsh90\IdeaProjects\java-crawler)
2023-06-04 02:26:55.160  INFO 55140 --- [    Test worker] m.l.j.domain.skill.SkillParserTest       : The following 2 profiles are active: "oauth", "test"
2023-06-04 02:26:55.189  INFO 55140 --- [    Test worker] m.l.j.domain.skill.SkillParserTest       : Started SkillParserTest in 0.071 seconds (JVM running for 18.906)
2023-06-04 02:26:55.194  INFO 55140 --- [    Test worker] m.l.j.d.parser.skill.RegexSkillParser    : 파싱된 기술 집합 = [] / 기술 개수 = 0
2023-06-04 02:26:55.199  INFO 55140 --- [    Test worker] m.l.j.d.parser.skill.RegexSkillParser    : 파싱된 기술 집합 = [] / 기술 개수 = 0
2023-06-04 02:26:55.201  INFO 55140 --- [    Test worker] m.l.j.d.parser.skill.RegexSkillParser    : 파싱된 기술 집합 = [AI, BLOCK_CHAIN, LOT] / 기술 개수 = 3
2023-06-04 02:26:55.280  INFO 55140 --- [    Test worker] m.l.j.d.parser.skill.RegexSkillParser    : 파싱된 기술 집합 = [AI, MATLAB] / 기술 개수 = 2
2023-06-04 02:26:55.286  INFO 55140 --- [    Test worker] m.l.j.d.parser.skill.RegexSkillParser    : 파싱된 기술 집합 = [AI, KUBERNETES, CLOUD, ORACLE, DJANGO, DOCKER, FULLSTACK, PYTHON, MSA] / 기술 개수 = 9
]]></system-out>
  <system-err><![CDATA[]]></system-err>
</testsuite>
