<?xml version="1.0" encoding="UTF-8"?>
<testsuite name="me.lsh.javacrawler.crawler.moim.MoimCrawlerTest" tests="1" skipped="0" failures="0" errors="0" timestamp="2023-06-03T17:26:52" hostname="DESKTOP-0OQVVMP" time="0.002">
  <properties/>
  <testcase name="이벤트_크롤링_테스트()" classname="me.lsh.javacrawler.crawler.moim.MoimCrawlerTest" time="0.002"/>
  <system-out><![CDATA[2023-06-04 02:26:52.728  INFO 55140 --- [    Test worker] .b.t.c.SpringBootTestContextBootstrapper : Neither @ContextConfiguration nor @ContextHierarchy found for test class [me.lsh.javacrawler.crawler.moim.MoimCrawlerTest], using SpringBootContextLoader
2023-06-04 02:26:52.729  INFO 55140 --- [    Test worker] o.s.t.c.support.AbstractContextLoader    : Could not detect default resource locations for test class [me.lsh.javacrawler.crawler.moim.MoimCrawlerTest]: no resource found for suffixes {-context.xml, Context.groovy}.
2023-06-04 02:26:52.729  INFO 55140 --- [    Test worker] t.c.s.AnnotationConfigContextLoaderUtils : Could not detect default configuration classes for test class [me.lsh.javacrawler.crawler.moim.MoimCrawlerTest]: MoimCrawlerTest does not declare any static, non-private, non-final, nested classes annotated with @Configuration.
2023-06-04 02:26:52.737  INFO 55140 --- [    Test worker] .b.t.c.SpringBootTestContextBootstrapper : Found @SpringBootConfiguration me.lsh.javacrawler.JavaCrawlerApplication for test class me.lsh.javacrawler.crawler.moim.MoimCrawlerTest
2023-06-04 02:26:52.740  INFO 55140 --- [    Test worker] .b.t.c.SpringBootTestContextBootstrapper : Loaded default TestExecutionListener class names from location [META-INF/spring.factories]: [org.springframework.boot.test.autoconfigure.restdocs.RestDocsTestExecutionListener, org.springframework.boot.test.autoconfigure.web.client.MockRestServiceServerResetTestExecutionListener, org.springframework.boot.test.autoconfigure.web.servlet.MockMvcPrintOnlyOnFailureTestExecutionListener, org.springframework.boot.test.autoconfigure.web.servlet.WebDriverTestExecutionListener, org.springframework.boot.test.autoconfigure.webservices.client.MockWebServiceServerTestExecutionListener, org.springframework.boot.test.mock.mockito.MockitoTestExecutionListener, org.springframework.boot.test.mock.mockito.ResetMocksTestExecutionListener, org.springframework.test.context.web.ServletTestExecutionListener, org.springframework.test.context.support.DirtiesContextBeforeModesTestExecutionListener, org.springframework.test.context.event.ApplicationEventsTestExecutionListener, org.springframework.test.context.support.DependencyInjectionTestExecutionListener, org.springframework.test.context.support.DirtiesContextTestExecutionListener, org.springframework.test.context.transaction.TransactionalTestExecutionListener, org.springframework.test.context.jdbc.SqlScriptsTestExecutionListener, org.springframework.test.context.event.EventPublishingTestExecutionListener]
2023-06-04 02:26:52.740  INFO 55140 --- [    Test worker] .b.t.c.SpringBootTestContextBootstrapper : Using TestExecutionListeners: [org.springframework.test.context.web.ServletTestExecutionListener@7f2c0470, org.springframework.test.context.support.DirtiesContextBeforeModesTestExecutionListener@992f314, org.springframework.test.context.event.ApplicationEventsTestExecutionListener@5bf963a, org.springframework.boot.test.mock.mockito.MockitoTestExecutionListener@2a38b5c7, org.springframework.boot.test.autoconfigure.SpringBootDependencyInjectionTestExecutionListener@35283b74, org.springframework.test.context.support.DirtiesContextTestExecutionListener@2bbc6496, org.springframework.test.context.transaction.TransactionalTestExecutionListener@52cb399d, org.springframework.test.context.jdbc.SqlScriptsTestExecutionListener@3db2388e, org.springframework.test.context.event.EventPublishingTestExecutionListener@493557d7, org.springframework.boot.test.autoconfigure.restdocs.RestDocsTestExecutionListener@1e512b3, org.springframework.boot.test.autoconfigure.web.client.MockRestServiceServerResetTestExecutionListener@a69c4c3, org.springframework.boot.test.autoconfigure.web.servlet.MockMvcPrintOnlyOnFailureTestExecutionListener@26b3eb48, org.springframework.boot.test.autoconfigure.web.servlet.WebDriverTestExecutionListener@45db8ba6, org.springframework.boot.test.autoconfigure.webservices.client.MockWebServiceServerTestExecutionListener@6c826924, org.springframework.boot.test.mock.mockito.ResetMocksTestExecutionListener@2809e7ab]
]]></system-out>
  <system-err><![CDATA[]]></system-err>
</testsuite>
