<?xml version="1.0" encoding="UTF-8"?>
<testsuite name="me.lsh.javacrawler.crawler.moim.MoimCrawlerTest" tests="1" skipped="0" failures="0" errors="0" timestamp="2023-06-03T20:59:17" hostname="DESKTOP-0OQVVMP" time="0.002">
  <properties/>
  <testcase name="이벤트_크롤링_테스트()" classname="me.lsh.javacrawler.crawler.moim.MoimCrawlerTest" time="0.002"/>
  <system-out><![CDATA[2023-06-04 05:59:17.619  INFO 60544 --- [    Test worker] .b.t.c.SpringBootTestContextBootstrapper : Neither @ContextConfiguration nor @ContextHierarchy found for test class [me.lsh.javacrawler.crawler.moim.MoimCrawlerTest], using SpringBootContextLoader
2023-06-04 05:59:17.621  INFO 60544 --- [    Test worker] o.s.t.c.support.AbstractContextLoader    : Could not detect default resource locations for test class [me.lsh.javacrawler.crawler.moim.MoimCrawlerTest]: no resource found for suffixes {-context.xml, Context.groovy}.
2023-06-04 05:59:17.621  INFO 60544 --- [    Test worker] t.c.s.AnnotationConfigContextLoaderUtils : Could not detect default configuration classes for test class [me.lsh.javacrawler.crawler.moim.MoimCrawlerTest]: MoimCrawlerTest does not declare any static, non-private, non-final, nested classes annotated with @Configuration.
2023-06-04 05:59:17.629  INFO 60544 --- [    Test worker] .b.t.c.SpringBootTestContextBootstrapper : Found @SpringBootConfiguration me.lsh.javacrawler.JavaCrawlerApplication for test class me.lsh.javacrawler.crawler.moim.MoimCrawlerTest
2023-06-04 05:59:17.631  INFO 60544 --- [    Test worker] .b.t.c.SpringBootTestContextBootstrapper : Loaded default TestExecutionListener class names from location [META-INF/spring.factories]: [org.springframework.boot.test.autoconfigure.restdocs.RestDocsTestExecutionListener, org.springframework.boot.test.autoconfigure.web.client.MockRestServiceServerResetTestExecutionListener, org.springframework.boot.test.autoconfigure.web.servlet.MockMvcPrintOnlyOnFailureTestExecutionListener, org.springframework.boot.test.autoconfigure.web.servlet.WebDriverTestExecutionListener, org.springframework.boot.test.autoconfigure.webservices.client.MockWebServiceServerTestExecutionListener, org.springframework.boot.test.mock.mockito.MockitoTestExecutionListener, org.springframework.boot.test.mock.mockito.ResetMocksTestExecutionListener, org.springframework.test.context.web.ServletTestExecutionListener, org.springframework.test.context.support.DirtiesContextBeforeModesTestExecutionListener, org.springframework.test.context.event.ApplicationEventsTestExecutionListener, org.springframework.test.context.support.DependencyInjectionTestExecutionListener, org.springframework.test.context.support.DirtiesContextTestExecutionListener, org.springframework.test.context.transaction.TransactionalTestExecutionListener, org.springframework.test.context.jdbc.SqlScriptsTestExecutionListener, org.springframework.test.context.event.EventPublishingTestExecutionListener]
2023-06-04 05:59:17.632  INFO 60544 --- [    Test worker] .b.t.c.SpringBootTestContextBootstrapper : Using TestExecutionListeners: [org.springframework.test.context.web.ServletTestExecutionListener@1f94df5, org.springframework.test.context.support.DirtiesContextBeforeModesTestExecutionListener@56972302, org.springframework.test.context.event.ApplicationEventsTestExecutionListener@4a244aa3, org.springframework.boot.test.mock.mockito.MockitoTestExecutionListener@3f491bd2, org.springframework.boot.test.autoconfigure.SpringBootDependencyInjectionTestExecutionListener@74947f2b, org.springframework.test.context.support.DirtiesContextTestExecutionListener@1b74dd88, org.springframework.test.context.transaction.TransactionalTestExecutionListener@736ded17, org.springframework.test.context.jdbc.SqlScriptsTestExecutionListener@40def23, org.springframework.test.context.event.EventPublishingTestExecutionListener@5337a5ae, org.springframework.boot.test.autoconfigure.restdocs.RestDocsTestExecutionListener@6e92aadd, org.springframework.boot.test.autoconfigure.web.client.MockRestServiceServerResetTestExecutionListener@720bf74d, org.springframework.boot.test.autoconfigure.web.servlet.MockMvcPrintOnlyOnFailureTestExecutionListener@19146ad8, org.springframework.boot.test.autoconfigure.web.servlet.WebDriverTestExecutionListener@77e0b681, org.springframework.boot.test.autoconfigure.webservices.client.MockWebServiceServerTestExecutionListener@cdf3ee2, org.springframework.boot.test.mock.mockito.ResetMocksTestExecutionListener@21c301ab]
]]></system-out>
  <system-err><![CDATA[]]></system-err>
</testsuite>
