<?xml version="1.0" encoding="UTF-8"?>
<testsuite name="me.lsh.javacrawler.domain.skill.SkillTest" tests="1" skipped="0" failures="0" errors="0" timestamp="2023-05-28T19:48:58" hostname="iseunghun-ui-MacBookPro.local" time="0.0">
  <properties/>
  <testcase name="containsLabelInEnglish_then_False()" classname="me.lsh.javacrawler.domain.skill.SkillTest" time="0.0"/>
  <system-out><![CDATA[]]></system-out>
  <system-err><![CDATA[]]></system-err>
</testsuite>
