<?xml version="1.0" encoding="UTF-8"?>
<testsuite name="me.lsh.javacrawler.service.recommend.RecommendServiceTest" tests="1" skipped="0" failures="0" errors="0" timestamp="2023-05-28T19:49:04" hostname="iseunghun-ui-MacBookPro.local" time="0.002">
  <properties/>
  <testcase name="빈도가_높은_시상규모_혜택_공모전_추천()" classname="me.lsh.javacrawler.service.recommend.RecommendServiceTest" time="0.002"/>
  <system-out><![CDATA[2023-05-29 04:49:04.177  INFO 68722 --- [    Test worker] .b.t.c.SpringBootTestContextBootstrapper : Neither @ContextConfiguration nor @ContextHierarchy found for test class [me.lsh.javacrawler.service.recommend.RecommendServiceTest], using SpringBootContextLoader
2023-05-29 04:49:04.178  INFO 68722 --- [    Test worker] o.s.t.c.support.AbstractContextLoader    : Could not detect default resource locations for test class [me.lsh.javacrawler.service.recommend.RecommendServiceTest]: no resource found for suffixes {-context.xml, Context.groovy}.
2023-05-29 04:49:04.178  INFO 68722 --- [    Test worker] t.c.s.AnnotationConfigContextLoaderUtils : Could not detect default configuration classes for test class [me.lsh.javacrawler.service.recommend.RecommendServiceTest]: RecommendServiceTest does not declare any static, non-private, non-final, nested classes annotated with @Configuration.
2023-05-29 04:49:04.181  INFO 68722 --- [    Test worker] .b.t.c.SpringBootTestContextBootstrapper : Found @SpringBootConfiguration me.lsh.javacrawler.JavaCrawlerApplication for test class me.lsh.javacrawler.service.recommend.RecommendServiceTest
2023-05-29 04:49:04.182  INFO 68722 --- [    Test worker] .b.t.c.SpringBootTestContextBootstrapper : Loaded default TestExecutionListener class names from location [META-INF/spring.factories]: [org.springframework.boot.test.autoconfigure.restdocs.RestDocsTestExecutionListener, org.springframework.boot.test.autoconfigure.web.client.MockRestServiceServerResetTestExecutionListener, org.springframework.boot.test.autoconfigure.web.servlet.MockMvcPrintOnlyOnFailureTestExecutionListener, org.springframework.boot.test.autoconfigure.web.servlet.WebDriverTestExecutionListener, org.springframework.boot.test.autoconfigure.webservices.client.MockWebServiceServerTestExecutionListener, org.springframework.boot.test.mock.mockito.MockitoTestExecutionListener, org.springframework.boot.test.mock.mockito.ResetMocksTestExecutionListener, org.springframework.test.context.web.ServletTestExecutionListener, org.springframework.test.context.support.DirtiesContextBeforeModesTestExecutionListener, org.springframework.test.context.event.ApplicationEventsTestExecutionListener, org.springframework.test.context.support.DependencyInjectionTestExecutionListener, org.springframework.test.context.support.DirtiesContextTestExecutionListener, org.springframework.test.context.transaction.TransactionalTestExecutionListener, org.springframework.test.context.jdbc.SqlScriptsTestExecutionListener, org.springframework.test.context.event.EventPublishingTestExecutionListener]
2023-05-29 04:49:04.183  INFO 68722 --- [    Test worker] .b.t.c.SpringBootTestContextBootstrapper : Using TestExecutionListeners: [org.springframework.test.context.web.ServletTestExecutionListener@258274cb, org.springframework.test.context.support.DirtiesContextBeforeModesTestExecutionListener@44c6e366, org.springframework.test.context.event.ApplicationEventsTestExecutionListener@637edfe0, org.springframework.boot.test.mock.mockito.MockitoTestExecutionListener@3107833, org.springframework.boot.test.autoconfigure.SpringBootDependencyInjectionTestExecutionListener@358260b6, org.springframework.test.context.support.DirtiesContextTestExecutionListener@462c68b3, org.springframework.test.context.transaction.TransactionalTestExecutionListener@53b83e49, org.springframework.test.context.jdbc.SqlScriptsTestExecutionListener@536905ed, org.springframework.test.context.event.EventPublishingTestExecutionListener@75c858e6, org.springframework.boot.test.autoconfigure.restdocs.RestDocsTestExecutionListener@5084cf1c, org.springframework.boot.test.autoconfigure.web.client.MockRestServiceServerResetTestExecutionListener@425cf933, org.springframework.boot.test.autoconfigure.web.servlet.MockMvcPrintOnlyOnFailureTestExecutionListener@5901caf8, org.springframework.boot.test.autoconfigure.web.servlet.WebDriverTestExecutionListener@6e39b656, org.springframework.boot.test.autoconfigure.webservices.client.MockWebServiceServerTestExecutionListener@18b378a2, org.springframework.boot.test.mock.mockito.ResetMocksTestExecutionListener@3d039fe6]
]]></system-out>
  <system-err><![CDATA[]]></system-err>
</testsuite>
