<?xml version="1.0" encoding="UTF-8"?>
<testsuite name="me.lsh.javacrawler.domain.event.competition.CompetitionRepositoryTest" tests="6" skipped="0" failures="0" errors="0" timestamp="2023-05-28T19:48:44" hostname="iseunghun-ui-MacBookPro.local" time="0.226">
  <properties/>
  <testcase name="행사_행사번호_조회()" classname="me.lsh.javacrawler.domain.event.competition.CompetitionRepositoryTest" time="0.118"/>
  <testcase name="행사_이번달()" classname="me.lsh.javacrawler.domain.event.competition.CompetitionRepositoryTest" time="0.032"/>
  <testcase name="행사_참여대상_청소년_직장인()" classname="me.lsh.javacrawler.domain.event.competition.CompetitionRepositoryTest" time="0.024"/>
  <testcase name="행사_저장()" classname="me.lsh.javacrawler.domain.event.competition.CompetitionRepositoryTest" time="0.027"/>
  <testcase name="행사_지금()" classname="me.lsh.javacrawler.domain.event.competition.CompetitionRepositoryTest" time="0.01"/>
  <testcase name="행사_참여대상_제한없음()" classname="me.lsh.javacrawler.domain.event.competition.CompetitionRepositoryTest" time="0.01"/>
  <system-out><![CDATA[04:48:43.332 [Test worker] DEBUG org.springframework.test.context.BootstrapUtils - Instantiating CacheAwareContextLoaderDelegate from class [org.springframework.test.context.cache.DefaultCacheAwareContextLoaderDelegate]
04:48:43.336 [Test worker] DEBUG org.springframework.test.context.BootstrapUtils - Instantiating BootstrapContext using constructor [public org.springframework.test.context.support.DefaultBootstrapContext(java.lang.Class,org.springframework.test.context.CacheAwareContextLoaderDelegate)]
04:48:43.351 [Test worker] DEBUG org.springframework.test.context.BootstrapUtils - Instantiating TestContextBootstrapper for test class [me.lsh.javacrawler.domain.event.competition.CompetitionRepositoryTest] from class [org.springframework.boot.test.autoconfigure.orm.jpa.DataJpaTestContextBootstrapper]
04:48:43.355 [Test worker] INFO org.springframework.boot.test.autoconfigure.orm.jpa.DataJpaTestContextBootstrapper - Neither @ContextConfiguration nor @ContextHierarchy found for test class [me.lsh.javacrawler.domain.event.competition.CompetitionRepositoryTest], using SpringBootContextLoader
04:48:43.357 [Test worker] DEBUG org.springframework.test.context.support.AbstractContextLoader - Did not detect default resource location for test class [me.lsh.javacrawler.domain.event.competition.CompetitionRepositoryTest]: class path resource [me/lsh/javacrawler/domain/event/competition/CompetitionRepositoryTest-context.xml] does not exist
04:48:43.357 [Test worker] DEBUG org.springframework.test.context.support.AbstractContextLoader - Did not detect default resource location for test class [me.lsh.javacrawler.domain.event.competition.CompetitionRepositoryTest]: class path resource [me/lsh/javacrawler/domain/event/competition/CompetitionRepositoryTestContext.groovy] does not exist
04:48:43.357 [Test worker] INFO org.springframework.test.context.support.AbstractContextLoader - Could not detect default resource locations for test class [me.lsh.javacrawler.domain.event.competition.CompetitionRepositoryTest]: no resource found for suffixes {-context.xml, Context.groovy}.
04:48:43.357 [Test worker] INFO org.springframework.test.context.support.AnnotationConfigContextLoaderUtils - Could not detect default configuration classes for test class [me.lsh.javacrawler.domain.event.competition.CompetitionRepositoryTest]: CompetitionRepositoryTest does not declare any static, non-private, non-final, nested classes annotated with @Configuration.
04:48:43.382 [Test worker] DEBUG org.springframework.test.context.support.ActiveProfilesUtils - Could not find an 'annotation declaring class' for annotation type [org.springframework.test.context.ActiveProfiles] and class [me.lsh.javacrawler.domain.event.competition.CompetitionRepositoryTest]
04:48:43.410 [Test worker] DEBUG org.springframework.context.annotation.ClassPathScanningCandidateComponentProvider - Identified candidate component class: file [/Users/iseunghun/IdeaProjects/java-crawler/build/classes/java/main/me/lsh/javacrawler/JavaCrawlerApplication.class]
04:48:43.411 [Test worker] INFO org.springframework.boot.test.context.SpringBootTestContextBootstrapper - Found @SpringBootConfiguration me.lsh.javacrawler.JavaCrawlerApplication for test class me.lsh.javacrawler.domain.event.competition.CompetitionRepositoryTest
04:48:43.412 [Test worker] DEBUG org.springframework.boot.test.autoconfigure.orm.jpa.DataJpaTestContextBootstrapper - @TestExecutionListeners is not present for class [me.lsh.javacrawler.domain.event.competition.CompetitionRepositoryTest]: using defaults.
04:48:43.413 [Test worker] INFO org.springframework.boot.test.autoconfigure.orm.jpa.DataJpaTestContextBootstrapper - Loaded default TestExecutionListener class names from location [META-INF/spring.factories]: [org.springframework.boot.test.autoconfigure.restdocs.RestDocsTestExecutionListener, org.springframework.boot.test.autoconfigure.web.client.MockRestServiceServerResetTestExecutionListener, org.springframework.boot.test.autoconfigure.web.servlet.MockMvcPrintOnlyOnFailureTestExecutionListener, org.springframework.boot.test.autoconfigure.web.servlet.WebDriverTestExecutionListener, org.springframework.boot.test.autoconfigure.webservices.client.MockWebServiceServerTestExecutionListener, org.springframework.boot.test.mock.mockito.MockitoTestExecutionListener, org.springframework.boot.test.mock.mockito.ResetMocksTestExecutionListener, org.springframework.test.context.web.ServletTestExecutionListener, org.springframework.test.context.support.DirtiesContextBeforeModesTestExecutionListener, org.springframework.test.context.event.ApplicationEventsTestExecutionListener, org.springframework.test.context.support.DependencyInjectionTestExecutionListener, org.springframework.test.context.support.DirtiesContextTestExecutionListener, org.springframework.test.context.transaction.TransactionalTestExecutionListener, org.springframework.test.context.jdbc.SqlScriptsTestExecutionListener, org.springframework.test.context.event.EventPublishingTestExecutionListener]
04:48:43.420 [Test worker] INFO org.springframework.boot.test.autoconfigure.orm.jpa.DataJpaTestContextBootstrapper - Using TestExecutionListeners: [org.springframework.test.context.web.ServletTestExecutionListener@53812a9b, org.springframework.test.context.support.DirtiesContextBeforeModesTestExecutionListener@14b030a0, org.springframework.test.context.event.ApplicationEventsTestExecutionListener@41e350f1, org.springframework.boot.test.mock.mockito.MockitoTestExecutionListener@422c3c7a, org.springframework.boot.test.autoconfigure.SpringBootDependencyInjectionTestExecutionListener@18230356, org.springframework.test.context.support.DirtiesContextTestExecutionListener@d8305c2, org.springframework.test.context.transaction.TransactionalTestExecutionListener@56bca85b, org.springframework.test.context.jdbc.SqlScriptsTestExecutionListener@75d0911a, org.springframework.test.context.event.EventPublishingTestExecutionListener@75e91545, org.springframework.boot.test.autoconfigure.restdocs.RestDocsTestExecutionListener@60d1a32f, org.springframework.boot.test.autoconfigure.web.client.MockRestServiceServerResetTestExecutionListener@531c311e, org.springframework.boot.test.autoconfigure.web.servlet.MockMvcPrintOnlyOnFailureTestExecutionListener@22b53226, org.springframework.boot.test.autoconfigure.web.servlet.WebDriverTestExecutionListener@1fcb4808, org.springframework.boot.test.autoconfigure.webservices.client.MockWebServiceServerTestExecutionListener@726e5805, org.springframework.boot.test.mock.mockito.ResetMocksTestExecutionListener@40c80397]
04:48:43.422 [Test worker] DEBUG org.springframework.test.context.support.AbstractDirtiesContextTestExecutionListener - Before test class: context [DefaultTestContext@306851c7 testClass = CompetitionRepositoryTest, testInstance = [null], testMethod = [null], testException = [null], mergedContextConfiguration = [MergedContextConfiguration@12bcd0c0 testClass = CompetitionRepositoryTest, locations = '{}', classes = '{class me.lsh.javacrawler.JavaCrawlerApplication}', contextInitializerClasses = '[]', activeProfiles = '{}', propertySourceLocations = '{}', propertySourceProperties = '{org.springframework.boot.test.autoconfigure.orm.jpa.DataJpaTestContextBootstrapper=true}', contextCustomizers = set[org.springframework.boot.test.autoconfigure.OverrideAutoConfigurationContextCustomizerFactory$DisableAutoConfigurationContextCustomizer@50468873, org.springframework.boot.test.autoconfigure.actuate.metrics.MetricsExportContextCustomizerFactory$DisableMetricExportContextCustomizer@2a898881, org.springframework.boot.test.autoconfigure.filter.TypeExcludeFiltersContextCustomizer@351584c0, org.springframework.boot.test.autoconfigure.properties.PropertyMappingContextCustomizer@e420f45e, org.springframework.boot.test.autoconfigure.web.servlet.WebDriverContextCustomizerFactory$Customizer@67304a40, [ImportsContextCustomizer@4879f0f2 key = [org.springframework.boot.autoconfigure.cache.CacheAutoConfiguration, org.springframework.boot.autoconfigure.data.jpa.JpaRepositoriesAutoConfiguration, org.springframework.boot.autoconfigure.flyway.FlywayAutoConfiguration, org.springframework.boot.autoconfigure.jdbc.DataSourceAutoConfiguration, org.springframework.boot.autoconfigure.jdbc.DataSourceTransactionManagerAutoConfiguration, org.springframework.boot.autoconfigure.jdbc.JdbcTemplateAutoConfiguration, org.springframework.boot.autoconfigure.liquibase.LiquibaseAutoConfiguration, org.springframework.boot.autoconfigure.orm.jpa.HibernateJpaAutoConfiguration, org.springframework.boot.autoconfigure.sql.init.SqlInitializationAutoConfiguration, org.springframework.boot.autoconfigure.transaction.TransactionAutoConfiguration, org.springframework.boot.test.autoconfigure.jdbc.TestDatabaseAutoConfiguration, org.springframework.boot.test.autoconfigure.orm.jpa.TestEntityManagerAutoConfiguration, me.lsh.javacrawler.domain.event.competition.TestJPAConfig]], org.springframework.boot.test.context.filter.ExcludeFilterContextCustomizer@52066604, org.springframework.boot.test.json.DuplicateJsonObjectContextCustomizerFactory$DuplicateJsonObjectContextCustomizer@5669c5fb, org.springframework.boot.test.mock.mockito.MockitoContextCustomizer@0, org.springframework.boot.test.context.SpringBootTestArgs@1, org.springframework.boot.test.context.SpringBootTestWebEnvironment@0], contextLoader = 'org.springframework.boot.test.context.SpringBootContextLoader', parent = [null]], attributes = map[[empty]]], class annotated with @DirtiesContext [false] with mode [null].
04:48:43.427 [Test worker] DEBUG org.springframework.test.context.support.DependencyInjectionTestExecutionListener - Performing dependency injection for test context [[DefaultTestContext@306851c7 testClass = CompetitionRepositoryTest, testInstance = me.lsh.javacrawler.domain.event.competition.CompetitionRepositoryTest@47605f2f, testMethod = [null], testException = [null], mergedContextConfiguration = [MergedContextConfiguration@12bcd0c0 testClass = CompetitionRepositoryTest, locations = '{}', classes = '{class me.lsh.javacrawler.JavaCrawlerApplication}', contextInitializerClasses = '[]', activeProfiles = '{}', propertySourceLocations = '{}', propertySourceProperties = '{org.springframework.boot.test.autoconfigure.orm.jpa.DataJpaTestContextBootstrapper=true}', contextCustomizers = set[org.springframework.boot.test.autoconfigure.OverrideAutoConfigurationContextCustomizerFactory$DisableAutoConfigurationContextCustomizer@50468873, org.springframework.boot.test.autoconfigure.actuate.metrics.MetricsExportContextCustomizerFactory$DisableMetricExportContextCustomizer@2a898881, org.springframework.boot.test.autoconfigure.filter.TypeExcludeFiltersContextCustomizer@351584c0, org.springframework.boot.test.autoconfigure.properties.PropertyMappingContextCustomizer@e420f45e, org.springframework.boot.test.autoconfigure.web.servlet.WebDriverContextCustomizerFactory$Customizer@67304a40, [ImportsContextCustomizer@4879f0f2 key = [org.springframework.boot.autoconfigure.cache.CacheAutoConfiguration, org.springframework.boot.autoconfigure.data.jpa.JpaRepositoriesAutoConfiguration, org.springframework.boot.autoconfigure.flyway.FlywayAutoConfiguration, org.springframework.boot.autoconfigure.jdbc.DataSourceAutoConfiguration, org.springframework.boot.autoconfigure.jdbc.DataSourceTransactionManagerAutoConfiguration, org.springframework.boot.autoconfigure.jdbc.JdbcTemplateAutoConfiguration, org.springframework.boot.autoconfigure.liquibase.LiquibaseAutoConfiguration, org.springframework.boot.autoconfigure.orm.jpa.HibernateJpaAutoConfiguration, org.springframework.boot.autoconfigure.sql.init.SqlInitializationAutoConfiguration, org.springframework.boot.autoconfigure.transaction.TransactionAutoConfiguration, org.springframework.boot.test.autoconfigure.jdbc.TestDatabaseAutoConfiguration, org.springframework.boot.test.autoconfigure.orm.jpa.TestEntityManagerAutoConfiguration, me.lsh.javacrawler.domain.event.competition.TestJPAConfig]], org.springframework.boot.test.context.filter.ExcludeFilterContextCustomizer@52066604, org.springframework.boot.test.json.DuplicateJsonObjectContextCustomizerFactory$DuplicateJsonObjectContextCustomizer@5669c5fb, org.springframework.boot.test.mock.mockito.MockitoContextCustomizer@0, org.springframework.boot.test.context.SpringBootTestArgs@1, org.springframework.boot.test.context.SpringBootTestWebEnvironment@0], contextLoader = 'org.springframework.boot.test.context.SpringBootContextLoader', parent = [null]], attributes = map['org.springframework.test.context.event.ApplicationEventsTestExecutionListener.recordApplicationEvents' -> false]]].

  .   ____          _            __ _ _
 /\\ / ___'_ __ _ _(_)_ __  __ _ \ \ \ \
( ( )\___ | '_ | '_| | '_ \/ _` | \ \ \ \
 \\/  ___)| |_)| | | | | || (_| |  ) ) ) )
  '  |____| .__|_| |_|_| |_\__, | / / / /
 =========|_|==============|___/=/_/_/_/
 :: Spring Boot ::               (v2.7.11)

2023-05-29 04:48:43.585  INFO 68722 --- [    Test worker] m.l.j.d.e.c.CompetitionRepositoryTest    : Starting CompetitionRepositoryTest using Java 18.0.2 on iseunghun-ui-MacBookPro.local with PID 68722 (started by iseunghun in /Users/iseunghun/IdeaProjects/java-crawler)
2023-05-29 04:48:43.585  INFO 68722 --- [    Test worker] m.l.j.d.e.c.CompetitionRepositoryTest    : The following 1 profile is active: "oauth"
2023-05-29 04:48:43.750  INFO 68722 --- [    Test worker] .s.d.r.c.RepositoryConfigurationDelegate : Bootstrapping Spring Data JPA repositories in DEFAULT mode.
2023-05-29 04:48:43.784  INFO 68722 --- [    Test worker] .s.d.r.c.RepositoryConfigurationDelegate : Finished Spring Data repository scanning in 30 ms. Found 6 JPA repository interfaces.
2023-05-29 04:48:43.807  INFO 68722 --- [    Test worker] beddedDataSourceBeanFactoryPostProcessor : Replacing 'dataSource' DataSource bean with embedded version
2023-05-29 04:48:43.897  INFO 68722 --- [    Test worker] o.s.j.d.e.EmbeddedDatabaseFactory        : Starting embedded database: url='jdbc:h2:mem:0ecb3dde-7fd6-446b-a660-f5180bcc3f21;DB_CLOSE_DELAY=-1;DB_CLOSE_ON_EXIT=false', username='sa'
2023-05-29 04:48:44.025  INFO 68722 --- [    Test worker] o.hibernate.jpa.internal.util.LogHelper  : HHH000204: Processing PersistenceUnitInfo [name: default]
2023-05-29 04:48:44.045  INFO 68722 --- [    Test worker] org.hibernate.Version                    : HHH000412: Hibernate ORM core version 5.6.15.Final
2023-05-29 04:48:44.110  INFO 68722 --- [    Test worker] o.hibernate.annotations.common.Version   : HCANN000001: Hibernate Commons Annotations {5.1.2.Final}
2023-05-29 04:48:44.159  INFO 68722 --- [    Test worker] org.hibernate.dialect.Dialect            : HHH000400: Using dialect: org.hibernate.dialect.H2Dialect
2023-05-29 04:48:44.210  WARN 68722 --- [    Test worker] org.hibernate.cfg.AnnotationBinder       : HHH000457: Joined inheritance hierarchy [me.lsh.javacrawler.domain.event.Event] defined explicit @DiscriminatorColumn.  Legacy Hibernate behavior was to ignore the @DiscriminatorColumn.  However, as part of issue HHH-6911 we now apply the explicit @DiscriminatorColumn.  If you would prefer the legacy behavior, enable the `hibernate.discriminator.ignore_explicit_for_joined` setting (hibernate.discriminator.ignore_explicit_for_joined=true)
Hibernate: create table bookmark_event (id bigint generated by default as identity, created_at timestamp, last_modified_at timestamp, event_id bigint, member_id bigint, primary key (id))
Hibernate: create table competition (award_amount varchar(255), award_scale varchar(255), page_id integer not null, event_id bigint not null, primary key (event_id))
Hibernate: create table competition_benefit (event_id bigint not null, benefits varchar(255) not null, primary key (event_id, benefits))
Hibernate: create table event (dtype varchar(31) not null, event_id bigint generated by default as identity, created_at timestamp, last_modified_at timestamp, bookmark_count integer not null, content TEXT, event_type varchar(255), expired_at timestamp, organizer varchar(255), original_link varchar(255), provider varchar(255), started_at timestamp, status varchar(255), thumbnail varchar(255), title varchar(255) not null, view_count integer not null, primary key (event_id))
Hibernate: create table event_applicants (event_id bigint not null, applicants varchar(255) not null, primary key (event_id, applicants))
Hibernate: create table event_skills (event_id bigint not null, event_skills varchar(255) not null, primary key (event_id, event_skills))
Hibernate: create table member (member_id bigint generated by default as identity, created_at timestamp, last_modified_at timestamp, email varchar(255) not null, job varchar(255), name varchar(255) not null, picture varchar(255), role varchar(255) not null, primary key (member_id))
Hibernate: create table member_skills (member_id bigint not null, memberskills varchar(255) not null, primary key (member_id, memberskills))
Hibernate: create table moim (duration varchar(255), fee_required boolean not null, location varchar(255), moim_type varchar(255), page_id integer not null, event_id bigint not null, primary key (event_id))
Hibernate: alter table event drop constraint if exists UK_oerkm7t8vtial70r3ujc4gyck
Hibernate: alter table event add constraint UK_oerkm7t8vtial70r3ujc4gyck unique (title)
Hibernate: alter table bookmark_event add constraint FKp3eyf5e2yn4q6s7bptjr2730j foreign key (event_id) references event
Hibernate: alter table bookmark_event add constraint FKqf4ieo86sccy3smlq1a4l36wd foreign key (member_id) references member
Hibernate: alter table competition add constraint FKemj92572bt1qywkoa2ujkh5vl foreign key (event_id) references event
Hibernate: alter table competition_benefit add constraint FKp6mru8yptos4s7gb43fepg6of foreign key (event_id) references competition
Hibernate: alter table event_applicants add constraint FKdw8961n2xixjrafouwh3w38b7 foreign key (event_id) references event
Hibernate: alter table event_skills add constraint FKadu23qphpcmg9rq9x22bckic3 foreign key (event_id) references event
Hibernate: alter table member_skills add constraint FKk4jtr25wwr6cgsl2nnw64hcdb foreign key (member_id) references member
Hibernate: alter table moim add constraint FKacku5acx7xm6id0hjgds03ick foreign key (event_id) references event
2023-05-29 04:48:44.487  INFO 68722 --- [    Test worker] o.h.e.t.j.p.i.JtaPlatformInitiator       : HHH000490: Using JtaPlatform implementation: [org.hibernate.engine.transaction.jta.platform.internal.NoJtaPlatform]
2023-05-29 04:48:44.491  INFO 68722 --- [    Test worker] j.LocalContainerEntityManagerFactoryBean : Initialized JPA EntityManagerFactory for persistence unit 'default'
2023-05-29 04:48:44.834  INFO 68722 --- [    Test worker] m.l.j.d.e.c.CompetitionRepositoryTest    : Started CompetitionRepositoryTest in 1.396 seconds (JVM running for 1.862)
2023-05-29 04:48:44.844  INFO 68722 --- [    Test worker] o.s.t.c.transaction.TransactionContext   : Began transaction (1) for test context [DefaultTestContext@306851c7 testClass = CompetitionRepositoryTest, testInstance = me.lsh.javacrawler.domain.event.competition.CompetitionRepositoryTest@47605f2f, testMethod = 행사_행사번호_조회@CompetitionRepositoryTest, testException = [null], mergedContextConfiguration = [MergedContextConfiguration@12bcd0c0 testClass = CompetitionRepositoryTest, locations = '{}', classes = '{class me.lsh.javacrawler.JavaCrawlerApplication}', contextInitializerClasses = '[]', activeProfiles = '{}', propertySourceLocations = '{}', propertySourceProperties = '{org.springframework.boot.test.autoconfigure.orm.jpa.DataJpaTestContextBootstrapper=true}', contextCustomizers = set[org.springframework.boot.test.autoconfigure.OverrideAutoConfigurationContextCustomizerFactory$DisableAutoConfigurationContextCustomizer@50468873, org.springframework.boot.test.autoconfigure.actuate.metrics.MetricsExportContextCustomizerFactory$DisableMetricExportContextCustomizer@2a898881, org.springframework.boot.test.autoconfigure.filter.TypeExcludeFiltersContextCustomizer@351584c0, org.springframework.boot.test.autoconfigure.properties.PropertyMappingContextCustomizer@e420f45e, org.springframework.boot.test.autoconfigure.web.servlet.WebDriverContextCustomizerFactory$Customizer@67304a40, [ImportsContextCustomizer@4879f0f2 key = [org.springframework.boot.autoconfigure.cache.CacheAutoConfiguration, org.springframework.boot.autoconfigure.data.jpa.JpaRepositoriesAutoConfiguration, org.springframework.boot.autoconfigure.flyway.FlywayAutoConfiguration, org.springframework.boot.autoconfigure.jdbc.DataSourceAutoConfiguration, org.springframework.boot.autoconfigure.jdbc.DataSourceTransactionManagerAutoConfiguration, org.springframework.boot.autoconfigure.jdbc.JdbcTemplateAutoConfiguration, org.springframework.boot.autoconfigure.liquibase.LiquibaseAutoConfiguration, org.springframework.boot.autoconfigure.orm.jpa.HibernateJpaAutoConfiguration, org.springframework.boot.autoconfigure.sql.init.SqlInitializationAutoConfiguration, org.springframework.boot.autoconfigure.transaction.TransactionAutoConfiguration, org.springframework.boot.test.autoconfigure.jdbc.TestDatabaseAutoConfiguration, org.springframework.boot.test.autoconfigure.orm.jpa.TestEntityManagerAutoConfiguration, me.lsh.javacrawler.domain.event.competition.TestJPAConfig]], org.springframework.boot.test.context.filter.ExcludeFilterContextCustomizer@52066604, org.springframework.boot.test.json.DuplicateJsonObjectContextCustomizerFactory$DuplicateJsonObjectContextCustomizer@5669c5fb, org.springframework.boot.test.mock.mockito.MockitoContextCustomizer@0, org.springframework.boot.test.context.SpringBootTestArgs@1, org.springframework.boot.test.context.SpringBootTestWebEnvironment@0], contextLoader = 'org.springframework.boot.test.context.SpringBootContextLoader', parent = [null]], attributes = map['org.springframework.test.context.event.ApplicationEventsTestExecutionListener.recordApplicationEvents' -> false]]; transaction manager [org.springframework.orm.jpa.JpaTransactionManager@6604f246]; rollback [true]
Hibernate: insert into event (event_id, created_at, last_modified_at, bookmark_count, content, event_type, expired_at, organizer, original_link, provider, started_at, status, thumbnail, title, view_count, dtype) values (default, ?, ?, ?, ?, ?, ?, ?, ?, ?, ?, ?, ?, ?, ?, 'c')
Hibernate: insert into competition (award_amount, award_scale, page_id, event_id) values (?, ?, ?, ?)
Hibernate: select competitio0_.event_id as col_0_0_ from competition competitio0_ inner join event competitio0_1_ on competitio0_.event_id=competitio0_1_.event_id where competitio0_.page_id=? and competitio0_1_.provider=? limit ?
2023-05-29 04:48:44.955  INFO 68722 --- [    Test worker] o.s.t.c.transaction.TransactionContext   : Rolled back transaction for test: [DefaultTestContext@306851c7 testClass = CompetitionRepositoryTest, testInstance = me.lsh.javacrawler.domain.event.competition.CompetitionRepositoryTest@47605f2f, testMethod = 행사_행사번호_조회@CompetitionRepositoryTest, testException = [null], mergedContextConfiguration = [MergedContextConfiguration@12bcd0c0 testClass = CompetitionRepositoryTest, locations = '{}', classes = '{class me.lsh.javacrawler.JavaCrawlerApplication}', contextInitializerClasses = '[]', activeProfiles = '{}', propertySourceLocations = '{}', propertySourceProperties = '{org.springframework.boot.test.autoconfigure.orm.jpa.DataJpaTestContextBootstrapper=true}', contextCustomizers = set[org.springframework.boot.test.autoconfigure.OverrideAutoConfigurationContextCustomizerFactory$DisableAutoConfigurationContextCustomizer@50468873, org.springframework.boot.test.autoconfigure.actuate.metrics.MetricsExportContextCustomizerFactory$DisableMetricExportContextCustomizer@2a898881, org.springframework.boot.test.autoconfigure.filter.TypeExcludeFiltersContextCustomizer@351584c0, org.springframework.boot.test.autoconfigure.properties.PropertyMappingContextCustomizer@e420f45e, org.springframework.boot.test.autoconfigure.web.servlet.WebDriverContextCustomizerFactory$Customizer@67304a40, [ImportsContextCustomizer@4879f0f2 key = [org.springframework.boot.autoconfigure.cache.CacheAutoConfiguration, org.springframework.boot.autoconfigure.data.jpa.JpaRepositoriesAutoConfiguration, org.springframework.boot.autoconfigure.flyway.FlywayAutoConfiguration, org.springframework.boot.autoconfigure.jdbc.DataSourceAutoConfiguration, org.springframework.boot.autoconfigure.jdbc.DataSourceTransactionManagerAutoConfiguration, org.springframework.boot.autoconfigure.jdbc.JdbcTemplateAutoConfiguration, org.springframework.boot.autoconfigure.liquibase.LiquibaseAutoConfiguration, org.springframework.boot.autoconfigure.orm.jpa.HibernateJpaAutoConfiguration, org.springframework.boot.autoconfigure.sql.init.SqlInitializationAutoConfiguration, org.springframework.boot.autoconfigure.transaction.TransactionAutoConfiguration, org.springframework.boot.test.autoconfigure.jdbc.TestDatabaseAutoConfiguration, org.springframework.boot.test.autoconfigure.orm.jpa.TestEntityManagerAutoConfiguration, me.lsh.javacrawler.domain.event.competition.TestJPAConfig]], org.springframework.boot.test.context.filter.ExcludeFilterContextCustomizer@52066604, org.springframework.boot.test.json.DuplicateJsonObjectContextCustomizerFactory$DuplicateJsonObjectContextCustomizer@5669c5fb, org.springframework.boot.test.mock.mockito.MockitoContextCustomizer@0, org.springframework.boot.test.context.SpringBootTestArgs@1, org.springframework.boot.test.context.SpringBootTestWebEnvironment@0], contextLoader = 'org.springframework.boot.test.context.SpringBootContextLoader', parent = [null]], attributes = map['org.springframework.test.context.event.ApplicationEventsTestExecutionListener.recordApplicationEvents' -> false]]
2023-05-29 04:48:44.959  INFO 68722 --- [    Test worker] o.s.t.c.transaction.TransactionContext   : Began transaction (1) for test context [DefaultTestContext@306851c7 testClass = CompetitionRepositoryTest, testInstance = me.lsh.javacrawler.domain.event.competition.CompetitionRepositoryTest@8de4206, testMethod = 행사_이번달@CompetitionRepositoryTest, testException = [null], mergedContextConfiguration = [MergedContextConfiguration@12bcd0c0 testClass = CompetitionRepositoryTest, locations = '{}', classes = '{class me.lsh.javacrawler.JavaCrawlerApplication}', contextInitializerClasses = '[]', activeProfiles = '{}', propertySourceLocations = '{}', propertySourceProperties = '{org.springframework.boot.test.autoconfigure.orm.jpa.DataJpaTestContextBootstrapper=true}', contextCustomizers = set[org.springframework.boot.test.autoconfigure.OverrideAutoConfigurationContextCustomizerFactory$DisableAutoConfigurationContextCustomizer@50468873, org.springframework.boot.test.autoconfigure.actuate.metrics.MetricsExportContextCustomizerFactory$DisableMetricExportContextCustomizer@2a898881, org.springframework.boot.test.autoconfigure.filter.TypeExcludeFiltersContextCustomizer@351584c0, org.springframework.boot.test.autoconfigure.properties.PropertyMappingContextCustomizer@e420f45e, org.springframework.boot.test.autoconfigure.web.servlet.WebDriverContextCustomizerFactory$Customizer@67304a40, [ImportsContextCustomizer@4879f0f2 key = [org.springframework.boot.autoconfigure.cache.CacheAutoConfiguration, org.springframework.boot.autoconfigure.data.jpa.JpaRepositoriesAutoConfiguration, org.springframework.boot.autoconfigure.flyway.FlywayAutoConfiguration, org.springframework.boot.autoconfigure.jdbc.DataSourceAutoConfiguration, org.springframework.boot.autoconfigure.jdbc.DataSourceTransactionManagerAutoConfiguration, org.springframework.boot.autoconfigure.jdbc.JdbcTemplateAutoConfiguration, org.springframework.boot.autoconfigure.liquibase.LiquibaseAutoConfiguration, org.springframework.boot.autoconfigure.orm.jpa.HibernateJpaAutoConfiguration, org.springframework.boot.autoconfigure.sql.init.SqlInitializationAutoConfiguration, org.springframework.boot.autoconfigure.transaction.TransactionAutoConfiguration, org.springframework.boot.test.autoconfigure.jdbc.TestDatabaseAutoConfiguration, org.springframework.boot.test.autoconfigure.orm.jpa.TestEntityManagerAutoConfiguration, me.lsh.javacrawler.domain.event.competition.TestJPAConfig]], org.springframework.boot.test.context.filter.ExcludeFilterContextCustomizer@52066604, org.springframework.boot.test.json.DuplicateJsonObjectContextCustomizerFactory$DuplicateJsonObjectContextCustomizer@5669c5fb, org.springframework.boot.test.mock.mockito.MockitoContextCustomizer@0, org.springframework.boot.test.context.SpringBootTestArgs@1, org.springframework.boot.test.context.SpringBootTestWebEnvironment@0], contextLoader = 'org.springframework.boot.test.context.SpringBootContextLoader', parent = [null]], attributes = map['org.springframework.test.context.event.ApplicationEventsTestExecutionListener.recordApplicationEvents' -> false]]; transaction manager [org.springframework.orm.jpa.JpaTransactionManager@6604f246]; rollback [true]
Hibernate: insert into event (event_id, created_at, last_modified_at, bookmark_count, content, event_type, expired_at, organizer, original_link, provider, started_at, status, thumbnail, title, view_count, dtype) values (default, ?, ?, ?, ?, ?, ?, ?, ?, ?, ?, ?, ?, ?, ?, 'c')
Hibernate: insert into competition (award_amount, award_scale, page_id, event_id) values (?, ?, ?, ?)
Hibernate: insert into event (event_id, created_at, last_modified_at, bookmark_count, content, event_type, expired_at, organizer, original_link, provider, started_at, status, thumbnail, title, view_count, dtype) values (default, ?, ?, ?, ?, ?, ?, ?, ?, ?, ?, ?, ?, ?, ?, 'c')
Hibernate: insert into competition (award_amount, award_scale, page_id, event_id) values (?, ?, ?, ?)
Hibernate: select competitio0_.event_id as event_id2_3_, competitio0_1_.created_at as created_3_3_, competitio0_1_.last_modified_at as last_mod4_3_, competitio0_1_.bookmark_count as bookmark5_3_, competitio0_1_.content as content6_3_, competitio0_1_.event_type as event_ty7_3_, competitio0_1_.expired_at as expired_8_3_, competitio0_1_.organizer as organize9_3_, competitio0_1_.original_link as origina10_3_, competitio0_1_.provider as provide11_3_, competitio0_1_.started_at as started12_3_, competitio0_1_.status as status13_3_, competitio0_1_.thumbnail as thumbna14_3_, competitio0_1_.title as title15_3_, competitio0_1_.view_count as view_co16_3_, competitio0_.award_amount as award_am1_1_, competitio0_.award_scale as award_sc2_1_, competitio0_.page_id as page_id3_1_ from competition competitio0_ inner join event competitio0_1_ on competitio0_.event_id=competitio0_1_.event_id where competitio0_1_.started_at<=? and competitio0_1_.expired_at>=? order by competitio0_.page_id desc limit ? offset ?
Hibernate: select count(competitio0_.event_id) as col_0_0_ from competition competitio0_ inner join event competitio0_1_ on competitio0_.event_id=competitio0_1_.event_id where competitio0_1_.started_at<=? and competitio0_1_.expired_at>=?
2023-05-29 04:48:44.989  INFO 68722 --- [    Test worker] o.s.t.c.transaction.TransactionContext   : Rolled back transaction for test: [DefaultTestContext@306851c7 testClass = CompetitionRepositoryTest, testInstance = me.lsh.javacrawler.domain.event.competition.CompetitionRepositoryTest@8de4206, testMethod = 행사_이번달@CompetitionRepositoryTest, testException = [null], mergedContextConfiguration = [MergedContextConfiguration@12bcd0c0 testClass = CompetitionRepositoryTest, locations = '{}', classes = '{class me.lsh.javacrawler.JavaCrawlerApplication}', contextInitializerClasses = '[]', activeProfiles = '{}', propertySourceLocations = '{}', propertySourceProperties = '{org.springframework.boot.test.autoconfigure.orm.jpa.DataJpaTestContextBootstrapper=true}', contextCustomizers = set[org.springframework.boot.test.autoconfigure.OverrideAutoConfigurationContextCustomizerFactory$DisableAutoConfigurationContextCustomizer@50468873, org.springframework.boot.test.autoconfigure.actuate.metrics.MetricsExportContextCustomizerFactory$DisableMetricExportContextCustomizer@2a898881, org.springframework.boot.test.autoconfigure.filter.TypeExcludeFiltersContextCustomizer@351584c0, org.springframework.boot.test.autoconfigure.properties.PropertyMappingContextCustomizer@e420f45e, org.springframework.boot.test.autoconfigure.web.servlet.WebDriverContextCustomizerFactory$Customizer@67304a40, [ImportsContextCustomizer@4879f0f2 key = [org.springframework.boot.autoconfigure.cache.CacheAutoConfiguration, org.springframework.boot.autoconfigure.data.jpa.JpaRepositoriesAutoConfiguration, org.springframework.boot.autoconfigure.flyway.FlywayAutoConfiguration, org.springframework.boot.autoconfigure.jdbc.DataSourceAutoConfiguration, org.springframework.boot.autoconfigure.jdbc.DataSourceTransactionManagerAutoConfiguration, org.springframework.boot.autoconfigure.jdbc.JdbcTemplateAutoConfiguration, org.springframework.boot.autoconfigure.liquibase.LiquibaseAutoConfiguration, org.springframework.boot.autoconfigure.orm.jpa.HibernateJpaAutoConfiguration, org.springframework.boot.autoconfigure.sql.init.SqlInitializationAutoConfiguration, org.springframework.boot.autoconfigure.transaction.TransactionAutoConfiguration, org.springframework.boot.test.autoconfigure.jdbc.TestDatabaseAutoConfiguration, org.springframework.boot.test.autoconfigure.orm.jpa.TestEntityManagerAutoConfiguration, me.lsh.javacrawler.domain.event.competition.TestJPAConfig]], org.springframework.boot.test.context.filter.ExcludeFilterContextCustomizer@52066604, org.springframework.boot.test.json.DuplicateJsonObjectContextCustomizerFactory$DuplicateJsonObjectContextCustomizer@5669c5fb, org.springframework.boot.test.mock.mockito.MockitoContextCustomizer@0, org.springframework.boot.test.context.SpringBootTestArgs@1, org.springframework.boot.test.context.SpringBootTestWebEnvironment@0], contextLoader = 'org.springframework.boot.test.context.SpringBootContextLoader', parent = [null]], attributes = map['org.springframework.test.context.event.ApplicationEventsTestExecutionListener.recordApplicationEvents' -> false]]
2023-05-29 04:48:44.991  INFO 68722 --- [    Test worker] o.s.t.c.transaction.TransactionContext   : Began transaction (1) for test context [DefaultTestContext@306851c7 testClass = CompetitionRepositoryTest, testInstance = me.lsh.javacrawler.domain.event.competition.CompetitionRepositoryTest@4c5c0306, testMethod = 행사_참여대상_청소년_직장인@CompetitionRepositoryTest, testException = [null], mergedContextConfiguration = [MergedContextConfiguration@12bcd0c0 testClass = CompetitionRepositoryTest, locations = '{}', classes = '{class me.lsh.javacrawler.JavaCrawlerApplication}', contextInitializerClasses = '[]', activeProfiles = '{}', propertySourceLocations = '{}', propertySourceProperties = '{org.springframework.boot.test.autoconfigure.orm.jpa.DataJpaTestContextBootstrapper=true}', contextCustomizers = set[org.springframework.boot.test.autoconfigure.OverrideAutoConfigurationContextCustomizerFactory$DisableAutoConfigurationContextCustomizer@50468873, org.springframework.boot.test.autoconfigure.actuate.metrics.MetricsExportContextCustomizerFactory$DisableMetricExportContextCustomizer@2a898881, org.springframework.boot.test.autoconfigure.filter.TypeExcludeFiltersContextCustomizer@351584c0, org.springframework.boot.test.autoconfigure.properties.PropertyMappingContextCustomizer@e420f45e, org.springframework.boot.test.autoconfigure.web.servlet.WebDriverContextCustomizerFactory$Customizer@67304a40, [ImportsContextCustomizer@4879f0f2 key = [org.springframework.boot.autoconfigure.cache.CacheAutoConfiguration, org.springframework.boot.autoconfigure.data.jpa.JpaRepositoriesAutoConfiguration, org.springframework.boot.autoconfigure.flyway.FlywayAutoConfiguration, org.springframework.boot.autoconfigure.jdbc.DataSourceAutoConfiguration, org.springframework.boot.autoconfigure.jdbc.DataSourceTransactionManagerAutoConfiguration, org.springframework.boot.autoconfigure.jdbc.JdbcTemplateAutoConfiguration, org.springframework.boot.autoconfigure.liquibase.LiquibaseAutoConfiguration, org.springframework.boot.autoconfigure.orm.jpa.HibernateJpaAutoConfiguration, org.springframework.boot.autoconfigure.sql.init.SqlInitializationAutoConfiguration, org.springframework.boot.autoconfigure.transaction.TransactionAutoConfiguration, org.springframework.boot.test.autoconfigure.jdbc.TestDatabaseAutoConfiguration, org.springframework.boot.test.autoconfigure.orm.jpa.TestEntityManagerAutoConfiguration, me.lsh.javacrawler.domain.event.competition.TestJPAConfig]], org.springframework.boot.test.context.filter.ExcludeFilterContextCustomizer@52066604, org.springframework.boot.test.json.DuplicateJsonObjectContextCustomizerFactory$DuplicateJsonObjectContextCustomizer@5669c5fb, org.springframework.boot.test.mock.mockito.MockitoContextCustomizer@0, org.springframework.boot.test.context.SpringBootTestArgs@1, org.springframework.boot.test.context.SpringBootTestWebEnvironment@0], contextLoader = 'org.springframework.boot.test.context.SpringBootContextLoader', parent = [null]], attributes = map['org.springframework.test.context.event.ApplicationEventsTestExecutionListener.recordApplicationEvents' -> false]]; transaction manager [org.springframework.orm.jpa.JpaTransactionManager@6604f246]; rollback [true]
Hibernate: insert into event (event_id, created_at, last_modified_at, bookmark_count, content, event_type, expired_at, organizer, original_link, provider, started_at, status, thumbnail, title, view_count, dtype) values (default, ?, ?, ?, ?, ?, ?, ?, ?, ?, ?, ?, ?, ?, ?, 'c')
Hibernate: insert into competition (award_amount, award_scale, page_id, event_id) values (?, ?, ?, ?)
Hibernate: insert into event (event_id, created_at, last_modified_at, bookmark_count, content, event_type, expired_at, organizer, original_link, provider, started_at, status, thumbnail, title, view_count, dtype) values (default, ?, ?, ?, ?, ?, ?, ?, ?, ?, ?, ?, ?, ?, ?, 'c')
Hibernate: insert into competition (award_amount, award_scale, page_id, event_id) values (?, ?, ?, ?)
Hibernate: insert into event (event_id, created_at, last_modified_at, bookmark_count, content, event_type, expired_at, organizer, original_link, provider, started_at, status, thumbnail, title, view_count, dtype) values (default, ?, ?, ?, ?, ?, ?, ?, ?, ?, ?, ?, ?, ?, ?, 'c')
Hibernate: insert into competition (award_amount, award_scale, page_id, event_id) values (?, ?, ?, ?)
Hibernate: insert into event (event_id, created_at, last_modified_at, bookmark_count, content, event_type, expired_at, organizer, original_link, provider, started_at, status, thumbnail, title, view_count, dtype) values (default, ?, ?, ?, ?, ?, ?, ?, ?, ?, ?, ?, ?, ?, ?, 'c')
Hibernate: insert into competition (award_amount, award_scale, page_id, event_id) values (?, ?, ?, ?)
Hibernate: insert into event_applicants (event_id, applicants) values (?, ?)
Hibernate: insert into event_applicants (event_id, applicants) values (?, ?)
Hibernate: insert into event_applicants (event_id, applicants) values (?, ?)
Hibernate: insert into event_applicants (event_id, applicants) values (?, ?)
Hibernate: insert into event_applicants (event_id, applicants) values (?, ?)
Hibernate: select competitio0_.event_id as event_id2_3_, competitio0_1_.created_at as created_3_3_, competitio0_1_.last_modified_at as last_mod4_3_, competitio0_1_.bookmark_count as bookmark5_3_, competitio0_1_.content as content6_3_, competitio0_1_.event_type as event_ty7_3_, competitio0_1_.expired_at as expired_8_3_, competitio0_1_.organizer as organize9_3_, competitio0_1_.original_link as origina10_3_, competitio0_1_.provider as provide11_3_, competitio0_1_.started_at as started12_3_, competitio0_1_.status as status13_3_, competitio0_1_.thumbnail as thumbna14_3_, competitio0_1_.title as title15_3_, competitio0_1_.view_count as view_co16_3_, competitio0_.award_amount as award_am1_1_, competitio0_.award_scale as award_sc2_1_, competitio0_.page_id as page_id3_1_ from competition competitio0_ inner join event competitio0_1_ on competitio0_.event_id=competitio0_1_.event_id where exists (select 1 from competition competitio1_ inner join event_applicants applicants2_ on competitio1_.event_id=applicants2_.event_id where competitio1_.event_id=competitio0_.event_id and (applicants2_.applicants in (? , ?))) order by competitio0_.page_id desc limit ? offset ?
Hibernate: select count(competitio0_.event_id) as col_0_0_ from competition competitio0_ where exists (select 1 from competition competitio1_ inner join event_applicants applicants2_ on competitio1_.event_id=applicants2_.event_id where competitio1_.event_id=competitio0_.event_id and (applicants2_.applicants in (? , ?)))
2023-05-29 04:48:45.014  INFO 68722 --- [    Test worker] o.s.t.c.transaction.TransactionContext   : Rolled back transaction for test: [DefaultTestContext@306851c7 testClass = CompetitionRepositoryTest, testInstance = me.lsh.javacrawler.domain.event.competition.CompetitionRepositoryTest@4c5c0306, testMethod = 행사_참여대상_청소년_직장인@CompetitionRepositoryTest, testException = [null], mergedContextConfiguration = [MergedContextConfiguration@12bcd0c0 testClass = CompetitionRepositoryTest, locations = '{}', classes = '{class me.lsh.javacrawler.JavaCrawlerApplication}', contextInitializerClasses = '[]', activeProfiles = '{}', propertySourceLocations = '{}', propertySourceProperties = '{org.springframework.boot.test.autoconfigure.orm.jpa.DataJpaTestContextBootstrapper=true}', contextCustomizers = set[org.springframework.boot.test.autoconfigure.OverrideAutoConfigurationContextCustomizerFactory$DisableAutoConfigurationContextCustomizer@50468873, org.springframework.boot.test.autoconfigure.actuate.metrics.MetricsExportContextCustomizerFactory$DisableMetricExportContextCustomizer@2a898881, org.springframework.boot.test.autoconfigure.filter.TypeExcludeFiltersContextCustomizer@351584c0, org.springframework.boot.test.autoconfigure.properties.PropertyMappingContextCustomizer@e420f45e, org.springframework.boot.test.autoconfigure.web.servlet.WebDriverContextCustomizerFactory$Customizer@67304a40, [ImportsContextCustomizer@4879f0f2 key = [org.springframework.boot.autoconfigure.cache.CacheAutoConfiguration, org.springframework.boot.autoconfigure.data.jpa.JpaRepositoriesAutoConfiguration, org.springframework.boot.autoconfigure.flyway.FlywayAutoConfiguration, org.springframework.boot.autoconfigure.jdbc.DataSourceAutoConfiguration, org.springframework.boot.autoconfigure.jdbc.DataSourceTransactionManagerAutoConfiguration, org.springframework.boot.autoconfigure.jdbc.JdbcTemplateAutoConfiguration, org.springframework.boot.autoconfigure.liquibase.LiquibaseAutoConfiguration, org.springframework.boot.autoconfigure.orm.jpa.HibernateJpaAutoConfiguration, org.springframework.boot.autoconfigure.sql.init.SqlInitializationAutoConfiguration, org.springframework.boot.autoconfigure.transaction.TransactionAutoConfiguration, org.springframework.boot.test.autoconfigure.jdbc.TestDatabaseAutoConfiguration, org.springframework.boot.test.autoconfigure.orm.jpa.TestEntityManagerAutoConfiguration, me.lsh.javacrawler.domain.event.competition.TestJPAConfig]], org.springframework.boot.test.context.filter.ExcludeFilterContextCustomizer@52066604, org.springframework.boot.test.json.DuplicateJsonObjectContextCustomizerFactory$DuplicateJsonObjectContextCustomizer@5669c5fb, org.springframework.boot.test.mock.mockito.MockitoContextCustomizer@0, org.springframework.boot.test.context.SpringBootTestArgs@1, org.springframework.boot.test.context.SpringBootTestWebEnvironment@0], contextLoader = 'org.springframework.boot.test.context.SpringBootContextLoader', parent = [null]], attributes = map['org.springframework.test.context.event.ApplicationEventsTestExecutionListener.recordApplicationEvents' -> false]]
2023-05-29 04:48:45.016  INFO 68722 --- [    Test worker] o.s.t.c.transaction.TransactionContext   : Began transaction (1) for test context [DefaultTestContext@306851c7 testClass = CompetitionRepositoryTest, testInstance = me.lsh.javacrawler.domain.event.competition.CompetitionRepositoryTest@6ace3, testMethod = 행사_저장@CompetitionRepositoryTest, testException = [null], mergedContextConfiguration = [MergedContextConfiguration@12bcd0c0 testClass = CompetitionRepositoryTest, locations = '{}', classes = '{class me.lsh.javacrawler.JavaCrawlerApplication}', contextInitializerClasses = '[]', activeProfiles = '{}', propertySourceLocations = '{}', propertySourceProperties = '{org.springframework.boot.test.autoconfigure.orm.jpa.DataJpaTestContextBootstrapper=true}', contextCustomizers = set[org.springframework.boot.test.autoconfigure.OverrideAutoConfigurationContextCustomizerFactory$DisableAutoConfigurationContextCustomizer@50468873, org.springframework.boot.test.autoconfigure.actuate.metrics.MetricsExportContextCustomizerFactory$DisableMetricExportContextCustomizer@2a898881, org.springframework.boot.test.autoconfigure.filter.TypeExcludeFiltersContextCustomizer@351584c0, org.springframework.boot.test.autoconfigure.properties.PropertyMappingContextCustomizer@e420f45e, org.springframework.boot.test.autoconfigure.web.servlet.WebDriverContextCustomizerFactory$Customizer@67304a40, [ImportsContextCustomizer@4879f0f2 key = [org.springframework.boot.autoconfigure.cache.CacheAutoConfiguration, org.springframework.boot.autoconfigure.data.jpa.JpaRepositoriesAutoConfiguration, org.springframework.boot.autoconfigure.flyway.FlywayAutoConfiguration, org.springframework.boot.autoconfigure.jdbc.DataSourceAutoConfiguration, org.springframework.boot.autoconfigure.jdbc.DataSourceTransactionManagerAutoConfiguration, org.springframework.boot.autoconfigure.jdbc.JdbcTemplateAutoConfiguration, org.springframework.boot.autoconfigure.liquibase.LiquibaseAutoConfiguration, org.springframework.boot.autoconfigure.orm.jpa.HibernateJpaAutoConfiguration, org.springframework.boot.autoconfigure.sql.init.SqlInitializationAutoConfiguration, org.springframework.boot.autoconfigure.transaction.TransactionAutoConfiguration, org.springframework.boot.test.autoconfigure.jdbc.TestDatabaseAutoConfiguration, org.springframework.boot.test.autoconfigure.orm.jpa.TestEntityManagerAutoConfiguration, me.lsh.javacrawler.domain.event.competition.TestJPAConfig]], org.springframework.boot.test.context.filter.ExcludeFilterContextCustomizer@52066604, org.springframework.boot.test.json.DuplicateJsonObjectContextCustomizerFactory$DuplicateJsonObjectContextCustomizer@5669c5fb, org.springframework.boot.test.mock.mockito.MockitoContextCustomizer@0, org.springframework.boot.test.context.SpringBootTestArgs@1, org.springframework.boot.test.context.SpringBootTestWebEnvironment@0], contextLoader = 'org.springframework.boot.test.context.SpringBootContextLoader', parent = [null]], attributes = map['org.springframework.test.context.event.ApplicationEventsTestExecutionListener.recordApplicationEvents' -> false]]; transaction manager [org.springframework.orm.jpa.JpaTransactionManager@6604f246]; rollback [true]
Hibernate: insert into event (event_id, created_at, last_modified_at, bookmark_count, content, event_type, expired_at, organizer, original_link, provider, started_at, status, thumbnail, title, view_count, dtype) values (default, ?, ?, ?, ?, ?, ?, ?, ?, ?, ?, ?, ?, ?, ?, 'c')
Hibernate: insert into competition (award_amount, award_scale, page_id, event_id) values (?, ?, ?, ?)
2023-05-29 04:48:45.042  INFO 68722 --- [    Test worker] o.s.t.c.transaction.TransactionContext   : Rolled back transaction for test: [DefaultTestContext@306851c7 testClass = CompetitionRepositoryTest, testInstance = me.lsh.javacrawler.domain.event.competition.CompetitionRepositoryTest@6ace3, testMethod = 행사_저장@CompetitionRepositoryTest, testException = [null], mergedContextConfiguration = [MergedContextConfiguration@12bcd0c0 testClass = CompetitionRepositoryTest, locations = '{}', classes = '{class me.lsh.javacrawler.JavaCrawlerApplication}', contextInitializerClasses = '[]', activeProfiles = '{}', propertySourceLocations = '{}', propertySourceProperties = '{org.springframework.boot.test.autoconfigure.orm.jpa.DataJpaTestContextBootstrapper=true}', contextCustomizers = set[org.springframework.boot.test.autoconfigure.OverrideAutoConfigurationContextCustomizerFactory$DisableAutoConfigurationContextCustomizer@50468873, org.springframework.boot.test.autoconfigure.actuate.metrics.MetricsExportContextCustomizerFactory$DisableMetricExportContextCustomizer@2a898881, org.springframework.boot.test.autoconfigure.filter.TypeExcludeFiltersContextCustomizer@351584c0, org.springframework.boot.test.autoconfigure.properties.PropertyMappingContextCustomizer@e420f45e, org.springframework.boot.test.autoconfigure.web.servlet.WebDriverContextCustomizerFactory$Customizer@67304a40, [ImportsContextCustomizer@4879f0f2 key = [org.springframework.boot.autoconfigure.cache.CacheAutoConfiguration, org.springframework.boot.autoconfigure.data.jpa.JpaRepositoriesAutoConfiguration, org.springframework.boot.autoconfigure.flyway.FlywayAutoConfiguration, org.springframework.boot.autoconfigure.jdbc.DataSourceAutoConfiguration, org.springframework.boot.autoconfigure.jdbc.DataSourceTransactionManagerAutoConfiguration, org.springframework.boot.autoconfigure.jdbc.JdbcTemplateAutoConfiguration, org.springframework.boot.autoconfigure.liquibase.LiquibaseAutoConfiguration, org.springframework.boot.autoconfigure.orm.jpa.HibernateJpaAutoConfiguration, org.springframework.boot.autoconfigure.sql.init.SqlInitializationAutoConfiguration, org.springframework.boot.autoconfigure.transaction.TransactionAutoConfiguration, org.springframework.boot.test.autoconfigure.jdbc.TestDatabaseAutoConfiguration, org.springframework.boot.test.autoconfigure.orm.jpa.TestEntityManagerAutoConfiguration, me.lsh.javacrawler.domain.event.competition.TestJPAConfig]], org.springframework.boot.test.context.filter.ExcludeFilterContextCustomizer@52066604, org.springframework.boot.test.json.DuplicateJsonObjectContextCustomizerFactory$DuplicateJsonObjectContextCustomizer@5669c5fb, org.springframework.boot.test.mock.mockito.MockitoContextCustomizer@0, org.springframework.boot.test.context.SpringBootTestArgs@1, org.springframework.boot.test.context.SpringBootTestWebEnvironment@0], contextLoader = 'org.springframework.boot.test.context.SpringBootContextLoader', parent = [null]], attributes = map['org.springframework.test.context.event.ApplicationEventsTestExecutionListener.recordApplicationEvents' -> false]]
2023-05-29 04:48:45.044  INFO 68722 --- [    Test worker] o.s.t.c.transaction.TransactionContext   : Began transaction (1) for test context [DefaultTestContext@306851c7 testClass = CompetitionRepositoryTest, testInstance = me.lsh.javacrawler.domain.event.competition.CompetitionRepositoryTest@16257f8c, testMethod = 행사_지금@CompetitionRepositoryTest, testException = [null], mergedContextConfiguration = [MergedContextConfiguration@12bcd0c0 testClass = CompetitionRepositoryTest, locations = '{}', classes = '{class me.lsh.javacrawler.JavaCrawlerApplication}', contextInitializerClasses = '[]', activeProfiles = '{}', propertySourceLocations = '{}', propertySourceProperties = '{org.springframework.boot.test.autoconfigure.orm.jpa.DataJpaTestContextBootstrapper=true}', contextCustomizers = set[org.springframework.boot.test.autoconfigure.OverrideAutoConfigurationContextCustomizerFactory$DisableAutoConfigurationContextCustomizer@50468873, org.springframework.boot.test.autoconfigure.actuate.metrics.MetricsExportContextCustomizerFactory$DisableMetricExportContextCustomizer@2a898881, org.springframework.boot.test.autoconfigure.filter.TypeExcludeFiltersContextCustomizer@351584c0, org.springframework.boot.test.autoconfigure.properties.PropertyMappingContextCustomizer@e420f45e, org.springframework.boot.test.autoconfigure.web.servlet.WebDriverContextCustomizerFactory$Customizer@67304a40, [ImportsContextCustomizer@4879f0f2 key = [org.springframework.boot.autoconfigure.cache.CacheAutoConfiguration, org.springframework.boot.autoconfigure.data.jpa.JpaRepositoriesAutoConfiguration, org.springframework.boot.autoconfigure.flyway.FlywayAutoConfiguration, org.springframework.boot.autoconfigure.jdbc.DataSourceAutoConfiguration, org.springframework.boot.autoconfigure.jdbc.DataSourceTransactionManagerAutoConfiguration, org.springframework.boot.autoconfigure.jdbc.JdbcTemplateAutoConfiguration, org.springframework.boot.autoconfigure.liquibase.LiquibaseAutoConfiguration, org.springframework.boot.autoconfigure.orm.jpa.HibernateJpaAutoConfiguration, org.springframework.boot.autoconfigure.sql.init.SqlInitializationAutoConfiguration, org.springframework.boot.autoconfigure.transaction.TransactionAutoConfiguration, org.springframework.boot.test.autoconfigure.jdbc.TestDatabaseAutoConfiguration, org.springframework.boot.test.autoconfigure.orm.jpa.TestEntityManagerAutoConfiguration, me.lsh.javacrawler.domain.event.competition.TestJPAConfig]], org.springframework.boot.test.context.filter.ExcludeFilterContextCustomizer@52066604, org.springframework.boot.test.json.DuplicateJsonObjectContextCustomizerFactory$DuplicateJsonObjectContextCustomizer@5669c5fb, org.springframework.boot.test.mock.mockito.MockitoContextCustomizer@0, org.springframework.boot.test.context.SpringBootTestArgs@1, org.springframework.boot.test.context.SpringBootTestWebEnvironment@0], contextLoader = 'org.springframework.boot.test.context.SpringBootContextLoader', parent = [null]], attributes = map['org.springframework.test.context.event.ApplicationEventsTestExecutionListener.recordApplicationEvents' -> false]]; transaction manager [org.springframework.orm.jpa.JpaTransactionManager@6604f246]; rollback [true]
Hibernate: insert into event (event_id, created_at, last_modified_at, bookmark_count, content, event_type, expired_at, organizer, original_link, provider, started_at, status, thumbnail, title, view_count, dtype) values (default, ?, ?, ?, ?, ?, ?, ?, ?, ?, ?, ?, ?, ?, ?, 'c')
Hibernate: insert into competition (award_amount, award_scale, page_id, event_id) values (?, ?, ?, ?)
Hibernate: select competitio0_.event_id as event_id2_3_, competitio0_1_.created_at as created_3_3_, competitio0_1_.last_modified_at as last_mod4_3_, competitio0_1_.bookmark_count as bookmark5_3_, competitio0_1_.content as content6_3_, competitio0_1_.event_type as event_ty7_3_, competitio0_1_.expired_at as expired_8_3_, competitio0_1_.organizer as organize9_3_, competitio0_1_.original_link as origina10_3_, competitio0_1_.provider as provide11_3_, competitio0_1_.started_at as started12_3_, competitio0_1_.status as status13_3_, competitio0_1_.thumbnail as thumbna14_3_, competitio0_1_.title as title15_3_, competitio0_1_.view_count as view_co16_3_, competitio0_.award_amount as award_am1_1_, competitio0_.award_scale as award_sc2_1_, competitio0_.page_id as page_id3_1_ from competition competitio0_ inner join event competitio0_1_ on competitio0_.event_id=competitio0_1_.event_id where competitio0_1_.started_at<=? and competitio0_1_.expired_at>=? and competitio0_1_.started_at<? order by competitio0_.page_id desc limit ? offset ?
Hibernate: select count(competitio0_.event_id) as col_0_0_ from competition competitio0_ inner join event competitio0_1_ on competitio0_.event_id=competitio0_1_.event_id where competitio0_1_.started_at<=? and competitio0_1_.expired_at>=? and competitio0_1_.started_at<?
2023-05-29 04:48:45.053  INFO 68722 --- [    Test worker] o.s.t.c.transaction.TransactionContext   : Rolled back transaction for test: [DefaultTestContext@306851c7 testClass = CompetitionRepositoryTest, testInstance = me.lsh.javacrawler.domain.event.competition.CompetitionRepositoryTest@16257f8c, testMethod = 행사_지금@CompetitionRepositoryTest, testException = [null], mergedContextConfiguration = [MergedContextConfiguration@12bcd0c0 testClass = CompetitionRepositoryTest, locations = '{}', classes = '{class me.lsh.javacrawler.JavaCrawlerApplication}', contextInitializerClasses = '[]', activeProfiles = '{}', propertySourceLocations = '{}', propertySourceProperties = '{org.springframework.boot.test.autoconfigure.orm.jpa.DataJpaTestContextBootstrapper=true}', contextCustomizers = set[org.springframework.boot.test.autoconfigure.OverrideAutoConfigurationContextCustomizerFactory$DisableAutoConfigurationContextCustomizer@50468873, org.springframework.boot.test.autoconfigure.actuate.metrics.MetricsExportContextCustomizerFactory$DisableMetricExportContextCustomizer@2a898881, org.springframework.boot.test.autoconfigure.filter.TypeExcludeFiltersContextCustomizer@351584c0, org.springframework.boot.test.autoconfigure.properties.PropertyMappingContextCustomizer@e420f45e, org.springframework.boot.test.autoconfigure.web.servlet.WebDriverContextCustomizerFactory$Customizer@67304a40, [ImportsContextCustomizer@4879f0f2 key = [org.springframework.boot.autoconfigure.cache.CacheAutoConfiguration, org.springframework.boot.autoconfigure.data.jpa.JpaRepositoriesAutoConfiguration, org.springframework.boot.autoconfigure.flyway.FlywayAutoConfiguration, org.springframework.boot.autoconfigure.jdbc.DataSourceAutoConfiguration, org.springframework.boot.autoconfigure.jdbc.DataSourceTransactionManagerAutoConfiguration, org.springframework.boot.autoconfigure.jdbc.JdbcTemplateAutoConfiguration, org.springframework.boot.autoconfigure.liquibase.LiquibaseAutoConfiguration, org.springframework.boot.autoconfigure.orm.jpa.HibernateJpaAutoConfiguration, org.springframework.boot.autoconfigure.sql.init.SqlInitializationAutoConfiguration, org.springframework.boot.autoconfigure.transaction.TransactionAutoConfiguration, org.springframework.boot.test.autoconfigure.jdbc.TestDatabaseAutoConfiguration, org.springframework.boot.test.autoconfigure.orm.jpa.TestEntityManagerAutoConfiguration, me.lsh.javacrawler.domain.event.competition.TestJPAConfig]], org.springframework.boot.test.context.filter.ExcludeFilterContextCustomizer@52066604, org.springframework.boot.test.json.DuplicateJsonObjectContextCustomizerFactory$DuplicateJsonObjectContextCustomizer@5669c5fb, org.springframework.boot.test.mock.mockito.MockitoContextCustomizer@0, org.springframework.boot.test.context.SpringBootTestArgs@1, org.springframework.boot.test.context.SpringBootTestWebEnvironment@0], contextLoader = 'org.springframework.boot.test.context.SpringBootContextLoader', parent = [null]], attributes = map['org.springframework.test.context.event.ApplicationEventsTestExecutionListener.recordApplicationEvents' -> false]]
2023-05-29 04:48:45.055  INFO 68722 --- [    Test worker] o.s.t.c.transaction.TransactionContext   : Began transaction (1) for test context [DefaultTestContext@306851c7 testClass = CompetitionRepositoryTest, testInstance = me.lsh.javacrawler.domain.event.competition.CompetitionRepositoryTest@222a7429, testMethod = 행사_참여대상_제한없음@CompetitionRepositoryTest, testException = [null], mergedContextConfiguration = [MergedContextConfiguration@12bcd0c0 testClass = CompetitionRepositoryTest, locations = '{}', classes = '{class me.lsh.javacrawler.JavaCrawlerApplication}', contextInitializerClasses = '[]', activeProfiles = '{}', propertySourceLocations = '{}', propertySourceProperties = '{org.springframework.boot.test.autoconfigure.orm.jpa.DataJpaTestContextBootstrapper=true}', contextCustomizers = set[org.springframework.boot.test.autoconfigure.OverrideAutoConfigurationContextCustomizerFactory$DisableAutoConfigurationContextCustomizer@50468873, org.springframework.boot.test.autoconfigure.actuate.metrics.MetricsExportContextCustomizerFactory$DisableMetricExportContextCustomizer@2a898881, org.springframework.boot.test.autoconfigure.filter.TypeExcludeFiltersContextCustomizer@351584c0, org.springframework.boot.test.autoconfigure.properties.PropertyMappingContextCustomizer@e420f45e, org.springframework.boot.test.autoconfigure.web.servlet.WebDriverContextCustomizerFactory$Customizer@67304a40, [ImportsContextCustomizer@4879f0f2 key = [org.springframework.boot.autoconfigure.cache.CacheAutoConfiguration, org.springframework.boot.autoconfigure.data.jpa.JpaRepositoriesAutoConfiguration, org.springframework.boot.autoconfigure.flyway.FlywayAutoConfiguration, org.springframework.boot.autoconfigure.jdbc.DataSourceAutoConfiguration, org.springframework.boot.autoconfigure.jdbc.DataSourceTransactionManagerAutoConfiguration, org.springframework.boot.autoconfigure.jdbc.JdbcTemplateAutoConfiguration, org.springframework.boot.autoconfigure.liquibase.LiquibaseAutoConfiguration, org.springframework.boot.autoconfigure.orm.jpa.HibernateJpaAutoConfiguration, org.springframework.boot.autoconfigure.sql.init.SqlInitializationAutoConfiguration, org.springframework.boot.autoconfigure.transaction.TransactionAutoConfiguration, org.springframework.boot.test.autoconfigure.jdbc.TestDatabaseAutoConfiguration, org.springframework.boot.test.autoconfigure.orm.jpa.TestEntityManagerAutoConfiguration, me.lsh.javacrawler.domain.event.competition.TestJPAConfig]], org.springframework.boot.test.context.filter.ExcludeFilterContextCustomizer@52066604, org.springframework.boot.test.json.DuplicateJsonObjectContextCustomizerFactory$DuplicateJsonObjectContextCustomizer@5669c5fb, org.springframework.boot.test.mock.mockito.MockitoContextCustomizer@0, org.springframework.boot.test.context.SpringBootTestArgs@1, org.springframework.boot.test.context.SpringBootTestWebEnvironment@0], contextLoader = 'org.springframework.boot.test.context.SpringBootContextLoader', parent = [null]], attributes = map['org.springframework.test.context.event.ApplicationEventsTestExecutionListener.recordApplicationEvents' -> false]]; transaction manager [org.springframework.orm.jpa.JpaTransactionManager@6604f246]; rollback [true]
Hibernate: insert into event (event_id, created_at, last_modified_at, bookmark_count, content, event_type, expired_at, organizer, original_link, provider, started_at, status, thumbnail, title, view_count, dtype) values (default, ?, ?, ?, ?, ?, ?, ?, ?, ?, ?, ?, ?, ?, ?, 'c')
Hibernate: insert into competition (award_amount, award_scale, page_id, event_id) values (?, ?, ?, ?)
Hibernate: insert into event (event_id, created_at, last_modified_at, bookmark_count, content, event_type, expired_at, organizer, original_link, provider, started_at, status, thumbnail, title, view_count, dtype) values (default, ?, ?, ?, ?, ?, ?, ?, ?, ?, ?, ?, ?, ?, ?, 'c')
Hibernate: insert into competition (award_amount, award_scale, page_id, event_id) values (?, ?, ?, ?)
Hibernate: insert into event (event_id, created_at, last_modified_at, bookmark_count, content, event_type, expired_at, organizer, original_link, provider, started_at, status, thumbnail, title, view_count, dtype) values (default, ?, ?, ?, ?, ?, ?, ?, ?, ?, ?, ?, ?, ?, ?, 'c')
Hibernate: insert into competition (award_amount, award_scale, page_id, event_id) values (?, ?, ?, ?)
Hibernate: insert into event_applicants (event_id, applicants) values (?, ?)
Hibernate: insert into event_applicants (event_id, applicants) values (?, ?)
Hibernate: insert into event_applicants (event_id, applicants) values (?, ?)
Hibernate: insert into event_applicants (event_id, applicants) values (?, ?)
Hibernate: select competitio0_.event_id as event_id2_3_, competitio0_1_.created_at as created_3_3_, competitio0_1_.last_modified_at as last_mod4_3_, competitio0_1_.bookmark_count as bookmark5_3_, competitio0_1_.content as content6_3_, competitio0_1_.event_type as event_ty7_3_, competitio0_1_.expired_at as expired_8_3_, competitio0_1_.organizer as organize9_3_, competitio0_1_.original_link as origina10_3_, competitio0_1_.provider as provide11_3_, competitio0_1_.started_at as started12_3_, competitio0_1_.status as status13_3_, competitio0_1_.thumbnail as thumbna14_3_, competitio0_1_.title as title15_3_, competitio0_1_.view_count as view_co16_3_, competitio0_.award_amount as award_am1_1_, competitio0_.award_scale as award_sc2_1_, competitio0_.page_id as page_id3_1_ from competition competitio0_ inner join event competitio0_1_ on competitio0_.event_id=competitio0_1_.event_id where exists (select 1 from competition competitio1_ inner join event_applicants applicants2_ on competitio1_.event_id=applicants2_.event_id where competitio1_.event_id=competitio0_.event_id and applicants2_.applicants=?) order by competitio0_.page_id desc limit ? offset ?
Hibernate: select count(competitio0_.event_id) as col_0_0_ from competition competitio0_ where exists (select 1 from competition competitio1_ inner join event_applicants applicants2_ on competitio1_.event_id=applicants2_.event_id where competitio1_.event_id=competitio0_.event_id and applicants2_.applicants=?)
2023-05-29 04:48:45.064  INFO 68722 --- [    Test worker] o.s.t.c.transaction.TransactionContext   : Rolled back transaction for test: [DefaultTestContext@306851c7 testClass = CompetitionRepositoryTest, testInstance = me.lsh.javacrawler.domain.event.competition.CompetitionRepositoryTest@222a7429, testMethod = 행사_참여대상_제한없음@CompetitionRepositoryTest, testException = [null], mergedContextConfiguration = [MergedContextConfiguration@12bcd0c0 testClass = CompetitionRepositoryTest, locations = '{}', classes = '{class me.lsh.javacrawler.JavaCrawlerApplication}', contextInitializerClasses = '[]', activeProfiles = '{}', propertySourceLocations = '{}', propertySourceProperties = '{org.springframework.boot.test.autoconfigure.orm.jpa.DataJpaTestContextBootstrapper=true}', contextCustomizers = set[org.springframework.boot.test.autoconfigure.OverrideAutoConfigurationContextCustomizerFactory$DisableAutoConfigurationContextCustomizer@50468873, org.springframework.boot.test.autoconfigure.actuate.metrics.MetricsExportContextCustomizerFactory$DisableMetricExportContextCustomizer@2a898881, org.springframework.boot.test.autoconfigure.filter.TypeExcludeFiltersContextCustomizer@351584c0, org.springframework.boot.test.autoconfigure.properties.PropertyMappingContextCustomizer@e420f45e, org.springframework.boot.test.autoconfigure.web.servlet.WebDriverContextCustomizerFactory$Customizer@67304a40, [ImportsContextCustomizer@4879f0f2 key = [org.springframework.boot.autoconfigure.cache.CacheAutoConfiguration, org.springframework.boot.autoconfigure.data.jpa.JpaRepositoriesAutoConfiguration, org.springframework.boot.autoconfigure.flyway.FlywayAutoConfiguration, org.springframework.boot.autoconfigure.jdbc.DataSourceAutoConfiguration, org.springframework.boot.autoconfigure.jdbc.DataSourceTransactionManagerAutoConfiguration, org.springframework.boot.autoconfigure.jdbc.JdbcTemplateAutoConfiguration, org.springframework.boot.autoconfigure.liquibase.LiquibaseAutoConfiguration, org.springframework.boot.autoconfigure.orm.jpa.HibernateJpaAutoConfiguration, org.springframework.boot.autoconfigure.sql.init.SqlInitializationAutoConfiguration, org.springframework.boot.autoconfigure.transaction.TransactionAutoConfiguration, org.springframework.boot.test.autoconfigure.jdbc.TestDatabaseAutoConfiguration, org.springframework.boot.test.autoconfigure.orm.jpa.TestEntityManagerAutoConfiguration, me.lsh.javacrawler.domain.event.competition.TestJPAConfig]], org.springframework.boot.test.context.filter.ExcludeFilterContextCustomizer@52066604, org.springframework.boot.test.json.DuplicateJsonObjectContextCustomizerFactory$DuplicateJsonObjectContextCustomizer@5669c5fb, org.springframework.boot.test.mock.mockito.MockitoContextCustomizer@0, org.springframework.boot.test.context.SpringBootTestArgs@1, org.springframework.boot.test.context.SpringBootTestWebEnvironment@0], contextLoader = 'org.springframework.boot.test.context.SpringBootContextLoader', parent = [null]], attributes = map['org.springframework.test.context.event.ApplicationEventsTestExecutionListener.recordApplicationEvents' -> false]]
]]></system-out>
  <system-err><![CDATA[]]></system-err>
</testsuite>
