<?xml version="1.0" encoding="UTF-8"?>
<testsuite name="me.lsh.javacrawler.domain.skill.SkillParserTest" tests="5" skipped="0" failures="0" errors="0" timestamp="2023-06-03T20:59:19" hostname="DESKTOP-0OQVVMP" time="0.06">
  <properties/>
  <testcase name="url_파싱()" classname="me.lsh.javacrawler.domain.skill.SkillParserTest" time="0.005"/>
  <testcase name="이메일_파싱()" classname="me.lsh.javacrawler.domain.skill.SkillParserTest" time="0.002"/>
  <testcase name="스킬_파싱()" classname="me.lsh.javacrawler.domain.skill.SkillParserTest" time="0.001"/>
  <testcase name="[1] content=▪ 지원자격- 대학교 재학중인 학부생 또는 대학원생 (개인 또는 팀)▪ 접수방법- 대회 홈페이지 (https://bit.ly/3UQZJ3p)▪ 출품규격- 예선: MATLAB을 활용한 AI모델 개요 제출- 본선: 예선을 통과한 AI 모델에 대한 동영상 제출* 예선 통과 후 본선에서 동영상을 제출한 모든 팀에 커피 기프티콘을 제공합니다., expected=[AI, MATLAB]" classname="me.lsh.javacrawler.domain.skill.SkillParserTest" time="0.021"/>
  <testcase name="[2] content=○ 교육내용 : &#10;- DB(오라클), 파이썬, Django, 빅데이터 분석 알고리즘, &#10;AI 머신러닝 알고리즘, AWS, 도커, 쿠버네티스, MSA, &#10;기본역량프로젝트, 핵심역량프로젝트, 실무역량프로젝트 등&#10;(수료후 진로 : Full-Stack개발자, AI서비스 개발자, 빅데이터 분석 개발자, 클라우드 서비스 개발자, expected=[ORACLE, PYTHON, DJANGO, AI, CLOUD, DOCKER, KUBERNETES, MSA]" classname="me.lsh.javacrawler.domain.skill.SkillParserTest" time="0.002"/>
  <system-out><![CDATA[2023-06-04 05:59:19.665  INFO 60544 --- [    Test worker] .b.t.c.SpringBootTestContextBootstrapper : Neither @ContextConfiguration nor @ContextHierarchy found for test class [me.lsh.javacrawler.domain.skill.SkillParserTest], using SpringBootContextLoader
2023-06-04 05:59:19.666  INFO 60544 --- [    Test worker] o.s.t.c.support.AbstractContextLoader    : Could not detect default resource locations for test class [me.lsh.javacrawler.domain.skill.SkillParserTest]: no resource found for suffixes {-context.xml, Context.groovy}.
2023-06-04 05:59:19.670  INFO 60544 --- [    Test worker] .b.t.c.SpringBootTestContextBootstrapper : Loaded default TestExecutionListener class names from location [META-INF/spring.factories]: [org.springframework.boot.test.autoconfigure.restdocs.RestDocsTestExecutionListener, org.springframework.boot.test.autoconfigure.web.client.MockRestServiceServerResetTestExecutionListener, org.springframework.boot.test.autoconfigure.web.servlet.MockMvcPrintOnlyOnFailureTestExecutionListener, org.springframework.boot.test.autoconfigure.web.servlet.WebDriverTestExecutionListener, org.springframework.boot.test.autoconfigure.webservices.client.MockWebServiceServerTestExecutionListener, org.springframework.boot.test.mock.mockito.MockitoTestExecutionListener, org.springframework.boot.test.mock.mockito.ResetMocksTestExecutionListener, org.springframework.test.context.web.ServletTestExecutionListener, org.springframework.test.context.support.DirtiesContextBeforeModesTestExecutionListener, org.springframework.test.context.event.ApplicationEventsTestExecutionListener, org.springframework.test.context.support.DependencyInjectionTestExecutionListener, org.springframework.test.context.support.DirtiesContextTestExecutionListener, org.springframework.test.context.transaction.TransactionalTestExecutionListener, org.springframework.test.context.jdbc.SqlScriptsTestExecutionListener, org.springframework.test.context.event.EventPublishingTestExecutionListener]
2023-06-04 05:59:19.671  INFO 60544 --- [    Test worker] .b.t.c.SpringBootTestContextBootstrapper : Using TestExecutionListeners: [org.springframework.test.context.web.ServletTestExecutionListener@33c7319e, org.springframework.test.context.support.DirtiesContextBeforeModesTestExecutionListener@8662634, org.springframework.test.context.event.ApplicationEventsTestExecutionListener@19adcb41, org.springframework.boot.test.mock.mockito.MockitoTestExecutionListener@f03dc9b, org.springframework.boot.test.autoconfigure.SpringBootDependencyInjectionTestExecutionListener@5c24724, org.springframework.test.context.support.DirtiesContextTestExecutionListener@3cac962e, org.springframework.test.context.transaction.TransactionalTestExecutionListener@4baca539, org.springframework.test.context.jdbc.SqlScriptsTestExecutionListener@5ada5fd3, org.springframework.test.context.event.EventPublishingTestExecutionListener@4d36c8cb, org.springframework.boot.test.autoconfigure.restdocs.RestDocsTestExecutionListener@15733aa5, org.springframework.boot.test.autoconfigure.web.client.MockRestServiceServerResetTestExecutionListener@3b58d05f, org.springframework.boot.test.autoconfigure.web.servlet.MockMvcPrintOnlyOnFailureTestExecutionListener@33f42420, org.springframework.boot.test.autoconfigure.web.servlet.WebDriverTestExecutionListener@487fc205, org.springframework.boot.test.autoconfigure.webservices.client.MockWebServiceServerTestExecutionListener@44556fbd, org.springframework.boot.test.mock.mockito.ResetMocksTestExecutionListener@39f29540]

  .   ____          _            __ _ _
 /\\ / ___'_ __ _ _(_)_ __  __ _ \ \ \ \
( ( )\___ | '_ | '_| | '_ \/ _` | \ \ \ \
 \\/  ___)| |_)| | | | | || (_| |  ) ) ) )
  '  |____| .__|_| |_|_| |_\__, | / / / /
 =========|_|==============|___/=/_/_/_/
 :: Spring Boot ::               (v2.7.11)

2023-06-04 05:59:19.713  INFO 60544 --- [    Test worker] m.l.j.domain.skill.SkillParserTest       : Starting SkillParserTest using Java 11.0.2 on DESKTOP-0OQVVMP with PID 60544 (started by tls1998 in C:\Users\lsh90\IdeaProjects\java-crawler)
2023-06-04 05:59:19.714  INFO 60544 --- [    Test worker] m.l.j.domain.skill.SkillParserTest       : The following 2 profiles are active: "oauth", "test"
2023-06-04 05:59:19.734  INFO 60544 --- [    Test worker] m.l.j.domain.skill.SkillParserTest       : Started SkillParserTest in 0.061 seconds (JVM running for 18.407)
2023-06-04 05:59:19.740  INFO 60544 --- [    Test worker] m.l.j.d.parser.skill.RegexSkillParser    : 파싱된 기술 집합 = [] / 기술 개수 = 0
2023-06-04 05:59:19.744  INFO 60544 --- [    Test worker] m.l.j.d.parser.skill.RegexSkillParser    : 파싱된 기술 집합 = [] / 기술 개수 = 0
2023-06-04 05:59:19.747  INFO 60544 --- [    Test worker] m.l.j.d.parser.skill.RegexSkillParser    : 파싱된 기술 집합 = [LOT, AI, BLOCK_CHAIN] / 기술 개수 = 3
2023-06-04 05:59:19.791  INFO 60544 --- [    Test worker] m.l.j.d.parser.skill.RegexSkillParser    : 파싱된 기술 집합 = [AI, MATLAB] / 기술 개수 = 2
2023-06-04 05:59:19.796  INFO 60544 --- [    Test worker] m.l.j.d.parser.skill.RegexSkillParser    : 파싱된 기술 집합 = [CLOUD, MSA, DJANGO, ORACLE, PYTHON, AI, FULLSTACK, DOCKER, KUBERNETES] / 기술 개수 = 9
]]></system-out>
  <system-err><![CDATA[]]></system-err>
</testsuite>
