<?xml version="1.0" encoding="UTF-8"?>
<testsuite name="me.lsh.javacrawler.crawler.moim.MoimCrawlerTest" tests="1" skipped="0" failures="0" errors="0" timestamp="2023-05-29T16:09:42" hostname="iseunghun-ui-MacBookPro.local" time="3.67">
  <properties/>
  <testcase name="이벤트_크롤링_테스트()" classname="me.lsh.javacrawler.crawler.moim.MoimCrawlerTest" time="3.67"/>
  <system-out><![CDATA[2023-05-30 01:09:42.632  INFO 89936 --- [    Test worker] .b.t.c.SpringBootTestContextBootstrapper : Neither @ContextConfiguration nor @ContextHierarchy found for test class [me.lsh.javacrawler.crawler.moim.MoimCrawlerTest], using SpringBootContextLoader
2023-05-30 01:09:42.633  INFO 89936 --- [    Test worker] o.s.t.c.support.AbstractContextLoader    : Could not detect default resource locations for test class [me.lsh.javacrawler.crawler.moim.MoimCrawlerTest]: no resource found for suffixes {-context.xml, Context.groovy}.
2023-05-30 01:09:42.633  INFO 89936 --- [    Test worker] t.c.s.AnnotationConfigContextLoaderUtils : Could not detect default configuration classes for test class [me.lsh.javacrawler.crawler.moim.MoimCrawlerTest]: MoimCrawlerTest does not declare any static, non-private, non-final, nested classes annotated with @Configuration.
2023-05-30 01:09:42.639  INFO 89936 --- [    Test worker] .b.t.c.SpringBootTestContextBootstrapper : Found @SpringBootConfiguration me.lsh.javacrawler.JavaCrawlerApplication for test class me.lsh.javacrawler.crawler.moim.MoimCrawlerTest
2023-05-30 01:09:42.641  INFO 89936 --- [    Test worker] .b.t.c.SpringBootTestContextBootstrapper : Loaded default TestExecutionListener class names from location [META-INF/spring.factories]: [org.springframework.boot.test.autoconfigure.restdocs.RestDocsTestExecutionListener, org.springframework.boot.test.autoconfigure.web.client.MockRestServiceServerResetTestExecutionListener, org.springframework.boot.test.autoconfigure.web.servlet.MockMvcPrintOnlyOnFailureTestExecutionListener, org.springframework.boot.test.autoconfigure.web.servlet.WebDriverTestExecutionListener, org.springframework.boot.test.autoconfigure.webservices.client.MockWebServiceServerTestExecutionListener, org.springframework.boot.test.mock.mockito.MockitoTestExecutionListener, org.springframework.boot.test.mock.mockito.ResetMocksTestExecutionListener, org.springframework.test.context.web.ServletTestExecutionListener, org.springframework.test.context.support.DirtiesContextBeforeModesTestExecutionListener, org.springframework.test.context.event.ApplicationEventsTestExecutionListener, org.springframework.test.context.support.DependencyInjectionTestExecutionListener, org.springframework.test.context.support.DirtiesContextTestExecutionListener, org.springframework.test.context.transaction.TransactionalTestExecutionListener, org.springframework.test.context.jdbc.SqlScriptsTestExecutionListener, org.springframework.test.context.event.EventPublishingTestExecutionListener]
2023-05-30 01:09:42.642  INFO 89936 --- [    Test worker] .b.t.c.SpringBootTestContextBootstrapper : Using TestExecutionListeners: [org.springframework.test.context.web.ServletTestExecutionListener@59f2a9e9, org.springframework.test.context.support.DirtiesContextBeforeModesTestExecutionListener@6c37b0de, org.springframework.test.context.event.ApplicationEventsTestExecutionListener@3f774d60, org.springframework.boot.test.mock.mockito.MockitoTestExecutionListener@333ab718, org.springframework.boot.test.autoconfigure.SpringBootDependencyInjectionTestExecutionListener@7fcbed77, org.springframework.test.context.support.DirtiesContextTestExecutionListener@2e2b1310, org.springframework.test.context.transaction.TransactionalTestExecutionListener@2b3247f8, org.springframework.test.context.jdbc.SqlScriptsTestExecutionListener@4d56b7f1, org.springframework.test.context.event.EventPublishingTestExecutionListener@6dd65b79, org.springframework.boot.test.autoconfigure.restdocs.RestDocsTestExecutionListener@1b136640, org.springframework.boot.test.autoconfigure.web.client.MockRestServiceServerResetTestExecutionListener@22a7ff5d, org.springframework.boot.test.autoconfigure.web.servlet.MockMvcPrintOnlyOnFailureTestExecutionListener@5a362dc7, org.springframework.boot.test.autoconfigure.web.servlet.WebDriverTestExecutionListener@564b86b, org.springframework.boot.test.autoconfigure.webservices.client.MockWebServiceServerTestExecutionListener@545ffe1, org.springframework.boot.test.mock.mockito.ResetMocksTestExecutionListener@1805b503]
2023-05-30 01:09:42.646  INFO 89936 --- [    Test worker] m.l.j.crawler.moim.FestaMoimCrawler      : --------------------[단일 모임 크롤링]--------------------
2023-05-30 01:09:46.299  INFO 89936 --- [    Test worker] m.l.j.p.e.moim.festa.FestaContentParser  : 이벤트 페이지 id 파싱 = 3021
2023-05-30 01:09:46.299  INFO 89936 --- [    Test worker] m.l.j.p.e.moim.festa.RootElementParser   : 제목 파싱 = [무료상담] 직장인 고민상담 코칭
2023-05-30 01:09:46.300  INFO 89936 --- [    Test worker] m.l.j.p.e.moim.festa.RootElementParser   : 주최기관 파싱 = 직장인상담코칭
2023-05-30 01:09:46.301  INFO 89936 --- [    Test worker] m.l.j.p.e.moim.festa.RootElementParser   : 장소 파싱 = at 서울 강남구
2023-05-30 01:09:46.301  INFO 89936 --- [    Test worker] m.l.j.p.e.moim.festa.RootElementParser   : 썸네일 파싱 = https://cf.festa.io/img/2022-12-31/9db969a2-14f4-444e-96dd-87db64d46867.PNG
2023-05-30 01:09:46.301  INFO 89936 --- [    Test worker] m.l.j.p.e.moim.festa.RootElementParser   : 기간 파싱 = 2023년 12월 31일 (일) 오후 04:00 - 오후 05:00
2023-05-30 01:09:46.309  INFO 89936 --- [    Test worker] m.l.j.p.e.moim.festa.RootElementParser   : 	 -> 접수 시작 기간 파싱 = 2023-12-31T16:00
2023-05-30 01:09:46.309  INFO 89936 --- [    Test worker] m.l.j.p.e.moim.festa.RootElementParser   : 기간 파싱 = 2023년 12월 31일 (일) 오후 04:00 - 오후 05:00
2023-05-30 01:09:46.309  INFO 89936 --- [    Test worker] m.l.j.p.e.moim.festa.RootElementParser   : 	 -> 접수 마감 기간 파싱 = 2023-12-31T16:00
2023-05-30 01:09:46.309  INFO 89936 --- [    Test worker] m.l.j.p.e.moim.festa.RootElementParser   : 비용 파싱 = 무료
2023-05-30 01:09:46.310  INFO 89936 --- [    Test worker] m.l.j.p.e.moim.festa.RootElementParser   : 기간 파싱 = 2023년 12월 31일 (일) 오후 04:00 - 오후 05:00
2023-05-30 01:09:46.314  INFO 89936 --- [    Test worker] m.l.javacrawler.parser.RegexSkillParser  : 파싱된 기술 집합 = [] / 기술 개수 = 0
2023-05-30 01:09:46.314  INFO 89936 --- [    Test worker] m.l.j.crawler.moim.FestaMoimCrawler      : --------------------[단일 모임 크롤링 완료]----------------
]]></system-out>
  <system-err><![CDATA[]]></system-err>
</testsuite>
