<?xml version="1.0" encoding="UTF-8"?>
<testsuite name="me.lsh.javacrawler.crawler.competition.CompetitionCrawlerTest" tests="1" skipped="0" failures="0" errors="0" timestamp="2023-06-03T20:59:13" hostname="DESKTOP-0OQVVMP" time="3.888">
  <properties/>
  <testcase name="이벤트_크롤링_테스트()" classname="me.lsh.javacrawler.crawler.competition.CompetitionCrawlerTest" time="3.888"/>
  <system-out><![CDATA[05:59:02.845 [Test worker] DEBUG org.springframework.test.context.BootstrapUtils - Instantiating CacheAwareContextLoaderDelegate from class [org.springframework.test.context.cache.DefaultCacheAwareContextLoaderDelegate]
05:59:02.857 [Test worker] DEBUG org.springframework.test.context.BootstrapUtils - Instantiating BootstrapContext using constructor [public org.springframework.test.context.support.DefaultBootstrapContext(java.lang.Class,org.springframework.test.context.CacheAwareContextLoaderDelegate)]
05:59:02.890 [Test worker] DEBUG org.springframework.test.context.BootstrapUtils - Instantiating TestContextBootstrapper for test class [me.lsh.javacrawler.crawler.competition.CompetitionCrawlerTest] from class [org.springframework.boot.test.context.SpringBootTestContextBootstrapper]
05:59:02.901 [Test worker] INFO org.springframework.boot.test.context.SpringBootTestContextBootstrapper - Neither @ContextConfiguration nor @ContextHierarchy found for test class [me.lsh.javacrawler.crawler.competition.CompetitionCrawlerTest], using SpringBootContextLoader
05:59:02.906 [Test worker] DEBUG org.springframework.test.context.support.AbstractContextLoader - Did not detect default resource location for test class [me.lsh.javacrawler.crawler.competition.CompetitionCrawlerTest]: class path resource [me/lsh/javacrawler/crawler/competition/CompetitionCrawlerTest-context.xml] does not exist
05:59:02.906 [Test worker] DEBUG org.springframework.test.context.support.AbstractContextLoader - Did not detect default resource location for test class [me.lsh.javacrawler.crawler.competition.CompetitionCrawlerTest]: class path resource [me/lsh/javacrawler/crawler/competition/CompetitionCrawlerTestContext.groovy] does not exist
05:59:02.906 [Test worker] INFO org.springframework.test.context.support.AbstractContextLoader - Could not detect default resource locations for test class [me.lsh.javacrawler.crawler.competition.CompetitionCrawlerTest]: no resource found for suffixes {-context.xml, Context.groovy}.
05:59:02.907 [Test worker] INFO org.springframework.test.context.support.AnnotationConfigContextLoaderUtils - Could not detect default configuration classes for test class [me.lsh.javacrawler.crawler.competition.CompetitionCrawlerTest]: CompetitionCrawlerTest does not declare any static, non-private, non-final, nested classes annotated with @Configuration.
05:59:03.004 [Test worker] DEBUG org.springframework.context.annotation.ClassPathScanningCandidateComponentProvider - Identified candidate component class: file [C:\Users\lsh90\IdeaProjects\java-crawler\build\classes\java\main\me\lsh\javacrawler\JavaCrawlerApplication.class]
05:59:03.005 [Test worker] INFO org.springframework.boot.test.context.SpringBootTestContextBootstrapper - Found @SpringBootConfiguration me.lsh.javacrawler.JavaCrawlerApplication for test class me.lsh.javacrawler.crawler.competition.CompetitionCrawlerTest
05:59:03.111 [Test worker] DEBUG org.springframework.boot.test.context.SpringBootTestContextBootstrapper - @TestExecutionListeners is not present for class [me.lsh.javacrawler.crawler.competition.CompetitionCrawlerTest]: using defaults.
05:59:03.112 [Test worker] INFO org.springframework.boot.test.context.SpringBootTestContextBootstrapper - Loaded default TestExecutionListener class names from location [META-INF/spring.factories]: [org.springframework.boot.test.autoconfigure.restdocs.RestDocsTestExecutionListener, org.springframework.boot.test.autoconfigure.web.client.MockRestServiceServerResetTestExecutionListener, org.springframework.boot.test.autoconfigure.web.servlet.MockMvcPrintOnlyOnFailureTestExecutionListener, org.springframework.boot.test.autoconfigure.web.servlet.WebDriverTestExecutionListener, org.springframework.boot.test.autoconfigure.webservices.client.MockWebServiceServerTestExecutionListener, org.springframework.boot.test.mock.mockito.MockitoTestExecutionListener, org.springframework.boot.test.mock.mockito.ResetMocksTestExecutionListener, org.springframework.test.context.web.ServletTestExecutionListener, org.springframework.test.context.support.DirtiesContextBeforeModesTestExecutionListener, org.springframework.test.context.event.ApplicationEventsTestExecutionListener, org.springframework.test.context.support.DependencyInjectionTestExecutionListener, org.springframework.test.context.support.DirtiesContextTestExecutionListener, org.springframework.test.context.transaction.TransactionalTestExecutionListener, org.springframework.test.context.jdbc.SqlScriptsTestExecutionListener, org.springframework.test.context.event.EventPublishingTestExecutionListener]
05:59:03.131 [Test worker] INFO org.springframework.boot.test.context.SpringBootTestContextBootstrapper - Using TestExecutionListeners: [org.springframework.test.context.web.ServletTestExecutionListener@2516fc68, org.springframework.test.context.support.DirtiesContextBeforeModesTestExecutionListener@304a9d7b, org.springframework.test.context.event.ApplicationEventsTestExecutionListener@6bfdb014, org.springframework.boot.test.mock.mockito.MockitoTestExecutionListener@72889280, org.springframework.boot.test.autoconfigure.SpringBootDependencyInjectionTestExecutionListener@606fc505, org.springframework.test.context.support.DirtiesContextTestExecutionListener@4aa3d36, org.springframework.test.context.transaction.TransactionalTestExecutionListener@2d140a7, org.springframework.test.context.jdbc.SqlScriptsTestExecutionListener@347bdeef, org.springframework.test.context.event.EventPublishingTestExecutionListener@2aa27288, org.springframework.boot.test.autoconfigure.restdocs.RestDocsTestExecutionListener@7f34a967, org.springframework.boot.test.autoconfigure.web.client.MockRestServiceServerResetTestExecutionListener@77e80a5e, org.springframework.boot.test.autoconfigure.web.servlet.MockMvcPrintOnlyOnFailureTestExecutionListener@1d8e2eea, org.springframework.boot.test.autoconfigure.web.servlet.WebDriverTestExecutionListener@240139e1, org.springframework.boot.test.autoconfigure.webservices.client.MockWebServiceServerTestExecutionListener@7ea4d397, org.springframework.boot.test.mock.mockito.ResetMocksTestExecutionListener@49298ce7]
05:59:03.134 [Test worker] DEBUG org.springframework.test.context.support.AbstractDirtiesContextTestExecutionListener - Before test class: context [DefaultTestContext@5e8a459 testClass = CompetitionCrawlerTest, testInstance = [null], testMethod = [null], testException = [null], mergedContextConfiguration = [WebMergedContextConfiguration@43d455c9 testClass = CompetitionCrawlerTest, locations = '{}', classes = '{class me.lsh.javacrawler.JavaCrawlerApplication}', contextInitializerClasses = '[]', activeProfiles = '{test}', propertySourceLocations = '{}', propertySourceProperties = '{org.springframework.boot.test.context.SpringBootTestContextBootstrapper=true}', contextCustomizers = set[org.springframework.boot.test.autoconfigure.actuate.metrics.MetricsExportContextCustomizerFactory$DisableMetricExportContextCustomizer@6326d182, org.springframework.boot.test.autoconfigure.properties.PropertyMappingContextCustomizer@0, org.springframework.boot.test.autoconfigure.web.servlet.WebDriverContextCustomizerFactory$Customizer@611df6e3, org.springframework.boot.test.context.filter.ExcludeFilterContextCustomizer@5d465e4b, org.springframework.boot.test.json.DuplicateJsonObjectContextCustomizerFactory$DuplicateJsonObjectContextCustomizer@117e0fe5, org.springframework.boot.test.mock.mockito.MockitoContextCustomizer@0, org.springframework.boot.test.web.client.TestRestTemplateContextCustomizer@5bda80bf, org.springframework.boot.test.context.SpringBootTestArgs@1, org.springframework.boot.test.context.SpringBootTestWebEnvironment@198d6542], resourceBasePath = 'src/main/webapp', contextLoader = 'org.springframework.boot.test.context.SpringBootContextLoader', parent = [null]], attributes = map['org.springframework.test.context.web.ServletTestExecutionListener.activateListener' -> true]], class annotated with @DirtiesContext [false] with mode [null].

  .   ____          _            __ _ _
 /\\ / ___'_ __ _ _(_)_ __  __ _ \ \ \ \
( ( )\___ | '_ | '_| | '_ \/ _` | \ \ \ \
 \\/  ___)| |_)| | | | | || (_| |  ) ) ) )
  '  |____| .__|_| |_|_| |_\__, | / / / /
 =========|_|==============|___/=/_/_/_/
 :: Spring Boot ::               (v2.7.11)

2023-06-04 05:59:03.470  INFO 60544 --- [    Test worker] m.l.j.c.c.CompetitionCrawlerTest         : Starting CompetitionCrawlerTest using Java 11.0.2 on DESKTOP-0OQVVMP with PID 60544 (started by tls1998 in C:\Users\lsh90\IdeaProjects\java-crawler)
2023-06-04 05:59:03.471  INFO 60544 --- [    Test worker] m.l.j.c.c.CompetitionCrawlerTest         : The following 2 profiles are active: "oauth", "test"
2023-06-04 05:59:04.471  INFO 60544 --- [    Test worker] .s.d.r.c.RepositoryConfigurationDelegate : Bootstrapping Spring Data JPA repositories in DEFAULT mode.
2023-06-04 05:59:04.636  INFO 60544 --- [    Test worker] .s.d.r.c.RepositoryConfigurationDelegate : Finished Spring Data repository scanning in 157 ms. Found 9 JPA repository interfaces.
2023-06-04 05:59:05.510  INFO 60544 --- [    Test worker] o.hibernate.jpa.internal.util.LogHelper  : HHH000204: Processing PersistenceUnitInfo [name: default]
2023-06-04 05:59:05.583  INFO 60544 --- [    Test worker] org.hibernate.Version                    : HHH000412: Hibernate ORM core version 5.6.15.Final
2023-06-04 05:59:05.789  INFO 60544 --- [    Test worker] o.hibernate.annotations.common.Version   : HCANN000001: Hibernate Commons Annotations {5.1.2.Final}
2023-06-04 05:59:05.918  INFO 60544 --- [    Test worker] com.zaxxer.hikari.HikariDataSource       : HikariPool-1 - Starting...
2023-06-04 05:59:06.192  INFO 60544 --- [    Test worker] com.zaxxer.hikari.HikariDataSource       : HikariPool-1 - Start completed.
2023-06-04 05:59:06.234  INFO 60544 --- [    Test worker] org.hibernate.dialect.Dialect            : HHH000400: Using dialect: org.hibernate.dialect.MySQL8Dialect
2023-06-04 05:59:06.442  WARN 60544 --- [    Test worker] org.hibernate.cfg.AnnotationBinder       : HHH000457: Joined inheritance hierarchy [me.lsh.javacrawler.domain.event.Event] defined explicit @DiscriminatorColumn.  Legacy Hibernate behavior was to ignore the @DiscriminatorColumn.  However, as part of issue HHH-6911 we now apply the explicit @DiscriminatorColumn.  If you would prefer the legacy behavior, enable the `hibernate.discriminator.ignore_explicit_for_joined` setting (hibernate.discriminator.ignore_explicit_for_joined=true)
2023-06-04 05:59:07.431  INFO 60544 --- [    Test worker] o.h.e.t.j.p.i.JtaPlatformInitiator       : HHH000490: Using JtaPlatform implementation: [org.hibernate.engine.transaction.jta.platform.internal.NoJtaPlatform]
2023-06-04 05:59:07.444  INFO 60544 --- [    Test worker] j.LocalContainerEntityManagerFactoryBean : Initialized JPA EntityManagerFactory for persistence unit 'default'
2023-06-04 05:59:11.455  INFO 60544 --- [ null to remote] o.o.selenium.remote.ProtocolHandshake    : Detected dialect: W3C
2023-06-04 05:59:11.523  WARN 60544 --- [    Test worker] o.o.selenium.devtools.CdpVersionFinder   : Unable to find an exact match for CDP version 113, so returning the closest version found: a no-op implementation
2023-06-04 05:59:11.523  INFO 60544 --- [    Test worker] o.o.selenium.devtools.CdpVersionFinder   : Unable to find CDP implementation matching 113.
2023-06-04 05:59:11.523  WARN 60544 --- [    Test worker] o.o.selenium.chromium.ChromiumDriver     : Unable to find version of CDP to use for . You may need to include a dependency on a specific version of the CDP using something similar to `org.seleniumhq.selenium:selenium-devtools-v86:4.1.4` where the version ("v86") matches the version of the chromium-based browser you're using and the version number of the artifact is the same as Selenium's.
2023-06-04 05:59:12.360  INFO 60544 --- [    Test worker] o.s.s.web.DefaultSecurityFilterChain     : Will secure any request with [org.springframework.security.web.session.DisableEncodeUrlFilter@5710f755, org.springframework.security.web.context.request.async.WebAsyncManagerIntegrationFilter@1b78c34b, org.springframework.security.web.context.SecurityContextPersistenceFilter@23ec291e, org.springframework.security.web.header.HeaderWriterFilter@4690cb47, org.springframework.security.web.authentication.logout.LogoutFilter@ecc5101, org.springframework.security.oauth2.client.web.OAuth2AuthorizationRequestRedirectFilter@57ab7b32, org.springframework.security.oauth2.client.web.OAuth2LoginAuthenticationFilter@5bb00dcc, org.springframework.security.web.authentication.ui.DefaultLoginPageGeneratingFilter@59bdd277, org.springframework.security.web.authentication.ui.DefaultLogoutPageGeneratingFilter@640890bc, org.springframework.security.web.savedrequest.RequestCacheAwareFilter@1a42da0a, org.springframework.security.web.servletapi.SecurityContextHolderAwareRequestFilter@5824b485, org.springframework.security.web.authentication.AnonymousAuthenticationFilter@5b1f32e2, org.springframework.security.web.session.SessionManagementFilter@1a2d9177, org.springframework.security.web.access.ExceptionTranslationFilter@572d1f18, org.springframework.security.web.access.intercept.FilterSecurityInterceptor@5fe5f2f0]
2023-06-04 05:59:12.723  WARN 60544 --- [    Test worker] JpaBaseConfiguration$JpaWebConfiguration : spring.jpa.open-in-view is enabled by default. Therefore, database queries may be performed during view rendering. Explicitly configure spring.jpa.open-in-view to disable this warning
2023-06-04 05:59:13.149  INFO 60544 --- [    Test worker] o.s.b.a.w.s.WelcomePageHandlerMapping    : Adding welcome page template: index
2023-06-04 05:59:13.704  INFO 60544 --- [    Test worker] m.l.j.c.c.CompetitionCrawlerTest         : Started CompetitionCrawlerTest in 10.531 seconds (JVM running for 12.377)
2023-06-04 05:59:13.849  INFO 60544 --- [    Test worker] m.l.j.d.c.c.LinkareerCompetitionCrawler  : --------------------[단일 공모전 크롤링]--------------------
2023-06-04 05:59:17.474  INFO 60544 --- [    Test worker] m.l.j.d.p.e.c.l.LinkareerContentParser   : 이벤트 페이지 id 파싱 = 131927
2023-06-04 05:59:17.476  INFO 60544 --- [    Test worker] m.l.j.d.p.e.c.l.RootElementParser        : 제목 파싱 = 도심에서 열리는 해커톤, SBA x goorm 새싹톤 (~5/9)
2023-06-04 05:59:17.477  INFO 60544 --- [    Test worker] m.l.j.d.p.e.c.l.RootElementParser        : 주최자 파싱 = (주)구름
2023-06-04 05:59:17.477  INFO 60544 --- [    Test worker] m.l.j.d.p.e.c.l.RootElementParser        : 썸네일 파싱 = https://res.cloudinary.com/linkareer/image/fetch/f_auto,q_50/https://api.linkareer.com/attachments/216524
2023-06-04 05:59:17.478  INFO 60544 --- [    Test worker] m.l.j.d.p.e.c.l.AttributeElementParser   : 접수 기간 파싱 = 23.4.26 ~ 23.5.9
2023-06-04 05:59:17.480  INFO 60544 --- [    Test worker] m.l.j.d.p.e.c.l.AttributeElementParser   : 	-> 접수 시작 기간 파싱 = 2023-04-26T00:00
2023-06-04 05:59:17.481  INFO 60544 --- [    Test worker] m.l.j.d.p.e.c.l.AttributeElementParser   : 접수 기간 파싱 = 23.4.26 ~ 23.5.9
2023-06-04 05:59:17.481  INFO 60544 --- [    Test worker] m.l.j.d.p.e.c.l.AttributeElementParser   : 	-> 접수 미감 기간 파싱 = 2023-05-09T23:59:59.999999999
2023-06-04 05:59:17.482  INFO 60544 --- [    Test worker] m.l.j.d.p.e.c.l.AttributeElementParser   : 관련 기술 파싱 = [OFFICE_WORKER, UNIV_STUDENT]
2023-06-04 05:59:17.482  INFO 60544 --- [    Test worker] m.l.j.d.p.e.c.l.AttributeElementParser   : 활동 혜택 파싱 = [DEFAULT]
2023-06-04 05:59:17.482  INFO 60544 --- [    Test worker] m.l.j.d.p.e.c.l.AttributeElementParser   : 시상 규모 파싱 = 1500만 원
2023-06-04 05:59:17.497  INFO 60544 --- [    Test worker] m.l.j.d.parser.skill.RegexSkillParser    : 파싱된 기술 집합 = [AI] / 기술 개수 = 1
2023-06-04 05:59:17.497  INFO 60544 --- [    Test worker] m.l.j.d.c.c.LinkareerCompetitionCrawler  : --------------------[단일 공모전 크롤링 완료]----------------
]]></system-out>
  <system-err><![CDATA[Starting ChromeDriver 113.0.5672.63 (0e1a4471d5ae5bf128b1bd8f4d627c8cbd55f70c-refs/branch-heads/5672@{#912}) on port 63709
Only local connections are allowed.
Please see https://chromedriver.chromium.org/security-considerations for suggestions on keeping ChromeDriver safe.
ChromeDriver was started successfully.
]]></system-err>
</testsuite>
