<?xml version="1.0" encoding="UTF-8"?>
<testsuite name="me.lsh.javacrawler.parser.moim.festa.MoimLinkParserTest" tests="1" skipped="0" failures="0" errors="0" timestamp="2023-06-04T23:29:14" hostname="DESKTOP-0OQVVMP" time="0.137">
  <properties/>
  <testcase name="전체_링크_파싱()" classname="me.lsh.javacrawler.parser.moim.festa.MoimLinkParserTest" time="0.137"/>
  <system-out><![CDATA[2023-06-05 08:29:08.600  INFO 77096 --- [ null to remote] o.o.selenium.remote.ProtocolHandshake    : Detected dialect: W3C
2023-06-05 08:29:08.662  INFO 77096 --- [    Test worker] o.o.selenium.devtools.CdpVersionFinder   : Found exact CDP implementation for version 113
]]></system-out>
  <system-err><![CDATA[Starting ChromeDriver 113.0.5672.63 (0e1a4471d5ae5bf128b1bd8f4d627c8cbd55f70c-refs/branch-heads/5672@{#912}) on port 52543
Only local connections are allowed.
Please see https://chromedriver.chromium.org/security-considerations for suggestions on keeping ChromeDriver safe.
ChromeDriver was started successfully.
]]></system-err>
</testsuite>
