<?xml version="1.0" encoding="UTF-8"?>
<testsuite name="me.lsh.javacrawler.parser.moim.festa.RootElementParserTest" tests="6" skipped="0" failures="0" errors="0" timestamp="2023-06-04T23:29:17" hostname="DESKTOP-0OQVVMP" time="0.082">
  <properties/>
  <testcase name="유료_여부_파싱()" classname="me.lsh.javacrawler.parser.moim.festa.RootElementParserTest" time="0.017"/>
  <testcase name="주최자_파싱()" classname="me.lsh.javacrawler.parser.moim.festa.RootElementParserTest" time="0.013"/>
  <testcase name="썸네일_파싱()" classname="me.lsh.javacrawler.parser.moim.festa.RootElementParserTest" time="0.013"/>
  <testcase name="기간_파싱()" classname="me.lsh.javacrawler.parser.moim.festa.RootElementParserTest" time="0.013"/>
  <testcase name="장소_파싱()" classname="me.lsh.javacrawler.parser.moim.festa.RootElementParserTest" time="0.012"/>
  <testcase name="제목_파싱()" classname="me.lsh.javacrawler.parser.moim.festa.RootElementParserTest" time="0.012"/>
  <system-out><![CDATA[2023-06-05 08:29:15.415  INFO 77096 --- [ null to remote] o.o.selenium.remote.ProtocolHandshake    : Detected dialect: W3C
2023-06-05 08:29:15.426  INFO 77096 --- [    Test worker] o.o.selenium.devtools.CdpVersionFinder   : Found exact CDP implementation for version 113
2023-06-05 08:29:17.818  INFO 77096 --- [    Test worker] m.l.j.d.p.e.m.festa.RootElementParser    : 비용 파싱 = 무료
2023-06-05 08:29:17.833  INFO 77096 --- [    Test worker] m.l.j.d.p.e.m.festa.RootElementParser    : 주최기관 파싱 = 직장인상담코칭
2023-06-05 08:29:17.846  INFO 77096 --- [    Test worker] m.l.j.d.p.e.m.festa.RootElementParser    : 썸네일 파싱 = https://cf.festa.io/img/2022-12-31/9db969a2-14f4-444e-96dd-87db64d46867.PNG
2023-06-05 08:29:17.859  INFO 77096 --- [    Test worker] m.l.j.d.p.e.m.festa.RootElementParser    : 기간 파싱 = 2023년 12월 31일 (일) 오후 04:00 - 오후 05:00
2023-06-05 08:29:17.872  INFO 77096 --- [    Test worker] m.l.j.d.p.e.m.festa.RootElementParser    : 장소 파싱 = at 서울 강남구
2023-06-05 08:29:17.884  INFO 77096 --- [    Test worker] m.l.j.d.p.e.m.festa.RootElementParser    : 제목 파싱 = [무료상담] 직장인 고민상담 코칭
]]></system-out>
  <system-err><![CDATA[Starting ChromeDriver 113.0.5672.63 (0e1a4471d5ae5bf128b1bd8f4d627c8cbd55f70c-refs/branch-heads/5672@{#912}) on port 59759
Only local connections are allowed.
Please see https://chromedriver.chromium.org/security-considerations for suggestions on keeping ChromeDriver safe.
ChromeDriver was started successfully.
]]></system-err>
</testsuite>
