<?xml version="1.0" encoding="UTF-8"?>
<testsuite name="me.lsh.javacrawler.crawler.competition.CompetitionCrawlerTest" tests="1" skipped="0" failures="0" errors="0" timestamp="2023-05-29T16:09:38" hostname="iseunghun-ui-MacBookPro.local" time="4.291">
  <properties/>
  <testcase name="이벤트_크롤링_테스트()" classname="me.lsh.javacrawler.crawler.competition.CompetitionCrawlerTest" time="4.291"/>
  <system-out><![CDATA[01:09:34.350 [Test worker] DEBUG org.springframework.test.context.BootstrapUtils - Instantiating CacheAwareContextLoaderDelegate from class [org.springframework.test.context.cache.DefaultCacheAwareContextLoaderDelegate]
01:09:34.356 [Test worker] DEBUG org.springframework.test.context.BootstrapUtils - Instantiating BootstrapContext using constructor [public org.springframework.test.context.support.DefaultBootstrapContext(java.lang.Class,org.springframework.test.context.CacheAwareContextLoaderDelegate)]
01:09:34.375 [Test worker] DEBUG org.springframework.test.context.BootstrapUtils - Instantiating TestContextBootstrapper for test class [me.lsh.javacrawler.crawler.competition.CompetitionCrawlerTest] from class [org.springframework.boot.test.context.SpringBootTestContextBootstrapper]
01:09:34.381 [Test worker] INFO org.springframework.boot.test.context.SpringBootTestContextBootstrapper - Neither @ContextConfiguration nor @ContextHierarchy found for test class [me.lsh.javacrawler.crawler.competition.CompetitionCrawlerTest], using SpringBootContextLoader
01:09:34.383 [Test worker] DEBUG org.springframework.test.context.support.AbstractContextLoader - Did not detect default resource location for test class [me.lsh.javacrawler.crawler.competition.CompetitionCrawlerTest]: class path resource [me/lsh/javacrawler/crawler/competition/CompetitionCrawlerTest-context.xml] does not exist
01:09:34.383 [Test worker] DEBUG org.springframework.test.context.support.AbstractContextLoader - Did not detect default resource location for test class [me.lsh.javacrawler.crawler.competition.CompetitionCrawlerTest]: class path resource [me/lsh/javacrawler/crawler/competition/CompetitionCrawlerTestContext.groovy] does not exist
01:09:34.383 [Test worker] INFO org.springframework.test.context.support.AbstractContextLoader - Could not detect default resource locations for test class [me.lsh.javacrawler.crawler.competition.CompetitionCrawlerTest]: no resource found for suffixes {-context.xml, Context.groovy}.
01:09:34.383 [Test worker] INFO org.springframework.test.context.support.AnnotationConfigContextLoaderUtils - Could not detect default configuration classes for test class [me.lsh.javacrawler.crawler.competition.CompetitionCrawlerTest]: CompetitionCrawlerTest does not declare any static, non-private, non-final, nested classes annotated with @Configuration.
01:09:34.403 [Test worker] DEBUG org.springframework.test.context.support.ActiveProfilesUtils - Could not find an 'annotation declaring class' for annotation type [org.springframework.test.context.ActiveProfiles] and class [me.lsh.javacrawler.crawler.competition.CompetitionCrawlerTest]
01:09:34.436 [Test worker] DEBUG org.springframework.context.annotation.ClassPathScanningCandidateComponentProvider - Identified candidate component class: file [/Users/iseunghun/IdeaProjects/java-crawler/build/classes/java/main/me/lsh/javacrawler/JavaCrawlerApplication.class]
01:09:34.437 [Test worker] INFO org.springframework.boot.test.context.SpringBootTestContextBootstrapper - Found @SpringBootConfiguration me.lsh.javacrawler.JavaCrawlerApplication for test class me.lsh.javacrawler.crawler.competition.CompetitionCrawlerTest
01:09:34.485 [Test worker] DEBUG org.springframework.boot.test.context.SpringBootTestContextBootstrapper - @TestExecutionListeners is not present for class [me.lsh.javacrawler.crawler.competition.CompetitionCrawlerTest]: using defaults.
01:09:34.485 [Test worker] INFO org.springframework.boot.test.context.SpringBootTestContextBootstrapper - Loaded default TestExecutionListener class names from location [META-INF/spring.factories]: [org.springframework.boot.test.autoconfigure.restdocs.RestDocsTestExecutionListener, org.springframework.boot.test.autoconfigure.web.client.MockRestServiceServerResetTestExecutionListener, org.springframework.boot.test.autoconfigure.web.servlet.MockMvcPrintOnlyOnFailureTestExecutionListener, org.springframework.boot.test.autoconfigure.web.servlet.WebDriverTestExecutionListener, org.springframework.boot.test.autoconfigure.webservices.client.MockWebServiceServerTestExecutionListener, org.springframework.boot.test.mock.mockito.MockitoTestExecutionListener, org.springframework.boot.test.mock.mockito.ResetMocksTestExecutionListener, org.springframework.test.context.web.ServletTestExecutionListener, org.springframework.test.context.support.DirtiesContextBeforeModesTestExecutionListener, org.springframework.test.context.event.ApplicationEventsTestExecutionListener, org.springframework.test.context.support.DependencyInjectionTestExecutionListener, org.springframework.test.context.support.DirtiesContextTestExecutionListener, org.springframework.test.context.transaction.TransactionalTestExecutionListener, org.springframework.test.context.jdbc.SqlScriptsTestExecutionListener, org.springframework.test.context.event.EventPublishingTestExecutionListener]
01:09:34.494 [Test worker] INFO org.springframework.boot.test.context.SpringBootTestContextBootstrapper - Using TestExecutionListeners: [org.springframework.test.context.web.ServletTestExecutionListener@41c62850, org.springframework.test.context.support.DirtiesContextBeforeModesTestExecutionListener@6b530eb9, org.springframework.test.context.event.ApplicationEventsTestExecutionListener@328572f0, org.springframework.boot.test.mock.mockito.MockitoTestExecutionListener@678040b3, org.springframework.boot.test.autoconfigure.SpringBootDependencyInjectionTestExecutionListener@17f460bb, org.springframework.test.context.support.DirtiesContextTestExecutionListener@64a1923a, org.springframework.test.context.transaction.TransactionalTestExecutionListener@7d2a6eac, org.springframework.test.context.jdbc.SqlScriptsTestExecutionListener@18ca3c62, org.springframework.test.context.event.EventPublishingTestExecutionListener@2c0f7678, org.springframework.boot.test.autoconfigure.restdocs.RestDocsTestExecutionListener@44d70181, org.springframework.boot.test.autoconfigure.web.client.MockRestServiceServerResetTestExecutionListener@6aa648b9, org.springframework.boot.test.autoconfigure.web.servlet.MockMvcPrintOnlyOnFailureTestExecutionListener@23c650a3, org.springframework.boot.test.autoconfigure.web.servlet.WebDriverTestExecutionListener@742d4e15, org.springframework.boot.test.autoconfigure.webservices.client.MockWebServiceServerTestExecutionListener@88a8218, org.springframework.boot.test.mock.mockito.ResetMocksTestExecutionListener@50b1f030]
01:09:34.496 [Test worker] DEBUG org.springframework.test.context.support.AbstractDirtiesContextTestExecutionListener - Before test class: context [DefaultTestContext@60297f36 testClass = CompetitionCrawlerTest, testInstance = [null], testMethod = [null], testException = [null], mergedContextConfiguration = [WebMergedContextConfiguration@1bf0f6f6 testClass = CompetitionCrawlerTest, locations = '{}', classes = '{class me.lsh.javacrawler.JavaCrawlerApplication}', contextInitializerClasses = '[]', activeProfiles = '{}', propertySourceLocations = '{}', propertySourceProperties = '{org.springframework.boot.test.context.SpringBootTestContextBootstrapper=true}', contextCustomizers = set[org.springframework.boot.test.autoconfigure.actuate.metrics.MetricsExportContextCustomizerFactory$DisableMetricExportContextCustomizer@768ccdc5, org.springframework.boot.test.autoconfigure.properties.PropertyMappingContextCustomizer@0, org.springframework.boot.test.autoconfigure.web.servlet.WebDriverContextCustomizerFactory$Customizer@5049d8b2, org.springframework.boot.test.context.filter.ExcludeFilterContextCustomizer@2a3591c5, org.springframework.boot.test.json.DuplicateJsonObjectContextCustomizerFactory$DuplicateJsonObjectContextCustomizer@186978a6, org.springframework.boot.test.mock.mockito.MockitoContextCustomizer@0, org.springframework.boot.test.web.client.TestRestTemplateContextCustomizer@32f0fba8, org.springframework.boot.test.context.SpringBootTestArgs@1, org.springframework.boot.test.context.SpringBootTestWebEnvironment@420a85c4], resourceBasePath = 'src/main/webapp', contextLoader = 'org.springframework.boot.test.context.SpringBootContextLoader', parent = [null]], attributes = map['org.springframework.test.context.web.ServletTestExecutionListener.activateListener' -> true]], class annotated with @DirtiesContext [false] with mode [null].

  .   ____          _            __ _ _
 /\\ / ___'_ __ _ _(_)_ __  __ _ \ \ \ \
( ( )\___ | '_ | '_| | '_ \/ _` | \ \ \ \
 \\/  ___)| |_)| | | | | || (_| |  ) ) ) )
  '  |____| .__|_| |_|_| |_\__, | / / / /
 =========|_|==============|___/=/_/_/_/
 :: Spring Boot ::               (v2.7.11)

2023-05-30 01:09:34.702  INFO 89936 --- [    Test worker] m.l.j.c.c.CompetitionCrawlerTest         : Starting CompetitionCrawlerTest using Java 11.0.17 on iseunghun-ui-MacBookPro.local with PID 89936 (started by iseunghun in /Users/iseunghun/IdeaProjects/java-crawler)
2023-05-30 01:09:34.703  INFO 89936 --- [    Test worker] m.l.j.c.c.CompetitionCrawlerTest         : The following 1 profile is active: "oauth"
2023-05-30 01:09:35.115  INFO 89936 --- [    Test worker] .s.d.r.c.RepositoryConfigurationDelegate : Bootstrapping Spring Data JPA repositories in DEFAULT mode.
2023-05-30 01:09:35.155  INFO 89936 --- [    Test worker] .s.d.r.c.RepositoryConfigurationDelegate : Finished Spring Data repository scanning in 36 ms. Found 7 JPA repository interfaces.
2023-05-30 01:09:35.467  INFO 89936 --- [    Test worker] o.hibernate.jpa.internal.util.LogHelper  : HHH000204: Processing PersistenceUnitInfo [name: default]
2023-05-30 01:09:35.497  INFO 89936 --- [    Test worker] org.hibernate.Version                    : HHH000412: Hibernate ORM core version 5.6.15.Final
2023-05-30 01:09:35.600  INFO 89936 --- [    Test worker] o.hibernate.annotations.common.Version   : HCANN000001: Hibernate Commons Annotations {5.1.2.Final}
2023-05-30 01:09:35.650  INFO 89936 --- [    Test worker] com.zaxxer.hikari.HikariDataSource       : HikariPool-1 - Starting...
2023-05-30 01:09:35.896  INFO 89936 --- [    Test worker] com.zaxxer.hikari.HikariDataSource       : HikariPool-1 - Start completed.
2023-05-30 01:09:35.912  INFO 89936 --- [    Test worker] org.hibernate.dialect.Dialect            : HHH000400: Using dialect: org.hibernate.dialect.MySQL8Dialect
2023-05-30 01:09:35.980  WARN 89936 --- [    Test worker] org.hibernate.cfg.AnnotationBinder       : HHH000457: Joined inheritance hierarchy [me.lsh.javacrawler.domain.event.Event] defined explicit @DiscriminatorColumn.  Legacy Hibernate behavior was to ignore the @DiscriminatorColumn.  However, as part of issue HHH-6911 we now apply the explicit @DiscriminatorColumn.  If you would prefer the legacy behavior, enable the `hibernate.discriminator.ignore_explicit_for_joined` setting (hibernate.discriminator.ignore_explicit_for_joined=true)
2023-05-30 01:09:36.433  INFO 89936 --- [    Test worker] o.h.e.t.j.p.i.JtaPlatformInitiator       : HHH000490: Using JtaPlatform implementation: [org.hibernate.engine.transaction.jta.platform.internal.NoJtaPlatform]
2023-05-30 01:09:36.440  INFO 89936 --- [    Test worker] j.LocalContainerEntityManagerFactoryBean : Initialized JPA EntityManagerFactory for persistence unit 'default'
2023-05-30 01:09:37.517  INFO 89936 --- [ null to remote] o.o.selenium.remote.ProtocolHandshake    : Detected dialect: W3C
2023-05-30 01:09:37.556  WARN 89936 --- [    Test worker] o.o.selenium.devtools.CdpVersionFinder   : Unable to find an exact match for CDP version 113, so returning the closest version found: a no-op implementation
2023-05-30 01:09:37.556  INFO 89936 --- [    Test worker] o.o.selenium.devtools.CdpVersionFinder   : Unable to find CDP implementation matching 113.
2023-05-30 01:09:37.556  WARN 89936 --- [    Test worker] o.o.selenium.chromium.ChromiumDriver     : Unable to find version of CDP to use for . You may need to include a dependency on a specific version of the CDP using something similar to `org.seleniumhq.selenium:selenium-devtools-v86:4.1.4` where the version ("v86") matches the version of the chromium-based browser you're using and the version number of the artifact is the same as Selenium's.
2023-05-30 01:09:37.855  INFO 89936 --- [    Test worker] o.s.s.web.DefaultSecurityFilterChain     : Will secure any request with [org.springframework.security.web.session.DisableEncodeUrlFilter@69ca71b3, org.springframework.security.web.context.request.async.WebAsyncManagerIntegrationFilter@371a7fd5, org.springframework.security.web.context.SecurityContextPersistenceFilter@2541b4d3, org.springframework.security.web.header.HeaderWriterFilter@27103726, org.springframework.security.web.authentication.logout.LogoutFilter@10cb1b89, org.springframework.security.oauth2.client.web.OAuth2AuthorizationRequestRedirectFilter@1c7da28, org.springframework.security.oauth2.client.web.OAuth2LoginAuthenticationFilter@24c4370a, org.springframework.security.web.authentication.ui.DefaultLoginPageGeneratingFilter@f61b92d, org.springframework.security.web.authentication.ui.DefaultLogoutPageGeneratingFilter@f41db7f, org.springframework.security.web.savedrequest.RequestCacheAwareFilter@45f20384, org.springframework.security.web.servletapi.SecurityContextHolderAwareRequestFilter@6d3dc0c5, org.springframework.security.web.authentication.AnonymousAuthenticationFilter@4df8f4e9, org.springframework.security.web.session.SessionManagementFilter@4d5d6297, org.springframework.security.web.access.ExceptionTranslationFilter@6e591c03, org.springframework.security.web.access.intercept.FilterSecurityInterceptor@75c8855e]
2023-05-30 01:09:37.975  WARN 89936 --- [    Test worker] JpaBaseConfiguration$JpaWebConfiguration : spring.jpa.open-in-view is enabled by default. Therefore, database queries may be performed during view rendering. Explicitly configure spring.jpa.open-in-view to disable this warning
2023-05-30 01:09:38.126  INFO 89936 --- [    Test worker] o.s.b.a.w.s.WelcomePageHandlerMapping    : Adding welcome page template: index
2023-05-30 01:09:38.323  INFO 89936 --- [    Test worker] m.l.j.c.c.CompetitionCrawlerTest         : Started CompetitionCrawlerTest in 3.804 seconds (JVM running for 4.441)
2023-05-30 01:09:38.380  INFO 89936 --- [    Test worker] m.l.j.c.c.LinkareerCompetitionCrawler    : --------------------[단일 공모전 크롤링]--------------------
2023-05-30 01:09:42.481  INFO 89936 --- [    Test worker] m.l.j.p.e.c.l.LinkareerContentParser     : 이벤트 페이지 id 파싱 = 131927
2023-05-30 01:09:42.483  INFO 89936 --- [    Test worker] m.l.j.p.e.c.linkareer.RootElementParser  : 제목 파싱 = 도심에서 열리는 해커톤, SBA x goorm 새싹톤 (~5/9)
2023-05-30 01:09:42.484  INFO 89936 --- [    Test worker] m.l.j.p.e.c.linkareer.RootElementParser  : 주최자 파싱 = (주)구름
2023-05-30 01:09:42.484  INFO 89936 --- [    Test worker] m.l.j.p.e.c.linkareer.RootElementParser  : 썸네일 파싱 = https://res.cloudinary.com/linkareer/image/fetch/f_auto,q_50/https://api.linkareer.com/attachments/216524
2023-05-30 01:09:42.484  INFO 89936 --- [    Test worker] m.l.j.p.e.c.l.AttributeElementParser     : 접수 기간 파싱 = 23.4.26 ~ 23.5.9
2023-05-30 01:09:42.488  INFO 89936 --- [    Test worker] m.l.j.p.e.c.l.AttributeElementParser     : 	-> 접수 시작 기간 파싱 = 2023-04-26T00:00
2023-05-30 01:09:42.488  INFO 89936 --- [    Test worker] m.l.j.p.e.c.l.AttributeElementParser     : 접수 기간 파싱 = 23.4.26 ~ 23.5.9
2023-05-30 01:09:42.488  INFO 89936 --- [    Test worker] m.l.j.p.e.c.l.AttributeElementParser     : 	-> 접수 미감 기간 파싱 = 2023-05-09T23:59:59.999999999
2023-05-30 01:09:42.489  INFO 89936 --- [    Test worker] m.l.j.p.e.c.l.AttributeElementParser     : 관련 기술 파싱 = [UNIV_STUDENT, OFFICE_WORKER]
2023-05-30 01:09:42.489  INFO 89936 --- [    Test worker] m.l.j.p.e.c.l.AttributeElementParser     : 활동 혜택 파싱 = [DEFAULT]
2023-05-30 01:09:42.490  INFO 89936 --- [    Test worker] m.l.j.p.e.c.l.AttributeElementParser     : 시상 규모 파싱 = 1500만 원
2023-05-30 01:09:42.503  INFO 89936 --- [    Test worker] m.l.javacrawler.parser.RegexSkillParser  : 파싱된 기술 집합 = [AI] / 기술 개수 = 1
2023-05-30 01:09:42.503  INFO 89936 --- [    Test worker] m.l.j.c.c.LinkareerCompetitionCrawler    : --------------------[단일 공모전 크롤링 완료]----------------
]]></system-out>
  <system-err><![CDATA[Starting ChromeDriver 113.0.5672.63 (0e1a4471d5ae5bf128b1bd8f4d627c8cbd55f70c-refs/branch-heads/5672@{#912}) on port 63149
Only local connections are allowed.
Please see https://chromedriver.chromium.org/security-considerations for suggestions on keeping ChromeDriver safe.
ChromeDriver was started successfully.
]]></system-err>
</testsuite>
