<?xml version="1.0" encoding="UTF-8"?>
<testsuite name="me.lsh.javacrawler.domain.skill.SkillParserTest" tests="5" skipped="0" failures="0" errors="0" timestamp="2023-05-29T16:09:46" hostname="iseunghun-ui-MacBookPro.local" time="0.026">
  <properties/>
  <testcase name="url_파싱()" classname="me.lsh.javacrawler.domain.skill.SkillParserTest" time="0.002"/>
  <testcase name="이메일_파싱()" classname="me.lsh.javacrawler.domain.skill.SkillParserTest" time="0.002"/>
  <testcase name="스킬_파싱()" classname="me.lsh.javacrawler.domain.skill.SkillParserTest" time="0.001"/>
  <testcase name="[1] content=▪ 지원자격- 대학교 재학중인 학부생 또는 대학원생 (개인 또는 팀)▪ 접수방법- 대회 홈페이지 (https://bit.ly/3UQZJ3p)▪ 출품규격- 예선: MATLAB을 활용한 AI모델 개요 제출- 본선: 예선을 통과한 AI 모델에 대한 동영상 제출* 예선 통과 후 본선에서 동영상을 제출한 모든 팀에 커피 기프티콘을 제공합니다., expected=[AI, MATLAB]" classname="me.lsh.javacrawler.domain.skill.SkillParserTest" time="0.008"/>
  <testcase name="[2] content=○ 교육내용 : &#10;- DB(오라클), 파이썬, Django, 빅데이터 분석 알고리즘, &#10;AI 머신러닝 알고리즘, AWS, 도커, 쿠버네티스, MSA, &#10;기본역량프로젝트, 핵심역량프로젝트, 실무역량프로젝트 등&#10;(수료후 진로 : Full-Stack개발자, AI서비스 개발자, 빅데이터 분석 개발자, 클라우드 서비스 개발자, expected=[ORACLE, PYTHON, DJANGO, AI, CLOUD, DOCKER, KUBERNETES, MSA]" classname="me.lsh.javacrawler.domain.skill.SkillParserTest" time="0.001"/>
  <system-out><![CDATA[2023-05-30 01:09:46.980  INFO 89936 --- [    Test worker] .b.t.c.SpringBootTestContextBootstrapper : Neither @ContextConfiguration nor @ContextHierarchy found for test class [me.lsh.javacrawler.domain.skill.SkillParserTest], using SpringBootContextLoader
2023-05-30 01:09:46.981  INFO 89936 --- [    Test worker] o.s.t.c.support.AbstractContextLoader    : Could not detect default resource locations for test class [me.lsh.javacrawler.domain.skill.SkillParserTest]: no resource found for suffixes {-context.xml, Context.groovy}.
2023-05-30 01:09:46.982  INFO 89936 --- [    Test worker] .b.t.c.SpringBootTestContextBootstrapper : Loaded default TestExecutionListener class names from location [META-INF/spring.factories]: [org.springframework.boot.test.autoconfigure.restdocs.RestDocsTestExecutionListener, org.springframework.boot.test.autoconfigure.web.client.MockRestServiceServerResetTestExecutionListener, org.springframework.boot.test.autoconfigure.web.servlet.MockMvcPrintOnlyOnFailureTestExecutionListener, org.springframework.boot.test.autoconfigure.web.servlet.WebDriverTestExecutionListener, org.springframework.boot.test.autoconfigure.webservices.client.MockWebServiceServerTestExecutionListener, org.springframework.boot.test.mock.mockito.MockitoTestExecutionListener, org.springframework.boot.test.mock.mockito.ResetMocksTestExecutionListener, org.springframework.test.context.web.ServletTestExecutionListener, org.springframework.test.context.support.DirtiesContextBeforeModesTestExecutionListener, org.springframework.test.context.event.ApplicationEventsTestExecutionListener, org.springframework.test.context.support.DependencyInjectionTestExecutionListener, org.springframework.test.context.support.DirtiesContextTestExecutionListener, org.springframework.test.context.transaction.TransactionalTestExecutionListener, org.springframework.test.context.jdbc.SqlScriptsTestExecutionListener, org.springframework.test.context.event.EventPublishingTestExecutionListener]
2023-05-30 01:09:46.982  INFO 89936 --- [    Test worker] .b.t.c.SpringBootTestContextBootstrapper : Using TestExecutionListeners: [org.springframework.test.context.web.ServletTestExecutionListener@59606589, org.springframework.test.context.support.DirtiesContextBeforeModesTestExecutionListener@11d0033b, org.springframework.test.context.event.ApplicationEventsTestExecutionListener@577d001f, org.springframework.boot.test.mock.mockito.MockitoTestExecutionListener@708f8545, org.springframework.boot.test.autoconfigure.SpringBootDependencyInjectionTestExecutionListener@2a19eaf0, org.springframework.test.context.support.DirtiesContextTestExecutionListener@3bc1ed53, org.springframework.test.context.transaction.TransactionalTestExecutionListener@4037fcc, org.springframework.test.context.jdbc.SqlScriptsTestExecutionListener@8aa77a4, org.springframework.test.context.event.EventPublishingTestExecutionListener@6d81522b, org.springframework.boot.test.autoconfigure.restdocs.RestDocsTestExecutionListener@599e81bd, org.springframework.boot.test.autoconfigure.web.client.MockRestServiceServerResetTestExecutionListener@467c785d, org.springframework.boot.test.autoconfigure.web.servlet.MockMvcPrintOnlyOnFailureTestExecutionListener@1d302061, org.springframework.boot.test.autoconfigure.web.servlet.WebDriverTestExecutionListener@7a4729e6, org.springframework.boot.test.autoconfigure.webservices.client.MockWebServiceServerTestExecutionListener@57f9cc7a, org.springframework.boot.test.mock.mockito.ResetMocksTestExecutionListener@7262f848]

  .   ____          _            __ _ _
 /\\ / ___'_ __ _ _(_)_ __  __ _ \ \ \ \
( ( )\___ | '_ | '_| | '_ \/ _` | \ \ \ \
 \\/  ___)| |_)| | | | | || (_| |  ) ) ) )
  '  |____| .__|_| |_|_| |_\__, | / / / /
 =========|_|==============|___/=/_/_/_/
 :: Spring Boot ::               (v2.7.11)

2023-05-30 01:09:46.993  INFO 89936 --- [    Test worker] m.l.j.domain.skill.SkillParserTest       : Starting SkillParserTest using Java 11.0.17 on iseunghun-ui-MacBookPro.local with PID 89936 (started by iseunghun in /Users/iseunghun/IdeaProjects/java-crawler)
2023-05-30 01:09:46.993  INFO 89936 --- [    Test worker] m.l.j.domain.skill.SkillParserTest       : The following 1 profile is active: "oauth"
2023-05-30 01:09:46.998  INFO 89936 --- [    Test worker] m.l.j.domain.skill.SkillParserTest       : Started SkillParserTest in 0.015 seconds (JVM running for 13.116)
2023-05-30 01:09:47.001  INFO 89936 --- [    Test worker] m.l.javacrawler.parser.RegexSkillParser  : 파싱된 기술 집합 = [] / 기술 개수 = 0
2023-05-30 01:09:47.003  INFO 89936 --- [    Test worker] m.l.javacrawler.parser.RegexSkillParser  : 파싱된 기술 집합 = [] / 기술 개수 = 0
2023-05-30 01:09:47.004  INFO 89936 --- [    Test worker] m.l.javacrawler.parser.RegexSkillParser  : 파싱된 기술 집합 = [AI, LOT, BLOCK_CHAIN] / 기술 개수 = 3
2023-05-30 01:09:47.022  INFO 89936 --- [    Test worker] m.l.javacrawler.parser.RegexSkillParser  : 파싱된 기술 집합 = [AI, MATLAB] / 기술 개수 = 2
2023-05-30 01:09:47.025  INFO 89936 --- [    Test worker] m.l.javacrawler.parser.RegexSkillParser  : 파싱된 기술 집합 = [AI, DOCKER, PYTHON, FULLSTACK, CLOUD, ORACLE, DJANGO, MSA, KUBERNETES] / 기술 개수 = 9
]]></system-out>
  <system-err><![CDATA[]]></system-err>
</testsuite>
