<?xml version="1.0" encoding="UTF-8"?>
<testsuite name="me.lsh.javacrawler.domain.event.competition.CompetitionRepositoryTest" tests="6" skipped="0" failures="0" errors="0" timestamp="2023-06-03T20:59:19" hostname="DESKTOP-0OQVVMP" time="0.374">
  <properties/>
  <testcase name="행사_행사번호_조회()" classname="me.lsh.javacrawler.domain.event.competition.CompetitionRepositoryTest" time="0.202"/>
  <testcase name="행사_이번달()" classname="me.lsh.javacrawler.domain.event.competition.CompetitionRepositoryTest" time="0.085"/>
  <testcase name="행사_참여대상_청소년_직장인()" classname="me.lsh.javacrawler.domain.event.competition.CompetitionRepositoryTest" time="0.044"/>
  <testcase name="행사_저장()" classname="me.lsh.javacrawler.domain.event.competition.CompetitionRepositoryTest" time="0.008"/>
  <testcase name="행사_지금()" classname="me.lsh.javacrawler.domain.event.competition.CompetitionRepositoryTest" time="0.012"/>
  <testcase name="행사_참여대상_제한없음()" classname="me.lsh.javacrawler.domain.event.competition.CompetitionRepositoryTest" time="0.018"/>
  <system-out><![CDATA[2023-06-04 05:59:17.642  INFO 60544 --- [    Test worker] b.t.a.o.j.DataJpaTestContextBootstrapper : Neither @ContextConfiguration nor @ContextHierarchy found for test class [me.lsh.javacrawler.domain.event.competition.CompetitionRepositoryTest], using SpringBootContextLoader
2023-06-04 05:59:17.644  INFO 60544 --- [    Test worker] o.s.t.c.support.AbstractContextLoader    : Could not detect default resource locations for test class [me.lsh.javacrawler.domain.event.competition.CompetitionRepositoryTest]: no resource found for suffixes {-context.xml, Context.groovy}.
2023-06-04 05:59:17.644  INFO 60544 --- [    Test worker] t.c.s.AnnotationConfigContextLoaderUtils : Could not detect default configuration classes for test class [me.lsh.javacrawler.domain.event.competition.CompetitionRepositoryTest]: CompetitionRepositoryTest does not declare any static, non-private, non-final, nested classes annotated with @Configuration.
2023-06-04 05:59:17.670  INFO 60544 --- [    Test worker] .b.t.c.SpringBootTestContextBootstrapper : Found @SpringBootConfiguration me.lsh.javacrawler.JavaCrawlerApplication for test class me.lsh.javacrawler.domain.event.competition.CompetitionRepositoryTest
2023-06-04 05:59:17.670  INFO 60544 --- [    Test worker] b.t.a.o.j.DataJpaTestContextBootstrapper : Loaded default TestExecutionListener class names from location [META-INF/spring.factories]: [org.springframework.boot.test.autoconfigure.restdocs.RestDocsTestExecutionListener, org.springframework.boot.test.autoconfigure.web.client.MockRestServiceServerResetTestExecutionListener, org.springframework.boot.test.autoconfigure.web.servlet.MockMvcPrintOnlyOnFailureTestExecutionListener, org.springframework.boot.test.autoconfigure.web.servlet.WebDriverTestExecutionListener, org.springframework.boot.test.autoconfigure.webservices.client.MockWebServiceServerTestExecutionListener, org.springframework.boot.test.mock.mockito.MockitoTestExecutionListener, org.springframework.boot.test.mock.mockito.ResetMocksTestExecutionListener, org.springframework.test.context.web.ServletTestExecutionListener, org.springframework.test.context.support.DirtiesContextBeforeModesTestExecutionListener, org.springframework.test.context.event.ApplicationEventsTestExecutionListener, org.springframework.test.context.support.DependencyInjectionTestExecutionListener, org.springframework.test.context.support.DirtiesContextTestExecutionListener, org.springframework.test.context.transaction.TransactionalTestExecutionListener, org.springframework.test.context.jdbc.SqlScriptsTestExecutionListener, org.springframework.test.context.event.EventPublishingTestExecutionListener]
2023-06-04 05:59:17.671  INFO 60544 --- [    Test worker] b.t.a.o.j.DataJpaTestContextBootstrapper : Using TestExecutionListeners: [org.springframework.test.context.web.ServletTestExecutionListener@9d7d83d, org.springframework.test.context.support.DirtiesContextBeforeModesTestExecutionListener@7bff608c, org.springframework.test.context.event.ApplicationEventsTestExecutionListener@25af233d, org.springframework.boot.test.mock.mockito.MockitoTestExecutionListener@345f429, org.springframework.boot.test.autoconfigure.SpringBootDependencyInjectionTestExecutionListener@3464d24c, org.springframework.test.context.support.DirtiesContextTestExecutionListener@341f2f4c, org.springframework.test.context.transaction.TransactionalTestExecutionListener@68754439, org.springframework.test.context.jdbc.SqlScriptsTestExecutionListener@44bd11a2, org.springframework.test.context.event.EventPublishingTestExecutionListener@56595dcb, org.springframework.boot.test.autoconfigure.restdocs.RestDocsTestExecutionListener@1b717d03, org.springframework.boot.test.autoconfigure.web.client.MockRestServiceServerResetTestExecutionListener@59e7a6d8, org.springframework.boot.test.autoconfigure.web.servlet.MockMvcPrintOnlyOnFailureTestExecutionListener@757b8c47, org.springframework.boot.test.autoconfigure.web.servlet.WebDriverTestExecutionListener@69503026, org.springframework.boot.test.autoconfigure.webservices.client.MockWebServiceServerTestExecutionListener@7959d16a, org.springframework.boot.test.mock.mockito.ResetMocksTestExecutionListener@1d6c69ff]

  .   ____          _            __ _ _
 /\\ / ___'_ __ _ _(_)_ __  __ _ \ \ \ \
( ( )\___ | '_ | '_| | '_ \/ _` | \ \ \ \
 \\/  ___)| |_)| | | | | || (_| |  ) ) ) )
  '  |____| .__|_| |_|_| |_\__, | / / / /
 =========|_|==============|___/=/_/_/_/
 :: Spring Boot ::               (v2.7.11)

2023-06-04 05:59:17.719  INFO 60544 --- [    Test worker] m.l.j.d.e.c.CompetitionRepositoryTest    : Starting CompetitionRepositoryTest using Java 11.0.2 on DESKTOP-0OQVVMP with PID 60544 (started by tls1998 in C:\Users\lsh90\IdeaProjects\java-crawler)
2023-06-04 05:59:17.719  INFO 60544 --- [    Test worker] m.l.j.d.e.c.CompetitionRepositoryTest    : The following 2 profiles are active: "oauth", "test"
2023-06-04 05:59:17.905  INFO 60544 --- [    Test worker] .s.d.r.c.RepositoryConfigurationDelegate : Bootstrapping Spring Data JPA repositories in DEFAULT mode.
2023-06-04 05:59:18.015  INFO 60544 --- [    Test worker] .s.d.r.c.RepositoryConfigurationDelegate : Finished Spring Data repository scanning in 109 ms. Found 9 JPA repository interfaces.
2023-06-04 05:59:18.032  INFO 60544 --- [    Test worker] beddedDataSourceBeanFactoryPostProcessor : Replacing 'dataSource' DataSource bean with embedded version
2023-06-04 05:59:18.099  INFO 60544 --- [    Test worker] o.s.j.d.e.EmbeddedDatabaseFactory        : Starting embedded database: url='jdbc:h2:mem:298d8256-b295-4a18-bd0e-38387773144c;DB_CLOSE_DELAY=-1;DB_CLOSE_ON_EXIT=false', username='sa'
2023-06-04 05:59:18.507  INFO 60544 --- [    Test worker] o.hibernate.jpa.internal.util.LogHelper  : HHH000204: Processing PersistenceUnitInfo [name: default]
2023-06-04 05:59:18.536  INFO 60544 --- [    Test worker] org.hibernate.dialect.Dialect            : HHH000400: Using dialect: org.hibernate.dialect.H2Dialect
2023-06-04 05:59:18.564  WARN 60544 --- [    Test worker] org.hibernate.cfg.AnnotationBinder       : HHH000457: Joined inheritance hierarchy [me.lsh.javacrawler.domain.event.Event] defined explicit @DiscriminatorColumn.  Legacy Hibernate behavior was to ignore the @DiscriminatorColumn.  However, as part of issue HHH-6911 we now apply the explicit @DiscriminatorColumn.  If you would prefer the legacy behavior, enable the `hibernate.discriminator.ignore_explicit_for_joined` setting (hibernate.discriminator.ignore_explicit_for_joined=true)
Hibernate: create table bookmark_event (id bigint generated by default as identity, created_at timestamp, last_modified_at timestamp, event_id bigint, member_id bigint, primary key (id))
Hibernate: create table competition (award_amount varchar(255), award_scale varchar(255), page_id integer not null, event_id bigint not null, primary key (event_id))
Hibernate: create table competition_benefit (event_id bigint not null, benefits varchar(255) not null, primary key (event_id, benefits))
Hibernate: create table event (dtype varchar(31) not null, event_id bigint generated by default as identity, created_at timestamp, last_modified_at timestamp, bookmark_count integer not null, content TEXT, event_type varchar(255), expired_at timestamp, organizer varchar(255), original_link varchar(255), provider varchar(255), started_at timestamp, status varchar(255), thumbnail varchar(255), title varchar(255) not null, view_count integer not null, primary key (event_id))
Hibernate: create table event_applicants (event_id bigint not null, applicants varchar(255) not null, primary key (event_id, applicants))
Hibernate: create table event_skills (event_id bigint not null, event_skills varchar(255) not null, primary key (event_id, event_skills))
Hibernate: create table frequent_competition_attribute (id bigint generated by default as identity, created_at timestamp, last_modified_at timestamp, applicant varchar(255), award_benefit varchar(255), award_scale varchar(255), count integer not null, recommend_competition_id bigint, primary key (id))
Hibernate: create table frequent_skill (id bigint generated by default as identity, created_at timestamp, last_modified_at timestamp, count integer not null, skill varchar(255), recommend_competition_id bigint, primary key (id))
Hibernate: create table member (member_id bigint generated by default as identity, created_at timestamp, last_modified_at timestamp, email varchar(255) not null, job varchar(255), name varchar(255) not null, picture varchar(255), role varchar(255) not null, primary key (member_id))
Hibernate: create table member_skills (member_id bigint not null, memberskills varchar(255) not null, primary key (member_id, memberskills))
Hibernate: create table moim (duration varchar(255), fee_required boolean not null, location varchar(255), moim_type varchar(255), page_id integer not null, event_id bigint not null, primary key (event_id))
Hibernate: create table recommend_competition (recommend_competition_id bigint generated by default as identity, created_at timestamp, last_modified_at timestamp, member_id bigint, primary key (recommend_competition_id))
Hibernate: alter table event drop constraint if exists UK_oerkm7t8vtial70r3ujc4gyck
Hibernate: alter table event add constraint UK_oerkm7t8vtial70r3ujc4gyck unique (title)
Hibernate: alter table bookmark_event add constraint FKp3eyf5e2yn4q6s7bptjr2730j foreign key (event_id) references event
Hibernate: alter table bookmark_event add constraint FKqf4ieo86sccy3smlq1a4l36wd foreign key (member_id) references member
Hibernate: alter table competition add constraint FKemj92572bt1qywkoa2ujkh5vl foreign key (event_id) references event
Hibernate: alter table competition_benefit add constraint FKp6mru8yptos4s7gb43fepg6of foreign key (event_id) references competition
Hibernate: alter table event_applicants add constraint FKdw8961n2xixjrafouwh3w38b7 foreign key (event_id) references event
Hibernate: alter table event_skills add constraint FKadu23qphpcmg9rq9x22bckic3 foreign key (event_id) references event
Hibernate: alter table frequent_competition_attribute add constraint FKxeqq29mlcvm9dm39cpc0auaq foreign key (recommend_competition_id) references recommend_competition
Hibernate: alter table frequent_skill add constraint FKdmdjioo05rc5jhabou6ol9btm foreign key (recommend_competition_id) references recommend_competition
Hibernate: alter table member_skills add constraint FKk4jtr25wwr6cgsl2nnw64hcdb foreign key (member_id) references member
Hibernate: alter table moim add constraint FKacku5acx7xm6id0hjgds03ick foreign key (event_id) references event
Hibernate: alter table recommend_competition add constraint FKotc1jtq1d4nl1kah3p1yhb6ld foreign key (member_id) references member
2023-06-04 05:59:18.834  INFO 60544 --- [    Test worker] o.h.e.t.j.p.i.JtaPlatformInitiator       : HHH000490: Using JtaPlatform implementation: [org.hibernate.engine.transaction.jta.platform.internal.NoJtaPlatform]
2023-06-04 05:59:18.835  INFO 60544 --- [    Test worker] j.LocalContainerEntityManagerFactoryBean : Initialized JPA EntityManagerFactory for persistence unit 'default'
2023-06-04 05:59:19.283  INFO 60544 --- [    Test worker] m.l.j.d.e.c.CompetitionRepositoryTest    : Started CompetitionRepositoryTest in 1.61 seconds (JVM running for 17.956)
2023-06-04 05:59:19.305  INFO 60544 --- [    Test worker] o.s.t.c.transaction.TransactionContext   : Began transaction (1) for test context [DefaultTestContext@7da43bda testClass = CompetitionRepositoryTest, testInstance = me.lsh.javacrawler.domain.event.competition.CompetitionRepositoryTest@1343eae6, testMethod = 행사_행사번호_조회@CompetitionRepositoryTest, testException = [null], mergedContextConfiguration = [MergedContextConfiguration@58c7bb01 testClass = CompetitionRepositoryTest, locations = '{}', classes = '{class me.lsh.javacrawler.JavaCrawlerApplication}', contextInitializerClasses = '[]', activeProfiles = '{test}', propertySourceLocations = '{}', propertySourceProperties = '{org.springframework.boot.test.autoconfigure.orm.jpa.DataJpaTestContextBootstrapper=true}', contextCustomizers = set[org.springframework.boot.test.autoconfigure.OverrideAutoConfigurationContextCustomizerFactory$DisableAutoConfigurationContextCustomizer@35e79be0, org.springframework.boot.test.autoconfigure.actuate.metrics.MetricsExportContextCustomizerFactory$DisableMetricExportContextCustomizer@6326d182, org.springframework.boot.test.autoconfigure.filter.TypeExcludeFiltersContextCustomizer@351584c0, org.springframework.boot.test.autoconfigure.properties.PropertyMappingContextCustomizer@468a4a50, org.springframework.boot.test.autoconfigure.web.servlet.WebDriverContextCustomizerFactory$Customizer@611df6e3, [ImportsContextCustomizer@75e32c4c key = [me.lsh.javacrawler.domain.event.competition.TestJPAConfig, org.springframework.boot.autoconfigure.cache.CacheAutoConfiguration, org.springframework.boot.autoconfigure.data.jpa.JpaRepositoriesAutoConfiguration, org.springframework.boot.autoconfigure.flyway.FlywayAutoConfiguration, org.springframework.boot.autoconfigure.jdbc.DataSourceAutoConfiguration, org.springframework.boot.autoconfigure.jdbc.DataSourceTransactionManagerAutoConfiguration, org.springframework.boot.autoconfigure.jdbc.JdbcTemplateAutoConfiguration, org.springframework.boot.autoconfigure.liquibase.LiquibaseAutoConfiguration, org.springframework.boot.autoconfigure.orm.jpa.HibernateJpaAutoConfiguration, org.springframework.boot.autoconfigure.sql.init.SqlInitializationAutoConfiguration, org.springframework.boot.autoconfigure.transaction.TransactionAutoConfiguration, org.springframework.boot.test.autoconfigure.jdbc.TestDatabaseAutoConfiguration, org.springframework.boot.test.autoconfigure.orm.jpa.TestEntityManagerAutoConfiguration]], org.springframework.boot.test.context.filter.ExcludeFilterContextCustomizer@5d465e4b, org.springframework.boot.test.json.DuplicateJsonObjectContextCustomizerFactory$DuplicateJsonObjectContextCustomizer@117e0fe5, org.springframework.boot.test.mock.mockito.MockitoContextCustomizer@0, org.springframework.boot.test.context.SpringBootTestArgs@1, org.springframework.boot.test.context.SpringBootTestWebEnvironment@0], contextLoader = 'org.springframework.boot.test.context.SpringBootContextLoader', parent = [null]], attributes = map['org.springframework.test.context.event.ApplicationEventsTestExecutionListener.recordApplicationEvents' -> false]]; transaction manager [org.springframework.orm.jpa.JpaTransactionManager@5a530836]; rollback [true]
Hibernate: insert into event (event_id, created_at, last_modified_at, bookmark_count, content, event_type, expired_at, organizer, original_link, provider, started_at, status, thumbnail, title, view_count, dtype) values (default, ?, ?, ?, ?, ?, ?, ?, ?, ?, ?, ?, ?, ?, ?, 'c')
Hibernate: insert into competition (award_amount, award_scale, page_id, event_id) values (?, ?, ?, ?)
Hibernate: select competitio0_.event_id as col_0_0_ from competition competitio0_ inner join event competitio0_1_ on competitio0_.event_id=competitio0_1_.event_id where competitio0_.page_id=? and competitio0_1_.provider=? limit ?
2023-06-04 05:59:19.489  INFO 60544 --- [    Test worker] o.s.t.c.transaction.TransactionContext   : Rolled back transaction for test: [DefaultTestContext@7da43bda testClass = CompetitionRepositoryTest, testInstance = me.lsh.javacrawler.domain.event.competition.CompetitionRepositoryTest@1343eae6, testMethod = 행사_행사번호_조회@CompetitionRepositoryTest, testException = [null], mergedContextConfiguration = [MergedContextConfiguration@58c7bb01 testClass = CompetitionRepositoryTest, locations = '{}', classes = '{class me.lsh.javacrawler.JavaCrawlerApplication}', contextInitializerClasses = '[]', activeProfiles = '{test}', propertySourceLocations = '{}', propertySourceProperties = '{org.springframework.boot.test.autoconfigure.orm.jpa.DataJpaTestContextBootstrapper=true}', contextCustomizers = set[org.springframework.boot.test.autoconfigure.OverrideAutoConfigurationContextCustomizerFactory$DisableAutoConfigurationContextCustomizer@35e79be0, org.springframework.boot.test.autoconfigure.actuate.metrics.MetricsExportContextCustomizerFactory$DisableMetricExportContextCustomizer@6326d182, org.springframework.boot.test.autoconfigure.filter.TypeExcludeFiltersContextCustomizer@351584c0, org.springframework.boot.test.autoconfigure.properties.PropertyMappingContextCustomizer@468a4a50, org.springframework.boot.test.autoconfigure.web.servlet.WebDriverContextCustomizerFactory$Customizer@611df6e3, [ImportsContextCustomizer@75e32c4c key = [me.lsh.javacrawler.domain.event.competition.TestJPAConfig, org.springframework.boot.autoconfigure.cache.CacheAutoConfiguration, org.springframework.boot.autoconfigure.data.jpa.JpaRepositoriesAutoConfiguration, org.springframework.boot.autoconfigure.flyway.FlywayAutoConfiguration, org.springframework.boot.autoconfigure.jdbc.DataSourceAutoConfiguration, org.springframework.boot.autoconfigure.jdbc.DataSourceTransactionManagerAutoConfiguration, org.springframework.boot.autoconfigure.jdbc.JdbcTemplateAutoConfiguration, org.springframework.boot.autoconfigure.liquibase.LiquibaseAutoConfiguration, org.springframework.boot.autoconfigure.orm.jpa.HibernateJpaAutoConfiguration, org.springframework.boot.autoconfigure.sql.init.SqlInitializationAutoConfiguration, org.springframework.boot.autoconfigure.transaction.TransactionAutoConfiguration, org.springframework.boot.test.autoconfigure.jdbc.TestDatabaseAutoConfiguration, org.springframework.boot.test.autoconfigure.orm.jpa.TestEntityManagerAutoConfiguration]], org.springframework.boot.test.context.filter.ExcludeFilterContextCustomizer@5d465e4b, org.springframework.boot.test.json.DuplicateJsonObjectContextCustomizerFactory$DuplicateJsonObjectContextCustomizer@117e0fe5, org.springframework.boot.test.mock.mockito.MockitoContextCustomizer@0, org.springframework.boot.test.context.SpringBootTestArgs@1, org.springframework.boot.test.context.SpringBootTestWebEnvironment@0], contextLoader = 'org.springframework.boot.test.context.SpringBootContextLoader', parent = [null]], attributes = map['org.springframework.test.context.event.ApplicationEventsTestExecutionListener.recordApplicationEvents' -> false]]
2023-06-04 05:59:19.493  INFO 60544 --- [    Test worker] o.s.t.c.transaction.TransactionContext   : Began transaction (1) for test context [DefaultTestContext@7da43bda testClass = CompetitionRepositoryTest, testInstance = me.lsh.javacrawler.domain.event.competition.CompetitionRepositoryTest@4fa7df5c, testMethod = 행사_이번달@CompetitionRepositoryTest, testException = [null], mergedContextConfiguration = [MergedContextConfiguration@58c7bb01 testClass = CompetitionRepositoryTest, locations = '{}', classes = '{class me.lsh.javacrawler.JavaCrawlerApplication}', contextInitializerClasses = '[]', activeProfiles = '{test}', propertySourceLocations = '{}', propertySourceProperties = '{org.springframework.boot.test.autoconfigure.orm.jpa.DataJpaTestContextBootstrapper=true}', contextCustomizers = set[org.springframework.boot.test.autoconfigure.OverrideAutoConfigurationContextCustomizerFactory$DisableAutoConfigurationContextCustomizer@35e79be0, org.springframework.boot.test.autoconfigure.actuate.metrics.MetricsExportContextCustomizerFactory$DisableMetricExportContextCustomizer@6326d182, org.springframework.boot.test.autoconfigure.filter.TypeExcludeFiltersContextCustomizer@351584c0, org.springframework.boot.test.autoconfigure.properties.PropertyMappingContextCustomizer@468a4a50, org.springframework.boot.test.autoconfigure.web.servlet.WebDriverContextCustomizerFactory$Customizer@611df6e3, [ImportsContextCustomizer@75e32c4c key = [me.lsh.javacrawler.domain.event.competition.TestJPAConfig, org.springframework.boot.autoconfigure.cache.CacheAutoConfiguration, org.springframework.boot.autoconfigure.data.jpa.JpaRepositoriesAutoConfiguration, org.springframework.boot.autoconfigure.flyway.FlywayAutoConfiguration, org.springframework.boot.autoconfigure.jdbc.DataSourceAutoConfiguration, org.springframework.boot.autoconfigure.jdbc.DataSourceTransactionManagerAutoConfiguration, org.springframework.boot.autoconfigure.jdbc.JdbcTemplateAutoConfiguration, org.springframework.boot.autoconfigure.liquibase.LiquibaseAutoConfiguration, org.springframework.boot.autoconfigure.orm.jpa.HibernateJpaAutoConfiguration, org.springframework.boot.autoconfigure.sql.init.SqlInitializationAutoConfiguration, org.springframework.boot.autoconfigure.transaction.TransactionAutoConfiguration, org.springframework.boot.test.autoconfigure.jdbc.TestDatabaseAutoConfiguration, org.springframework.boot.test.autoconfigure.orm.jpa.TestEntityManagerAutoConfiguration]], org.springframework.boot.test.context.filter.ExcludeFilterContextCustomizer@5d465e4b, org.springframework.boot.test.json.DuplicateJsonObjectContextCustomizerFactory$DuplicateJsonObjectContextCustomizer@117e0fe5, org.springframework.boot.test.mock.mockito.MockitoContextCustomizer@0, org.springframework.boot.test.context.SpringBootTestArgs@1, org.springframework.boot.test.context.SpringBootTestWebEnvironment@0], contextLoader = 'org.springframework.boot.test.context.SpringBootContextLoader', parent = [null]], attributes = map['org.springframework.test.context.event.ApplicationEventsTestExecutionListener.recordApplicationEvents' -> false]]; transaction manager [org.springframework.orm.jpa.JpaTransactionManager@5a530836]; rollback [true]
Hibernate: insert into event (event_id, created_at, last_modified_at, bookmark_count, content, event_type, expired_at, organizer, original_link, provider, started_at, status, thumbnail, title, view_count, dtype) values (default, ?, ?, ?, ?, ?, ?, ?, ?, ?, ?, ?, ?, ?, ?, 'c')
Hibernate: insert into competition (award_amount, award_scale, page_id, event_id) values (?, ?, ?, ?)
Hibernate: insert into event (event_id, created_at, last_modified_at, bookmark_count, content, event_type, expired_at, organizer, original_link, provider, started_at, status, thumbnail, title, view_count, dtype) values (default, ?, ?, ?, ?, ?, ?, ?, ?, ?, ?, ?, ?, ?, ?, 'c')
Hibernate: insert into competition (award_amount, award_scale, page_id, event_id) values (?, ?, ?, ?)
Hibernate: select competitio0_.event_id as event_id2_3_, competitio0_1_.created_at as created_3_3_, competitio0_1_.last_modified_at as last_mod4_3_, competitio0_1_.bookmark_count as bookmark5_3_, competitio0_1_.content as content6_3_, competitio0_1_.event_type as event_ty7_3_, competitio0_1_.expired_at as expired_8_3_, competitio0_1_.organizer as organize9_3_, competitio0_1_.original_link as origina10_3_, competitio0_1_.provider as provide11_3_, competitio0_1_.started_at as started12_3_, competitio0_1_.status as status13_3_, competitio0_1_.thumbnail as thumbna14_3_, competitio0_1_.title as title15_3_, competitio0_1_.view_count as view_co16_3_, competitio0_.award_amount as award_am1_1_, competitio0_.award_scale as award_sc2_1_, competitio0_.page_id as page_id3_1_ from competition competitio0_ inner join event competitio0_1_ on competitio0_.event_id=competitio0_1_.event_id where competitio0_1_.started_at<=? and competitio0_1_.expired_at>=? order by competitio0_.page_id desc limit ? offset ?
Hibernate: select count(competitio0_.event_id) as col_0_0_ from competition competitio0_ inner join event competitio0_1_ on competitio0_.event_id=competitio0_1_.event_id where competitio0_1_.started_at<=? and competitio0_1_.expired_at>=?
2023-06-04 05:59:19.576  INFO 60544 --- [    Test worker] o.s.t.c.transaction.TransactionContext   : Rolled back transaction for test: [DefaultTestContext@7da43bda testClass = CompetitionRepositoryTest, testInstance = me.lsh.javacrawler.domain.event.competition.CompetitionRepositoryTest@4fa7df5c, testMethod = 행사_이번달@CompetitionRepositoryTest, testException = [null], mergedContextConfiguration = [MergedContextConfiguration@58c7bb01 testClass = CompetitionRepositoryTest, locations = '{}', classes = '{class me.lsh.javacrawler.JavaCrawlerApplication}', contextInitializerClasses = '[]', activeProfiles = '{test}', propertySourceLocations = '{}', propertySourceProperties = '{org.springframework.boot.test.autoconfigure.orm.jpa.DataJpaTestContextBootstrapper=true}', contextCustomizers = set[org.springframework.boot.test.autoconfigure.OverrideAutoConfigurationContextCustomizerFactory$DisableAutoConfigurationContextCustomizer@35e79be0, org.springframework.boot.test.autoconfigure.actuate.metrics.MetricsExportContextCustomizerFactory$DisableMetricExportContextCustomizer@6326d182, org.springframework.boot.test.autoconfigure.filter.TypeExcludeFiltersContextCustomizer@351584c0, org.springframework.boot.test.autoconfigure.properties.PropertyMappingContextCustomizer@468a4a50, org.springframework.boot.test.autoconfigure.web.servlet.WebDriverContextCustomizerFactory$Customizer@611df6e3, [ImportsContextCustomizer@75e32c4c key = [me.lsh.javacrawler.domain.event.competition.TestJPAConfig, org.springframework.boot.autoconfigure.cache.CacheAutoConfiguration, org.springframework.boot.autoconfigure.data.jpa.JpaRepositoriesAutoConfiguration, org.springframework.boot.autoconfigure.flyway.FlywayAutoConfiguration, org.springframework.boot.autoconfigure.jdbc.DataSourceAutoConfiguration, org.springframework.boot.autoconfigure.jdbc.DataSourceTransactionManagerAutoConfiguration, org.springframework.boot.autoconfigure.jdbc.JdbcTemplateAutoConfiguration, org.springframework.boot.autoconfigure.liquibase.LiquibaseAutoConfiguration, org.springframework.boot.autoconfigure.orm.jpa.HibernateJpaAutoConfiguration, org.springframework.boot.autoconfigure.sql.init.SqlInitializationAutoConfiguration, org.springframework.boot.autoconfigure.transaction.TransactionAutoConfiguration, org.springframework.boot.test.autoconfigure.jdbc.TestDatabaseAutoConfiguration, org.springframework.boot.test.autoconfigure.orm.jpa.TestEntityManagerAutoConfiguration]], org.springframework.boot.test.context.filter.ExcludeFilterContextCustomizer@5d465e4b, org.springframework.boot.test.json.DuplicateJsonObjectContextCustomizerFactory$DuplicateJsonObjectContextCustomizer@117e0fe5, org.springframework.boot.test.mock.mockito.MockitoContextCustomizer@0, org.springframework.boot.test.context.SpringBootTestArgs@1, org.springframework.boot.test.context.SpringBootTestWebEnvironment@0], contextLoader = 'org.springframework.boot.test.context.SpringBootContextLoader', parent = [null]], attributes = map['org.springframework.test.context.event.ApplicationEventsTestExecutionListener.recordApplicationEvents' -> false]]
2023-06-04 05:59:19.578  INFO 60544 --- [    Test worker] o.s.t.c.transaction.TransactionContext   : Began transaction (1) for test context [DefaultTestContext@7da43bda testClass = CompetitionRepositoryTest, testInstance = me.lsh.javacrawler.domain.event.competition.CompetitionRepositoryTest@27523869, testMethod = 행사_참여대상_청소년_직장인@CompetitionRepositoryTest, testException = [null], mergedContextConfiguration = [MergedContextConfiguration@58c7bb01 testClass = CompetitionRepositoryTest, locations = '{}', classes = '{class me.lsh.javacrawler.JavaCrawlerApplication}', contextInitializerClasses = '[]', activeProfiles = '{test}', propertySourceLocations = '{}', propertySourceProperties = '{org.springframework.boot.test.autoconfigure.orm.jpa.DataJpaTestContextBootstrapper=true}', contextCustomizers = set[org.springframework.boot.test.autoconfigure.OverrideAutoConfigurationContextCustomizerFactory$DisableAutoConfigurationContextCustomizer@35e79be0, org.springframework.boot.test.autoconfigure.actuate.metrics.MetricsExportContextCustomizerFactory$DisableMetricExportContextCustomizer@6326d182, org.springframework.boot.test.autoconfigure.filter.TypeExcludeFiltersContextCustomizer@351584c0, org.springframework.boot.test.autoconfigure.properties.PropertyMappingContextCustomizer@468a4a50, org.springframework.boot.test.autoconfigure.web.servlet.WebDriverContextCustomizerFactory$Customizer@611df6e3, [ImportsContextCustomizer@75e32c4c key = [me.lsh.javacrawler.domain.event.competition.TestJPAConfig, org.springframework.boot.autoconfigure.cache.CacheAutoConfiguration, org.springframework.boot.autoconfigure.data.jpa.JpaRepositoriesAutoConfiguration, org.springframework.boot.autoconfigure.flyway.FlywayAutoConfiguration, org.springframework.boot.autoconfigure.jdbc.DataSourceAutoConfiguration, org.springframework.boot.autoconfigure.jdbc.DataSourceTransactionManagerAutoConfiguration, org.springframework.boot.autoconfigure.jdbc.JdbcTemplateAutoConfiguration, org.springframework.boot.autoconfigure.liquibase.LiquibaseAutoConfiguration, org.springframework.boot.autoconfigure.orm.jpa.HibernateJpaAutoConfiguration, org.springframework.boot.autoconfigure.sql.init.SqlInitializationAutoConfiguration, org.springframework.boot.autoconfigure.transaction.TransactionAutoConfiguration, org.springframework.boot.test.autoconfigure.jdbc.TestDatabaseAutoConfiguration, org.springframework.boot.test.autoconfigure.orm.jpa.TestEntityManagerAutoConfiguration]], org.springframework.boot.test.context.filter.ExcludeFilterContextCustomizer@5d465e4b, org.springframework.boot.test.json.DuplicateJsonObjectContextCustomizerFactory$DuplicateJsonObjectContextCustomizer@117e0fe5, org.springframework.boot.test.mock.mockito.MockitoContextCustomizer@0, org.springframework.boot.test.context.SpringBootTestArgs@1, org.springframework.boot.test.context.SpringBootTestWebEnvironment@0], contextLoader = 'org.springframework.boot.test.context.SpringBootContextLoader', parent = [null]], attributes = map['org.springframework.test.context.event.ApplicationEventsTestExecutionListener.recordApplicationEvents' -> false]]; transaction manager [org.springframework.orm.jpa.JpaTransactionManager@5a530836]; rollback [true]
Hibernate: insert into event (event_id, created_at, last_modified_at, bookmark_count, content, event_type, expired_at, organizer, original_link, provider, started_at, status, thumbnail, title, view_count, dtype) values (default, ?, ?, ?, ?, ?, ?, ?, ?, ?, ?, ?, ?, ?, ?, 'c')
Hibernate: insert into competition (award_amount, award_scale, page_id, event_id) values (?, ?, ?, ?)
Hibernate: insert into event (event_id, created_at, last_modified_at, bookmark_count, content, event_type, expired_at, organizer, original_link, provider, started_at, status, thumbnail, title, view_count, dtype) values (default, ?, ?, ?, ?, ?, ?, ?, ?, ?, ?, ?, ?, ?, ?, 'c')
Hibernate: insert into competition (award_amount, award_scale, page_id, event_id) values (?, ?, ?, ?)
Hibernate: insert into event (event_id, created_at, last_modified_at, bookmark_count, content, event_type, expired_at, organizer, original_link, provider, started_at, status, thumbnail, title, view_count, dtype) values (default, ?, ?, ?, ?, ?, ?, ?, ?, ?, ?, ?, ?, ?, ?, 'c')
Hibernate: insert into competition (award_amount, award_scale, page_id, event_id) values (?, ?, ?, ?)
Hibernate: insert into event (event_id, created_at, last_modified_at, bookmark_count, content, event_type, expired_at, organizer, original_link, provider, started_at, status, thumbnail, title, view_count, dtype) values (default, ?, ?, ?, ?, ?, ?, ?, ?, ?, ?, ?, ?, ?, ?, 'c')
Hibernate: insert into competition (award_amount, award_scale, page_id, event_id) values (?, ?, ?, ?)
Hibernate: insert into event_applicants (event_id, applicants) values (?, ?)
Hibernate: insert into event_applicants (event_id, applicants) values (?, ?)
Hibernate: insert into event_applicants (event_id, applicants) values (?, ?)
Hibernate: insert into event_applicants (event_id, applicants) values (?, ?)
Hibernate: insert into event_applicants (event_id, applicants) values (?, ?)
Hibernate: select competitio0_.event_id as event_id2_3_, competitio0_1_.created_at as created_3_3_, competitio0_1_.last_modified_at as last_mod4_3_, competitio0_1_.bookmark_count as bookmark5_3_, competitio0_1_.content as content6_3_, competitio0_1_.event_type as event_ty7_3_, competitio0_1_.expired_at as expired_8_3_, competitio0_1_.organizer as organize9_3_, competitio0_1_.original_link as origina10_3_, competitio0_1_.provider as provide11_3_, competitio0_1_.started_at as started12_3_, competitio0_1_.status as status13_3_, competitio0_1_.thumbnail as thumbna14_3_, competitio0_1_.title as title15_3_, competitio0_1_.view_count as view_co16_3_, competitio0_.award_amount as award_am1_1_, competitio0_.award_scale as award_sc2_1_, competitio0_.page_id as page_id3_1_ from competition competitio0_ inner join event competitio0_1_ on competitio0_.event_id=competitio0_1_.event_id where exists (select 1 from competition competitio1_ inner join event_applicants applicants2_ on competitio1_.event_id=applicants2_.event_id where competitio1_.event_id=competitio0_.event_id and (applicants2_.applicants in (? , ?))) order by competitio0_.page_id desc limit ? offset ?
Hibernate: select count(competitio0_.event_id) as col_0_0_ from competition competitio0_ where exists (select 1 from competition competitio1_ inner join event_applicants applicants2_ on competitio1_.event_id=applicants2_.event_id where competitio1_.event_id=competitio0_.event_id and (applicants2_.applicants in (? , ?)))
2023-06-04 05:59:19.621  INFO 60544 --- [    Test worker] o.s.t.c.transaction.TransactionContext   : Rolled back transaction for test: [DefaultTestContext@7da43bda testClass = CompetitionRepositoryTest, testInstance = me.lsh.javacrawler.domain.event.competition.CompetitionRepositoryTest@27523869, testMethod = 행사_참여대상_청소년_직장인@CompetitionRepositoryTest, testException = [null], mergedContextConfiguration = [MergedContextConfiguration@58c7bb01 testClass = CompetitionRepositoryTest, locations = '{}', classes = '{class me.lsh.javacrawler.JavaCrawlerApplication}', contextInitializerClasses = '[]', activeProfiles = '{test}', propertySourceLocations = '{}', propertySourceProperties = '{org.springframework.boot.test.autoconfigure.orm.jpa.DataJpaTestContextBootstrapper=true}', contextCustomizers = set[org.springframework.boot.test.autoconfigure.OverrideAutoConfigurationContextCustomizerFactory$DisableAutoConfigurationContextCustomizer@35e79be0, org.springframework.boot.test.autoconfigure.actuate.metrics.MetricsExportContextCustomizerFactory$DisableMetricExportContextCustomizer@6326d182, org.springframework.boot.test.autoconfigure.filter.TypeExcludeFiltersContextCustomizer@351584c0, org.springframework.boot.test.autoconfigure.properties.PropertyMappingContextCustomizer@468a4a50, org.springframework.boot.test.autoconfigure.web.servlet.WebDriverContextCustomizerFactory$Customizer@611df6e3, [ImportsContextCustomizer@75e32c4c key = [me.lsh.javacrawler.domain.event.competition.TestJPAConfig, org.springframework.boot.autoconfigure.cache.CacheAutoConfiguration, org.springframework.boot.autoconfigure.data.jpa.JpaRepositoriesAutoConfiguration, org.springframework.boot.autoconfigure.flyway.FlywayAutoConfiguration, org.springframework.boot.autoconfigure.jdbc.DataSourceAutoConfiguration, org.springframework.boot.autoconfigure.jdbc.DataSourceTransactionManagerAutoConfiguration, org.springframework.boot.autoconfigure.jdbc.JdbcTemplateAutoConfiguration, org.springframework.boot.autoconfigure.liquibase.LiquibaseAutoConfiguration, org.springframework.boot.autoconfigure.orm.jpa.HibernateJpaAutoConfiguration, org.springframework.boot.autoconfigure.sql.init.SqlInitializationAutoConfiguration, org.springframework.boot.autoconfigure.transaction.TransactionAutoConfiguration, org.springframework.boot.test.autoconfigure.jdbc.TestDatabaseAutoConfiguration, org.springframework.boot.test.autoconfigure.orm.jpa.TestEntityManagerAutoConfiguration]], org.springframework.boot.test.context.filter.ExcludeFilterContextCustomizer@5d465e4b, org.springframework.boot.test.json.DuplicateJsonObjectContextCustomizerFactory$DuplicateJsonObjectContextCustomizer@117e0fe5, org.springframework.boot.test.mock.mockito.MockitoContextCustomizer@0, org.springframework.boot.test.context.SpringBootTestArgs@1, org.springframework.boot.test.context.SpringBootTestWebEnvironment@0], contextLoader = 'org.springframework.boot.test.context.SpringBootContextLoader', parent = [null]], attributes = map['org.springframework.test.context.event.ApplicationEventsTestExecutionListener.recordApplicationEvents' -> false]]
2023-06-04 05:59:19.623  INFO 60544 --- [    Test worker] o.s.t.c.transaction.TransactionContext   : Began transaction (1) for test context [DefaultTestContext@7da43bda testClass = CompetitionRepositoryTest, testInstance = me.lsh.javacrawler.domain.event.competition.CompetitionRepositoryTest@503f5382, testMethod = 행사_저장@CompetitionRepositoryTest, testException = [null], mergedContextConfiguration = [MergedContextConfiguration@58c7bb01 testClass = CompetitionRepositoryTest, locations = '{}', classes = '{class me.lsh.javacrawler.JavaCrawlerApplication}', contextInitializerClasses = '[]', activeProfiles = '{test}', propertySourceLocations = '{}', propertySourceProperties = '{org.springframework.boot.test.autoconfigure.orm.jpa.DataJpaTestContextBootstrapper=true}', contextCustomizers = set[org.springframework.boot.test.autoconfigure.OverrideAutoConfigurationContextCustomizerFactory$DisableAutoConfigurationContextCustomizer@35e79be0, org.springframework.boot.test.autoconfigure.actuate.metrics.MetricsExportContextCustomizerFactory$DisableMetricExportContextCustomizer@6326d182, org.springframework.boot.test.autoconfigure.filter.TypeExcludeFiltersContextCustomizer@351584c0, org.springframework.boot.test.autoconfigure.properties.PropertyMappingContextCustomizer@468a4a50, org.springframework.boot.test.autoconfigure.web.servlet.WebDriverContextCustomizerFactory$Customizer@611df6e3, [ImportsContextCustomizer@75e32c4c key = [me.lsh.javacrawler.domain.event.competition.TestJPAConfig, org.springframework.boot.autoconfigure.cache.CacheAutoConfiguration, org.springframework.boot.autoconfigure.data.jpa.JpaRepositoriesAutoConfiguration, org.springframework.boot.autoconfigure.flyway.FlywayAutoConfiguration, org.springframework.boot.autoconfigure.jdbc.DataSourceAutoConfiguration, org.springframework.boot.autoconfigure.jdbc.DataSourceTransactionManagerAutoConfiguration, org.springframework.boot.autoconfigure.jdbc.JdbcTemplateAutoConfiguration, org.springframework.boot.autoconfigure.liquibase.LiquibaseAutoConfiguration, org.springframework.boot.autoconfigure.orm.jpa.HibernateJpaAutoConfiguration, org.springframework.boot.autoconfigure.sql.init.SqlInitializationAutoConfiguration, org.springframework.boot.autoconfigure.transaction.TransactionAutoConfiguration, org.springframework.boot.test.autoconfigure.jdbc.TestDatabaseAutoConfiguration, org.springframework.boot.test.autoconfigure.orm.jpa.TestEntityManagerAutoConfiguration]], org.springframework.boot.test.context.filter.ExcludeFilterContextCustomizer@5d465e4b, org.springframework.boot.test.json.DuplicateJsonObjectContextCustomizerFactory$DuplicateJsonObjectContextCustomizer@117e0fe5, org.springframework.boot.test.mock.mockito.MockitoContextCustomizer@0, org.springframework.boot.test.context.SpringBootTestArgs@1, org.springframework.boot.test.context.SpringBootTestWebEnvironment@0], contextLoader = 'org.springframework.boot.test.context.SpringBootContextLoader', parent = [null]], attributes = map['org.springframework.test.context.event.ApplicationEventsTestExecutionListener.recordApplicationEvents' -> false]]; transaction manager [org.springframework.orm.jpa.JpaTransactionManager@5a530836]; rollback [true]
Hibernate: insert into event (event_id, created_at, last_modified_at, bookmark_count, content, event_type, expired_at, organizer, original_link, provider, started_at, status, thumbnail, title, view_count, dtype) values (default, ?, ?, ?, ?, ?, ?, ?, ?, ?, ?, ?, ?, ?, ?, 'c')
Hibernate: insert into competition (award_amount, award_scale, page_id, event_id) values (?, ?, ?, ?)
2023-06-04 05:59:19.629  INFO 60544 --- [    Test worker] o.s.t.c.transaction.TransactionContext   : Rolled back transaction for test: [DefaultTestContext@7da43bda testClass = CompetitionRepositoryTest, testInstance = me.lsh.javacrawler.domain.event.competition.CompetitionRepositoryTest@503f5382, testMethod = 행사_저장@CompetitionRepositoryTest, testException = [null], mergedContextConfiguration = [MergedContextConfiguration@58c7bb01 testClass = CompetitionRepositoryTest, locations = '{}', classes = '{class me.lsh.javacrawler.JavaCrawlerApplication}', contextInitializerClasses = '[]', activeProfiles = '{test}', propertySourceLocations = '{}', propertySourceProperties = '{org.springframework.boot.test.autoconfigure.orm.jpa.DataJpaTestContextBootstrapper=true}', contextCustomizers = set[org.springframework.boot.test.autoconfigure.OverrideAutoConfigurationContextCustomizerFactory$DisableAutoConfigurationContextCustomizer@35e79be0, org.springframework.boot.test.autoconfigure.actuate.metrics.MetricsExportContextCustomizerFactory$DisableMetricExportContextCustomizer@6326d182, org.springframework.boot.test.autoconfigure.filter.TypeExcludeFiltersContextCustomizer@351584c0, org.springframework.boot.test.autoconfigure.properties.PropertyMappingContextCustomizer@468a4a50, org.springframework.boot.test.autoconfigure.web.servlet.WebDriverContextCustomizerFactory$Customizer@611df6e3, [ImportsContextCustomizer@75e32c4c key = [me.lsh.javacrawler.domain.event.competition.TestJPAConfig, org.springframework.boot.autoconfigure.cache.CacheAutoConfiguration, org.springframework.boot.autoconfigure.data.jpa.JpaRepositoriesAutoConfiguration, org.springframework.boot.autoconfigure.flyway.FlywayAutoConfiguration, org.springframework.boot.autoconfigure.jdbc.DataSourceAutoConfiguration, org.springframework.boot.autoconfigure.jdbc.DataSourceTransactionManagerAutoConfiguration, org.springframework.boot.autoconfigure.jdbc.JdbcTemplateAutoConfiguration, org.springframework.boot.autoconfigure.liquibase.LiquibaseAutoConfiguration, org.springframework.boot.autoconfigure.orm.jpa.HibernateJpaAutoConfiguration, org.springframework.boot.autoconfigure.sql.init.SqlInitializationAutoConfiguration, org.springframework.boot.autoconfigure.transaction.TransactionAutoConfiguration, org.springframework.boot.test.autoconfigure.jdbc.TestDatabaseAutoConfiguration, org.springframework.boot.test.autoconfigure.orm.jpa.TestEntityManagerAutoConfiguration]], org.springframework.boot.test.context.filter.ExcludeFilterContextCustomizer@5d465e4b, org.springframework.boot.test.json.DuplicateJsonObjectContextCustomizerFactory$DuplicateJsonObjectContextCustomizer@117e0fe5, org.springframework.boot.test.mock.mockito.MockitoContextCustomizer@0, org.springframework.boot.test.context.SpringBootTestArgs@1, org.springframework.boot.test.context.SpringBootTestWebEnvironment@0], contextLoader = 'org.springframework.boot.test.context.SpringBootContextLoader', parent = [null]], attributes = map['org.springframework.test.context.event.ApplicationEventsTestExecutionListener.recordApplicationEvents' -> false]]
2023-06-04 05:59:19.633  INFO 60544 --- [    Test worker] o.s.t.c.transaction.TransactionContext   : Began transaction (1) for test context [DefaultTestContext@7da43bda testClass = CompetitionRepositoryTest, testInstance = me.lsh.javacrawler.domain.event.competition.CompetitionRepositoryTest@485c31d7, testMethod = 행사_지금@CompetitionRepositoryTest, testException = [null], mergedContextConfiguration = [MergedContextConfiguration@58c7bb01 testClass = CompetitionRepositoryTest, locations = '{}', classes = '{class me.lsh.javacrawler.JavaCrawlerApplication}', contextInitializerClasses = '[]', activeProfiles = '{test}', propertySourceLocations = '{}', propertySourceProperties = '{org.springframework.boot.test.autoconfigure.orm.jpa.DataJpaTestContextBootstrapper=true}', contextCustomizers = set[org.springframework.boot.test.autoconfigure.OverrideAutoConfigurationContextCustomizerFactory$DisableAutoConfigurationContextCustomizer@35e79be0, org.springframework.boot.test.autoconfigure.actuate.metrics.MetricsExportContextCustomizerFactory$DisableMetricExportContextCustomizer@6326d182, org.springframework.boot.test.autoconfigure.filter.TypeExcludeFiltersContextCustomizer@351584c0, org.springframework.boot.test.autoconfigure.properties.PropertyMappingContextCustomizer@468a4a50, org.springframework.boot.test.autoconfigure.web.servlet.WebDriverContextCustomizerFactory$Customizer@611df6e3, [ImportsContextCustomizer@75e32c4c key = [me.lsh.javacrawler.domain.event.competition.TestJPAConfig, org.springframework.boot.autoconfigure.cache.CacheAutoConfiguration, org.springframework.boot.autoconfigure.data.jpa.JpaRepositoriesAutoConfiguration, org.springframework.boot.autoconfigure.flyway.FlywayAutoConfiguration, org.springframework.boot.autoconfigure.jdbc.DataSourceAutoConfiguration, org.springframework.boot.autoconfigure.jdbc.DataSourceTransactionManagerAutoConfiguration, org.springframework.boot.autoconfigure.jdbc.JdbcTemplateAutoConfiguration, org.springframework.boot.autoconfigure.liquibase.LiquibaseAutoConfiguration, org.springframework.boot.autoconfigure.orm.jpa.HibernateJpaAutoConfiguration, org.springframework.boot.autoconfigure.sql.init.SqlInitializationAutoConfiguration, org.springframework.boot.autoconfigure.transaction.TransactionAutoConfiguration, org.springframework.boot.test.autoconfigure.jdbc.TestDatabaseAutoConfiguration, org.springframework.boot.test.autoconfigure.orm.jpa.TestEntityManagerAutoConfiguration]], org.springframework.boot.test.context.filter.ExcludeFilterContextCustomizer@5d465e4b, org.springframework.boot.test.json.DuplicateJsonObjectContextCustomizerFactory$DuplicateJsonObjectContextCustomizer@117e0fe5, org.springframework.boot.test.mock.mockito.MockitoContextCustomizer@0, org.springframework.boot.test.context.SpringBootTestArgs@1, org.springframework.boot.test.context.SpringBootTestWebEnvironment@0], contextLoader = 'org.springframework.boot.test.context.SpringBootContextLoader', parent = [null]], attributes = map['org.springframework.test.context.event.ApplicationEventsTestExecutionListener.recordApplicationEvents' -> false]]; transaction manager [org.springframework.orm.jpa.JpaTransactionManager@5a530836]; rollback [true]
Hibernate: insert into event (event_id, created_at, last_modified_at, bookmark_count, content, event_type, expired_at, organizer, original_link, provider, started_at, status, thumbnail, title, view_count, dtype) values (default, ?, ?, ?, ?, ?, ?, ?, ?, ?, ?, ?, ?, ?, ?, 'c')
Hibernate: insert into competition (award_amount, award_scale, page_id, event_id) values (?, ?, ?, ?)
Hibernate: select competitio0_.event_id as event_id2_3_, competitio0_1_.created_at as created_3_3_, competitio0_1_.last_modified_at as last_mod4_3_, competitio0_1_.bookmark_count as bookmark5_3_, competitio0_1_.content as content6_3_, competitio0_1_.event_type as event_ty7_3_, competitio0_1_.expired_at as expired_8_3_, competitio0_1_.organizer as organize9_3_, competitio0_1_.original_link as origina10_3_, competitio0_1_.provider as provide11_3_, competitio0_1_.started_at as started12_3_, competitio0_1_.status as status13_3_, competitio0_1_.thumbnail as thumbna14_3_, competitio0_1_.title as title15_3_, competitio0_1_.view_count as view_co16_3_, competitio0_.award_amount as award_am1_1_, competitio0_.award_scale as award_sc2_1_, competitio0_.page_id as page_id3_1_ from competition competitio0_ inner join event competitio0_1_ on competitio0_.event_id=competitio0_1_.event_id where competitio0_1_.started_at<=? and competitio0_1_.expired_at>=? and competitio0_1_.started_at<? order by competitio0_.page_id desc limit ? offset ?
Hibernate: select count(competitio0_.event_id) as col_0_0_ from competition competitio0_ inner join event competitio0_1_ on competitio0_.event_id=competitio0_1_.event_id where competitio0_1_.started_at<=? and competitio0_1_.expired_at>=? and competitio0_1_.started_at<?
2023-06-04 05:59:19.643  INFO 60544 --- [    Test worker] o.s.t.c.transaction.TransactionContext   : Rolled back transaction for test: [DefaultTestContext@7da43bda testClass = CompetitionRepositoryTest, testInstance = me.lsh.javacrawler.domain.event.competition.CompetitionRepositoryTest@485c31d7, testMethod = 행사_지금@CompetitionRepositoryTest, testException = [null], mergedContextConfiguration = [MergedContextConfiguration@58c7bb01 testClass = CompetitionRepositoryTest, locations = '{}', classes = '{class me.lsh.javacrawler.JavaCrawlerApplication}', contextInitializerClasses = '[]', activeProfiles = '{test}', propertySourceLocations = '{}', propertySourceProperties = '{org.springframework.boot.test.autoconfigure.orm.jpa.DataJpaTestContextBootstrapper=true}', contextCustomizers = set[org.springframework.boot.test.autoconfigure.OverrideAutoConfigurationContextCustomizerFactory$DisableAutoConfigurationContextCustomizer@35e79be0, org.springframework.boot.test.autoconfigure.actuate.metrics.MetricsExportContextCustomizerFactory$DisableMetricExportContextCustomizer@6326d182, org.springframework.boot.test.autoconfigure.filter.TypeExcludeFiltersContextCustomizer@351584c0, org.springframework.boot.test.autoconfigure.properties.PropertyMappingContextCustomizer@468a4a50, org.springframework.boot.test.autoconfigure.web.servlet.WebDriverContextCustomizerFactory$Customizer@611df6e3, [ImportsContextCustomizer@75e32c4c key = [me.lsh.javacrawler.domain.event.competition.TestJPAConfig, org.springframework.boot.autoconfigure.cache.CacheAutoConfiguration, org.springframework.boot.autoconfigure.data.jpa.JpaRepositoriesAutoConfiguration, org.springframework.boot.autoconfigure.flyway.FlywayAutoConfiguration, org.springframework.boot.autoconfigure.jdbc.DataSourceAutoConfiguration, org.springframework.boot.autoconfigure.jdbc.DataSourceTransactionManagerAutoConfiguration, org.springframework.boot.autoconfigure.jdbc.JdbcTemplateAutoConfiguration, org.springframework.boot.autoconfigure.liquibase.LiquibaseAutoConfiguration, org.springframework.boot.autoconfigure.orm.jpa.HibernateJpaAutoConfiguration, org.springframework.boot.autoconfigure.sql.init.SqlInitializationAutoConfiguration, org.springframework.boot.autoconfigure.transaction.TransactionAutoConfiguration, org.springframework.boot.test.autoconfigure.jdbc.TestDatabaseAutoConfiguration, org.springframework.boot.test.autoconfigure.orm.jpa.TestEntityManagerAutoConfiguration]], org.springframework.boot.test.context.filter.ExcludeFilterContextCustomizer@5d465e4b, org.springframework.boot.test.json.DuplicateJsonObjectContextCustomizerFactory$DuplicateJsonObjectContextCustomizer@117e0fe5, org.springframework.boot.test.mock.mockito.MockitoContextCustomizer@0, org.springframework.boot.test.context.SpringBootTestArgs@1, org.springframework.boot.test.context.SpringBootTestWebEnvironment@0], contextLoader = 'org.springframework.boot.test.context.SpringBootContextLoader', parent = [null]], attributes = map['org.springframework.test.context.event.ApplicationEventsTestExecutionListener.recordApplicationEvents' -> false]]
2023-06-04 05:59:19.646  INFO 60544 --- [    Test worker] o.s.t.c.transaction.TransactionContext   : Began transaction (1) for test context [DefaultTestContext@7da43bda testClass = CompetitionRepositoryTest, testInstance = me.lsh.javacrawler.domain.event.competition.CompetitionRepositoryTest@47c62b8e, testMethod = 행사_참여대상_제한없음@CompetitionRepositoryTest, testException = [null], mergedContextConfiguration = [MergedContextConfiguration@58c7bb01 testClass = CompetitionRepositoryTest, locations = '{}', classes = '{class me.lsh.javacrawler.JavaCrawlerApplication}', contextInitializerClasses = '[]', activeProfiles = '{test}', propertySourceLocations = '{}', propertySourceProperties = '{org.springframework.boot.test.autoconfigure.orm.jpa.DataJpaTestContextBootstrapper=true}', contextCustomizers = set[org.springframework.boot.test.autoconfigure.OverrideAutoConfigurationContextCustomizerFactory$DisableAutoConfigurationContextCustomizer@35e79be0, org.springframework.boot.test.autoconfigure.actuate.metrics.MetricsExportContextCustomizerFactory$DisableMetricExportContextCustomizer@6326d182, org.springframework.boot.test.autoconfigure.filter.TypeExcludeFiltersContextCustomizer@351584c0, org.springframework.boot.test.autoconfigure.properties.PropertyMappingContextCustomizer@468a4a50, org.springframework.boot.test.autoconfigure.web.servlet.WebDriverContextCustomizerFactory$Customizer@611df6e3, [ImportsContextCustomizer@75e32c4c key = [me.lsh.javacrawler.domain.event.competition.TestJPAConfig, org.springframework.boot.autoconfigure.cache.CacheAutoConfiguration, org.springframework.boot.autoconfigure.data.jpa.JpaRepositoriesAutoConfiguration, org.springframework.boot.autoconfigure.flyway.FlywayAutoConfiguration, org.springframework.boot.autoconfigure.jdbc.DataSourceAutoConfiguration, org.springframework.boot.autoconfigure.jdbc.DataSourceTransactionManagerAutoConfiguration, org.springframework.boot.autoconfigure.jdbc.JdbcTemplateAutoConfiguration, org.springframework.boot.autoconfigure.liquibase.LiquibaseAutoConfiguration, org.springframework.boot.autoconfigure.orm.jpa.HibernateJpaAutoConfiguration, org.springframework.boot.autoconfigure.sql.init.SqlInitializationAutoConfiguration, org.springframework.boot.autoconfigure.transaction.TransactionAutoConfiguration, org.springframework.boot.test.autoconfigure.jdbc.TestDatabaseAutoConfiguration, org.springframework.boot.test.autoconfigure.orm.jpa.TestEntityManagerAutoConfiguration]], org.springframework.boot.test.context.filter.ExcludeFilterContextCustomizer@5d465e4b, org.springframework.boot.test.json.DuplicateJsonObjectContextCustomizerFactory$DuplicateJsonObjectContextCustomizer@117e0fe5, org.springframework.boot.test.mock.mockito.MockitoContextCustomizer@0, org.springframework.boot.test.context.SpringBootTestArgs@1, org.springframework.boot.test.context.SpringBootTestWebEnvironment@0], contextLoader = 'org.springframework.boot.test.context.SpringBootContextLoader', parent = [null]], attributes = map['org.springframework.test.context.event.ApplicationEventsTestExecutionListener.recordApplicationEvents' -> false]]; transaction manager [org.springframework.orm.jpa.JpaTransactionManager@5a530836]; rollback [true]
Hibernate: insert into event (event_id, created_at, last_modified_at, bookmark_count, content, event_type, expired_at, organizer, original_link, provider, started_at, status, thumbnail, title, view_count, dtype) values (default, ?, ?, ?, ?, ?, ?, ?, ?, ?, ?, ?, ?, ?, ?, 'c')
Hibernate: insert into competition (award_amount, award_scale, page_id, event_id) values (?, ?, ?, ?)
Hibernate: insert into event (event_id, created_at, last_modified_at, bookmark_count, content, event_type, expired_at, organizer, original_link, provider, started_at, status, thumbnail, title, view_count, dtype) values (default, ?, ?, ?, ?, ?, ?, ?, ?, ?, ?, ?, ?, ?, ?, 'c')
Hibernate: insert into competition (award_amount, award_scale, page_id, event_id) values (?, ?, ?, ?)
Hibernate: insert into event (event_id, created_at, last_modified_at, bookmark_count, content, event_type, expired_at, organizer, original_link, provider, started_at, status, thumbnail, title, view_count, dtype) values (default, ?, ?, ?, ?, ?, ?, ?, ?, ?, ?, ?, ?, ?, ?, 'c')
Hibernate: insert into competition (award_amount, award_scale, page_id, event_id) values (?, ?, ?, ?)
Hibernate: insert into event_applicants (event_id, applicants) values (?, ?)
Hibernate: insert into event_applicants (event_id, applicants) values (?, ?)
Hibernate: insert into event_applicants (event_id, applicants) values (?, ?)
Hibernate: insert into event_applicants (event_id, applicants) values (?, ?)
Hibernate: select competitio0_.event_id as event_id2_3_, competitio0_1_.created_at as created_3_3_, competitio0_1_.last_modified_at as last_mod4_3_, competitio0_1_.bookmark_count as bookmark5_3_, competitio0_1_.content as content6_3_, competitio0_1_.event_type as event_ty7_3_, competitio0_1_.expired_at as expired_8_3_, competitio0_1_.organizer as organize9_3_, competitio0_1_.original_link as origina10_3_, competitio0_1_.provider as provide11_3_, competitio0_1_.started_at as started12_3_, competitio0_1_.status as status13_3_, competitio0_1_.thumbnail as thumbna14_3_, competitio0_1_.title as title15_3_, competitio0_1_.view_count as view_co16_3_, competitio0_.award_amount as award_am1_1_, competitio0_.award_scale as award_sc2_1_, competitio0_.page_id as page_id3_1_ from competition competitio0_ inner join event competitio0_1_ on competitio0_.event_id=competitio0_1_.event_id where exists (select 1 from competition competitio1_ inner join event_applicants applicants2_ on competitio1_.event_id=applicants2_.event_id where competitio1_.event_id=competitio0_.event_id and applicants2_.applicants=?) order by competitio0_.page_id desc limit ? offset ?
Hibernate: select count(competitio0_.event_id) as col_0_0_ from competition competitio0_ where exists (select 1 from competition competitio1_ inner join event_applicants applicants2_ on competitio1_.event_id=applicants2_.event_id where competitio1_.event_id=competitio0_.event_id and applicants2_.applicants=?)
2023-06-04 05:59:19.662  INFO 60544 --- [    Test worker] o.s.t.c.transaction.TransactionContext   : Rolled back transaction for test: [DefaultTestContext@7da43bda testClass = CompetitionRepositoryTest, testInstance = me.lsh.javacrawler.domain.event.competition.CompetitionRepositoryTest@47c62b8e, testMethod = 행사_참여대상_제한없음@CompetitionRepositoryTest, testException = [null], mergedContextConfiguration = [MergedContextConfiguration@58c7bb01 testClass = CompetitionRepositoryTest, locations = '{}', classes = '{class me.lsh.javacrawler.JavaCrawlerApplication}', contextInitializerClasses = '[]', activeProfiles = '{test}', propertySourceLocations = '{}', propertySourceProperties = '{org.springframework.boot.test.autoconfigure.orm.jpa.DataJpaTestContextBootstrapper=true}', contextCustomizers = set[org.springframework.boot.test.autoconfigure.OverrideAutoConfigurationContextCustomizerFactory$DisableAutoConfigurationContextCustomizer@35e79be0, org.springframework.boot.test.autoconfigure.actuate.metrics.MetricsExportContextCustomizerFactory$DisableMetricExportContextCustomizer@6326d182, org.springframework.boot.test.autoconfigure.filter.TypeExcludeFiltersContextCustomizer@351584c0, org.springframework.boot.test.autoconfigure.properties.PropertyMappingContextCustomizer@468a4a50, org.springframework.boot.test.autoconfigure.web.servlet.WebDriverContextCustomizerFactory$Customizer@611df6e3, [ImportsContextCustomizer@75e32c4c key = [me.lsh.javacrawler.domain.event.competition.TestJPAConfig, org.springframework.boot.autoconfigure.cache.CacheAutoConfiguration, org.springframework.boot.autoconfigure.data.jpa.JpaRepositoriesAutoConfiguration, org.springframework.boot.autoconfigure.flyway.FlywayAutoConfiguration, org.springframework.boot.autoconfigure.jdbc.DataSourceAutoConfiguration, org.springframework.boot.autoconfigure.jdbc.DataSourceTransactionManagerAutoConfiguration, org.springframework.boot.autoconfigure.jdbc.JdbcTemplateAutoConfiguration, org.springframework.boot.autoconfigure.liquibase.LiquibaseAutoConfiguration, org.springframework.boot.autoconfigure.orm.jpa.HibernateJpaAutoConfiguration, org.springframework.boot.autoconfigure.sql.init.SqlInitializationAutoConfiguration, org.springframework.boot.autoconfigure.transaction.TransactionAutoConfiguration, org.springframework.boot.test.autoconfigure.jdbc.TestDatabaseAutoConfiguration, org.springframework.boot.test.autoconfigure.orm.jpa.TestEntityManagerAutoConfiguration]], org.springframework.boot.test.context.filter.ExcludeFilterContextCustomizer@5d465e4b, org.springframework.boot.test.json.DuplicateJsonObjectContextCustomizerFactory$DuplicateJsonObjectContextCustomizer@117e0fe5, org.springframework.boot.test.mock.mockito.MockitoContextCustomizer@0, org.springframework.boot.test.context.SpringBootTestArgs@1, org.springframework.boot.test.context.SpringBootTestWebEnvironment@0], contextLoader = 'org.springframework.boot.test.context.SpringBootContextLoader', parent = [null]], attributes = map['org.springframework.test.context.event.ApplicationEventsTestExecutionListener.recordApplicationEvents' -> false]]
]]></system-out>
  <system-err><![CDATA[]]></system-err>
</testsuite>
