<?xml version="1.0" encoding="UTF-8"?>
<testsuite name="me.lsh.javacrawler.parser.moim.festa.RootElementParserTest" tests="6" skipped="0" failures="0" errors="0" timestamp="2023-05-29T16:09:57" hostname="iseunghun-ui-MacBookPro.local" time="0.077">
  <properties/>
  <testcase name="유료_여부_파싱()" classname="me.lsh.javacrawler.parser.moim.festa.RootElementParserTest" time="0.025"/>
  <testcase name="주최자_파싱()" classname="me.lsh.javacrawler.parser.moim.festa.RootElementParserTest" time="0.009"/>
  <testcase name="썸네일_파싱()" classname="me.lsh.javacrawler.parser.moim.festa.RootElementParserTest" time="0.018"/>
  <testcase name="기간_파싱()" classname="me.lsh.javacrawler.parser.moim.festa.RootElementParserTest" time="0.009"/>
  <testcase name="장소_파싱()" classname="me.lsh.javacrawler.parser.moim.festa.RootElementParserTest" time="0.008"/>
  <testcase name="제목_파싱()" classname="me.lsh.javacrawler.parser.moim.festa.RootElementParserTest" time="0.008"/>
  <system-out><![CDATA[2023-05-30 01:09:54.547  INFO 89936 --- [ null to remote] o.o.selenium.remote.ProtocolHandshake    : Detected dialect: W3C
2023-05-30 01:09:54.560  WARN 89936 --- [    Test worker] o.o.selenium.devtools.CdpVersionFinder   : Unable to find an exact match for CDP version 113, so returning the closest version found: a no-op implementation
2023-05-30 01:09:54.560  INFO 89936 --- [    Test worker] o.o.selenium.devtools.CdpVersionFinder   : Unable to find CDP implementation matching 113.
2023-05-30 01:09:54.560  WARN 89936 --- [    Test worker] o.o.selenium.chromium.ChromiumDriver     : Unable to find version of CDP to use for . You may need to include a dependency on a specific version of the CDP using something similar to `org.seleniumhq.selenium:selenium-devtools-v86:4.1.4` where the version ("v86") matches the version of the chromium-based browser you're using and the version number of the artifact is the same as Selenium's.
2023-05-30 01:09:57.463  INFO 89936 --- [    Test worker] m.l.j.p.e.moim.festa.RootElementParser   : 비용 파싱 = 무료
2023-05-30 01:09:57.472  INFO 89936 --- [    Test worker] m.l.j.p.e.moim.festa.RootElementParser   : 주최기관 파싱 = 직장인상담코칭
2023-05-30 01:09:57.490  INFO 89936 --- [    Test worker] m.l.j.p.e.moim.festa.RootElementParser   : 썸네일 파싱 = https://cf.festa.io/img/2022-12-31/9db969a2-14f4-444e-96dd-87db64d46867.PNG
2023-05-30 01:09:57.500  INFO 89936 --- [    Test worker] m.l.j.p.e.moim.festa.RootElementParser   : 기간 파싱 = 2023년 12월 31일 (일) 오후 04:00 - 오후 05:00
2023-05-30 01:09:57.508  INFO 89936 --- [    Test worker] m.l.j.p.e.moim.festa.RootElementParser   : 장소 파싱 = at 서울 강남구
2023-05-30 01:09:57.515  INFO 89936 --- [    Test worker] m.l.j.p.e.moim.festa.RootElementParser   : 제목 파싱 = [무료상담] 직장인 고민상담 코칭
]]></system-out>
  <system-err><![CDATA[Starting ChromeDriver 113.0.5672.63 (0e1a4471d5ae5bf128b1bd8f4d627c8cbd55f70c-refs/branch-heads/5672@{#912}) on port 52589
Only local connections are allowed.
Please see https://chromedriver.chromium.org/security-considerations for suggestions on keeping ChromeDriver safe.
ChromeDriver was started successfully.
]]></system-err>
</testsuite>
